

Microchip Technology PIC LITE Macro Assembler V1.32 build 58300 
                                                                                               Tue Jun 26 12:46:40 2018

Microchip Technology Omniscient Code Generator (Lite mode) build 58300
     1                           	processor	16F870
     2                           	opt	pw 120
     3                           	opt	lm
     4                           	psect	maintext,global,class=CODE,split=1,delta=2
     5                           	psect	cinit,global,class=CODE,merge=1,delta=2
     6                           	psect	cstackCOMMON,global,class=COMMON,space=1,delta=1
     7                           	dabs	1,0x7E,2
     8  0000                     	;# 
     9  0001                     	;# 
    10  0002                     	;# 
    11  0003                     	;# 
    12  0004                     	;# 
    13  0005                     	;# 
    14  0006                     	;# 
    15  0007                     	;# 
    16  000A                     	;# 
    17  000B                     	;# 
    18  000C                     	;# 
    19  000D                     	;# 
    20  000E                     	;# 
    21  000E                     	;# 
    22  000F                     	;# 
    23  0010                     	;# 
    24  0011                     	;# 
    25  0012                     	;# 
    26  0015                     	;# 
    27  0015                     	;# 
    28  0016                     	;# 
    29  0017                     	;# 
    30  0018                     	;# 
    31  0019                     	;# 
    32  001A                     	;# 
    33  001E                     	;# 
    34  001F                     	;# 
    35  0081                     	;# 
    36  0085                     	;# 
    37  0086                     	;# 
    38  0087                     	;# 
    39  008C                     	;# 
    40  008D                     	;# 
    41  008E                     	;# 
    42  0092                     	;# 
    43  0098                     	;# 
    44  0099                     	;# 
    45  009E                     	;# 
    46  009F                     	;# 
    47  010C                     	;# 
    48  010D                     	;# 
    49  010E                     	;# 
    50  010F                     	;# 
    51  018C                     	;# 
    52  018D                     	;# 
    53  0006                     _PORTB	set	6
    54  0010                     _T1CON	set	16
    55  0060                     _TMR1IF	set	96
    56  0086                     _TRISB	set	134
    57                           
    58                           	psect	maintext
    59  078A                     __pmaintext:	
    60                           ; #config settings
    61                           
    62                           
    63 ;;
    64 ;;Main: autosize = 0, tempsize = 3, incstack = 0, save=0
    65 ;;
    66 ;; *************** function _main *****************
    67 ;; Defined at:
    68 ;;		line 8 in file "E:\Study Material\XC8 PROJECTS\Blink\Blink.C"
    69 ;; Parameters:    Size  Location     Type
    70 ;;		None
    71 ;; Auto vars:     Size  Location     Type
    72 ;;  count           1    0        unsigned char 
    73 ;; Return value:  Size  Location     Type
    74 ;;		None               void
    75 ;; Registers used:
    76 ;;		wreg, status,2
    77 ;; Tracked objects:
    78 ;;		On entry : 17F/0
    79 ;;		On exit  : 0/0
    80 ;;		Unchanged: 0/0
    81 ;; Data sizes:     COMMON   BANK0   BANK1
    82 ;;      Params:         0       0       0
    83 ;;      Locals:         0       0       0
    84 ;;      Temps:          3       0       0
    85 ;;      Totals:         3       0       0
    86 ;;Total ram usage:        3 bytes
    87 ;; This function calls:
    88 ;;		Nothing
    89 ;; This function is called by:
    90 ;;		Startup code after reset
    91 ;; This function uses a non-reentrant model
    92 ;;
    93  078A                     _main:	
    94                           
    95                           ;Blink.C: 11: TRISB=0x00;
    96                           
    97                           ;incstack = 0
    98                           ; Regs used in _main: [wreg+status,2]
    99  078A  1683               	bsf	3,5	;RP0=1, select bank1
   100  078B  1303               	bcf	3,6	;RP1=0, select bank1
   101  078C  0186               	clrf	6	;volatile
   102  078D                     l487:	
   103                           ;Blink.C: 12: char count;
   104                           ;Blink.C: 15: while(1)
   105                           
   106                           
   107                           ;Blink.C: 16: {
   108                           ;Blink.C: 18: PORTB = 0xFF;
   109  078D  30FF               	movlw	255
   110  078E  1283               	bcf	3,5	;RP0=0, select bank0
   111  078F  1303               	bcf	3,6	;RP1=0, select bank0
   112  0790  0086               	movwf	6	;volatile
   113                           
   114                           ;Blink.C: 19: _delay(250000);
   115  0791  3002               	movlw	2
   116  0792  00F2               	movwf	??_main+2
   117  0793  3045               	movlw	69
   118  0794  00F1               	movwf	??_main+1
   119  0795  30A9               	movlw	169
   120  0796  00F0               	movwf	??_main
   121  0797                     u47:	
   122  0797  0BF0               	decfsz	??_main,f
   123  0798  2F97               	goto	u47
   124  0799  0BF1               	decfsz	??_main+1,f
   125  079A  2F97               	goto	u47
   126  079B  0BF2               	decfsz	??_main+2,f
   127  079C  2F97               	goto	u47
   128  079D  2F9E               	nop2
   129                           
   130                           ;Blink.C: 20: PORTB = 0x00;
   131  079E  1283               	bcf	3,5	;RP0=0, select bank0
   132  079F  1303               	bcf	3,6	;RP1=0, select bank0
   133  07A0  0186               	clrf	6	;volatile
   134                           
   135                           ;Blink.C: 21: _delay(250000);
   136  07A1  3002               	movlw	2
   137  07A2  00F2               	movwf	??_main+2
   138  07A3  3045               	movlw	69
   139  07A4  00F1               	movwf	??_main+1
   140  07A5  30A9               	movlw	169
   141  07A6  00F0               	movwf	??_main
   142  07A7                     u57:	
   143  07A7  0BF0               	decfsz	??_main,f
   144  07A8  2FA7               	goto	u57
   145  07A9  0BF1               	decfsz	??_main+1,f
   146  07AA  2FA7               	goto	u57
   147  07AB  0BF2               	decfsz	??_main+2,f
   148  07AC  2FA7               	goto	u57
   149  07AD  2FAE               	nop2
   150                           
   151                           ;Blink.C: 23: PORTB = 0xFF;
   152  07AE  30FF               	movlw	255
   153  07AF  1283               	bcf	3,5	;RP0=0, select bank0
   154  07B0  1303               	bcf	3,6	;RP1=0, select bank0
   155  07B1  0086               	movwf	6	;volatile
   156                           
   157                           ;Blink.C: 24: _delay(250000);
   158  07B2  3002               	movlw	2
   159  07B3  00F2               	movwf	??_main+2
   160  07B4  3045               	movlw	69
   161  07B5  00F1               	movwf	??_main+1
   162  07B6  30A9               	movlw	169
   163  07B7  00F0               	movwf	??_main
   164  07B8                     u67:	
   165  07B8  0BF0               	decfsz	??_main,f
   166  07B9  2FB8               	goto	u67
   167  07BA  0BF1               	decfsz	??_main+1,f
   168  07BB  2FB8               	goto	u67
   169  07BC  0BF2               	decfsz	??_main+2,f
   170  07BD  2FB8               	goto	u67
   171  07BE  2FBF               	nop2
   172                           
   173                           ;Blink.C: 25: PORTB = 0x00;
   174  07BF  1283               	bcf	3,5	;RP0=0, select bank0
   175  07C0  1303               	bcf	3,6	;RP1=0, select bank0
   176  07C1  0186               	clrf	6	;volatile
   177                           
   178                           ;Blink.C: 26: _delay(250000);
   179  07C2  3002               	movlw	2
   180  07C3  00F2               	movwf	??_main+2
   181  07C4  3045               	movlw	69
   182  07C5  00F1               	movwf	??_main+1
   183  07C6  30A9               	movlw	169
   184  07C7  00F0               	movwf	??_main
   185  07C8                     u77:	
   186  07C8  0BF0               	decfsz	??_main,f
   187  07C9  2FC8               	goto	u77
   188  07CA  0BF1               	decfsz	??_main+1,f
   189  07CB  2FC8               	goto	u77
   190  07CC  0BF2               	decfsz	??_main+2,f
   191  07CD  2FC8               	goto	u77
   192  07CE  2FCF               	nop2
   193                           
   194                           ;Blink.C: 28: PORTB = 0xFF;
   195  07CF  30FF               	movlw	255
   196  07D0  1283               	bcf	3,5	;RP0=0, select bank0
   197  07D1  1303               	bcf	3,6	;RP1=0, select bank0
   198  07D2  0086               	movwf	6	;volatile
   199                           
   200                           ;Blink.C: 29: _delay(250000);
   201  07D3  3002               	movlw	2
   202  07D4  00F2               	movwf	??_main+2
   203  07D5  3045               	movlw	69
   204  07D6  00F1               	movwf	??_main+1
   205  07D7  30A9               	movlw	169
   206  07D8  00F0               	movwf	??_main
   207  07D9                     u87:	
   208  07D9  0BF0               	decfsz	??_main,f
   209  07DA  2FD9               	goto	u87
   210  07DB  0BF1               	decfsz	??_main+1,f
   211  07DC  2FD9               	goto	u87
   212  07DD  0BF2               	decfsz	??_main+2,f
   213  07DE  2FD9               	goto	u87
   214  07DF  2FE0               	nop2
   215                           
   216                           ;Blink.C: 30: PORTB = 0x00;
   217  07E0  1283               	bcf	3,5	;RP0=0, select bank0
   218  07E1  1303               	bcf	3,6	;RP1=0, select bank0
   219  07E2  0186               	clrf	6	;volatile
   220                           
   221                           ;Blink.C: 31: _delay(250000);
   222  07E3  3002               	movlw	2
   223  07E4  00F2               	movwf	??_main+2
   224  07E5  3045               	movlw	69
   225  07E6  00F1               	movwf	??_main+1
   226  07E7  30A9               	movlw	169
   227  07E8  00F0               	movwf	??_main
   228  07E9                     u97:	
   229  07E9  0BF0               	decfsz	??_main,f
   230  07EA  2FE9               	goto	u97
   231  07EB  0BF1               	decfsz	??_main+1,f
   232  07EC  2FE9               	goto	u97
   233  07ED  0BF2               	decfsz	??_main+2,f
   234  07EE  2FE9               	goto	u97
   235  07EF  2FF0               	nop2
   236                           
   237                           ;Blink.C: 33: _delay(1000000);
   238  07F0  3006               	movlw	6
   239  07F1  00F2               	movwf	??_main+2
   240  07F2  3013               	movlw	19
   241  07F3  00F1               	movwf	??_main+1
   242  07F4  30B1               	movlw	177
   243  07F5  00F0               	movwf	??_main
   244  07F6                     u107:	
   245  07F6  0BF0               	decfsz	??_main,f
   246  07F7  2FF6               	goto	u107
   247  07F8  0BF1               	decfsz	??_main+1,f
   248  07F9  2FF6               	goto	u107
   249  07FA  0BF2               	decfsz	??_main+2,f
   250  07FB  2FF6               	goto	u107
   251  07FC  2FFD               	nop2
   252  07FD  2F8D               	goto	l487
   253  07FE                     __end_of_main:	
   254  007E                     btemp	set	126	;btemp
   255  007E                     wtemp	set	126
   256  007E                     wtemp0	set	126
   257  0080                     wtemp1	set	128
   258  0082                     wtemp2	set	130
   259  0084                     wtemp3	set	132
   260  0086                     wtemp4	set	134
   261  0088                     wtemp5	set	136
   262  007F                     wtemp6	set	127
   263  007E                     ttemp	set	126
   264  007E                     ttemp0	set	126
   265  0081                     ttemp1	set	129
   266  0084                     ttemp2	set	132
   267  0087                     ttemp3	set	135
   268  007F                     ttemp4	set	127
   269  007E                     ltemp	set	126
   270  007E                     ltemp0	set	126
   271  0082                     ltemp1	set	130
   272  0086                     ltemp2	set	134
   273  0080                     ltemp3	set	128
   274                           
   275                           	psect	cinit
   276  07FE                     start_initialization:	
   277                           ;psect for function _main
   278                           
   279  07FE                     __initialization:	
   280  07FE                     end_of_initialization:	
   281                           ;End of C runtime variable initialization code
   282                           
   283  07FE                     __end_of__initialization:	
   284  07FE  0183               	clrf	3
   285  07FF  2F8A               	ljmp	_main	;jump to C main() function
   286                           
   287                           	psect	cstackCOMMON
   288  0070                     __pcstackCOMMON:	
   289  0070                     ?_main:	
   290  0070                     ??_main:	
   291                           ; 0 bytes @ 0x0
   292                           
   293                           
   294                           ; 0 bytes @ 0x0
   295  0070                     	ds	3


Data Sizes:
    Strings     0
    Constant    0
    Data        0
    BSS         0
    Persistent  0
    Stack       0

Auto Spaces:
    Space          Size  Autos    Used
    COMMON           14      3       3
    BANK0            80      0       0
    BANK1            32      0       0

Pointer List with Targets:

    None.

Critical Paths under _main in COMMON

    None.

Critical Paths under _main in BANK0

    None.

Critical Paths under _main in BANK1

    None.

Call Graph Tables:

 ---------------------------------------------------------------------------------
 (Depth) Function   	        Calls       Base Space   Used Autos Params    Refs
 ---------------------------------------------------------------------------------
 (0) _main                                                 4     4      0       0
                                              0 COMMON     3     3      0
 ---------------------------------------------------------------------------------
 Estimated maximum stack depth 0
 ---------------------------------------------------------------------------------

 Call Graph Graphs:

 _main (ROOT)

 Address spaces:
Name               Size   Autos  Total    Cost      Usage
BITCOMMON            E      0       0       0        0.0%
EEDATA              40      0       0       0        0.0%
NULL                 0      0       0       0        0.0%
CODE                 0      0       0       0        0.0%
COMMON               E      3       3       1       21.4%
BITSFR0              0      0       0       1        0.0%
SFR0                 0      0       0       1        0.0%
BITSFR1              0      0       0       2        0.0%
SFR1                 0      0       0       2        0.0%
STACK                0      0       0       2        0.0%
ABS                  0      0       0       3        0.0%
BITBANK0            50      0       0       4        0.0%
BITSFR3              0      0       0       4        0.0%
SFR3                 0      0       0       4        0.0%
BANK0               50      0       0       5        0.0%
BITSFR2              0      0       0       5        0.0%
SFR2                 0      0       0       5        0.0%
BITBANK1            20      0       0       6        0.0%
BANK1               20      0       0       7        0.0%
DATA                 0      0       0       8        0.0%


Microchip Technology PIC Macro Assembler V1.32 build 58300 
Symbol Table                                                                                   Tue Jun 26 12:46:40 2018

                     u47 0797                       u57 07A7                       u67 07B8  
                     u77 07C8                       u87 07D9                       u97 07E9  
                    l487 078D                      u107 07F6                     _main 078A  
                   btemp 007E                     ltemp 007E                     start 0000  
                   ttemp 007E                     wtemp 007E                    ?_main 0070  
                  _T1CON 0010                    _PORTB 0006                    _TRISB 0086  
                  ltemp0 007E                    ltemp1 0082                    ltemp2 0086  
                  ltemp3 0080                    ttemp0 007E                    ttemp1 0081  
                  ttemp2 0084                    ttemp3 0087                    ttemp4 007F  
                  status 0003                    wtemp0 007E                    wtemp1 0080  
                  wtemp2 0082                    wtemp3 0084                    wtemp4 0086  
                  wtemp5 0088                    wtemp6 007F          __initialization 07FE  
           __end_of_main 07FE                   ??_main 0070                   _TMR1IF 0060  
__end_of__initialization 07FE           __pcstackCOMMON 0070               __pmaintext 078A  
   end_of_initialization 07FE      start_initialization 07FE                ___latbits 0000  
          __size_of_main 0074  
