

Microchip Technology PIC LITE Macro Assembler V1.32 build 58300 
                                                                                               Tue Jun 16 13:11:25 2015

Microchip Technology Omniscient Code Generator (Lite mode) build 58300
     1                           	processor	16F870
     2                           	opt	pw 120
     3                           	opt	lm
     4                           	psect	text0,local,class=CODE,merge=1,delta=2
     5                           	psect	cinit,global,class=CODE,merge=1,delta=2
     6                           	psect	bssCOMMON,global,class=COMMON,space=1,delta=1
     7                           	psect	cstackCOMMON,global,class=COMMON,space=1,delta=1
     8                           	psect	maintext,global,class=CODE,split=1,delta=2
     9                           	psect	text1,local,class=CODE,merge=1,delta=2
    10                           	dabs	1,0x7E,2
    11  0000                     	;# 
    12  0001                     	;# 
    13  0002                     	;# 
    14  0003                     	;# 
    15  0004                     	;# 
    16  0005                     	;# 
    17  0006                     	;# 
    18  0007                     	;# 
    19  000A                     	;# 
    20  000B                     	;# 
    21  000C                     	;# 
    22  000D                     	;# 
    23  000E                     	;# 
    24  000E                     	;# 
    25  000F                     	;# 
    26  0010                     	;# 
    27  0011                     	;# 
    28  0012                     	;# 
    29  0015                     	;# 
    30  0015                     	;# 
    31  0016                     	;# 
    32  0017                     	;# 
    33  0018                     	;# 
    34  0019                     	;# 
    35  001A                     	;# 
    36  001E                     	;# 
    37  001F                     	;# 
    38  0081                     	;# 
    39  0085                     	;# 
    40  0086                     	;# 
    41  0087                     	;# 
    42  008C                     	;# 
    43  008D                     	;# 
    44  008E                     	;# 
    45  0092                     	;# 
    46  0098                     	;# 
    47  0099                     	;# 
    48  009E                     	;# 
    49  009F                     	;# 
    50  010C                     	;# 
    51  010D                     	;# 
    52  010E                     	;# 
    53  010F                     	;# 
    54  018C                     	;# 
    55  018D                     	;# 
    56  0005                     _PORTA	set	5
    57  0006                     _PORTB	set	6
    58  0007                     _PORTC	set	7
    59  0029                     _RA1	set	41
    60  002A                     _RA2	set	42
    61  002B                     _RA3	set	43
    62  002D                     _RA5	set	45
    63  0031                     _RB1	set	49
    64  0032                     _RB2	set	50
    65  0033                     _RB3	set	51
    66  0034                     _RB4	set	52
    67  003C                     _RC4	set	60
    68  003D                     _RC5	set	61
    69  009F                     _ADCON1	set	159
    70  0085                     _TRISA	set	133
    71  0086                     _TRISB	set	134
    72  0087                     _TRISC	set	135
    73                           
    74                           	psect	text0
    75  0000                     __ptext0:	
    76                           ; #config settings
    77                           
    78                           
    79                           	psect	cinit
    80  07F6                     start_initialization:	
    81                           ;psect for function _level_check
    82                           
    83  07F6                     __initialization:	
    84                           
    85                           ; Clear objects allocated to COMMON
    86  07F6  01F0               	clrf	__pbssCOMMON& (0+127)
    87  07F7  01F1               	clrf	(__pbssCOMMON+1)& (0+127)
    88  07F8  01F2               	clrf	(__pbssCOMMON+2)& (0+127)
    89  07F9  01F3               	clrf	(__pbssCOMMON+3)& (0+127)
    90  07FA  01F4               	clrf	(__pbssCOMMON+4)& (0+127)
    91  07FB  01F5               	clrf	(__pbssCOMMON+5)& (0+127)
    92  07FC  01F6               	clrf	(__pbssCOMMON+6)& (0+127)
    93  07FD  01F7               	clrf	(__pbssCOMMON+7)& (0+127)
    94  07FE                     end_of_initialization:	
    95                           ;End of C runtime variable initialization code
    96                           
    97  07FE                     __end_of__initialization:	
    98  07FE  0183               	clrf	3
    99  07FF  2F13               	ljmp	_main	;jump to C main() function
   100                           
   101                           	psect	bssCOMMON
   102  0070                     __pbssCOMMON:	
   103  0070                     _count:	
   104  0070                     	ds	1
   105  0071                     _dry_run:	
   106  0071                     	ds	1
   107  0072                     _ll:	
   108  0072                     	ds	1
   109  0073                     _lp_flag:	
   110  0073                     	ds	1
   111  0074                     _lu:	
   112  0074                     	ds	1
   113  0075                     _motor_flag:	
   114  0075                     	ds	1
   115  0076                     _ul:	
   116  0076                     	ds	1
   117  0077                     _uu:	
   118  0077                     	ds	1
   119                           
   120                           	psect	cstackCOMMON
   121  0078                     __pcstackCOMMON:	
   122  0078                     ??_level_check:	
   123  0078                     ?_main:	
   124                           ; 0 bytes @ 0x0
   125                           
   126  0078                     ?_level_check:	
   127                           ; 0 bytes @ 0x0
   128                           
   129                           
   130                           ; 1 bytes @ 0x0
   131  0078                     	ds	1
   132  0079                     ??_main:	
   133                           
   134                           ; 0 bytes @ 0x1
   135  0079                     	ds	3
   136                           
   137                           	psect	maintext
   138  0713                     __pmaintext:	
   139 ;;
   140 ;;Main: autosize = 0, tempsize = 3, incstack = 0, save=0
   141 ;;
   142 ;; *************** function _main *****************
   143 ;; Defined at:
   144 ;;		line 15 in file "E:\Study Material\XC8 PROJECTS\WLC Wired\WLC Wired.C"
   145 ;; Parameters:    Size  Location     Type
   146 ;;		None
   147 ;; Auto vars:     Size  Location     Type
   148 ;;		None
   149 ;; Return value:  Size  Location     Type
   150 ;;		None               void
   151 ;; Registers used:
   152 ;;		wreg, status,2, status,0, pclath, cstack
   153 ;; Tracked objects:
   154 ;;		On entry : 17F/0
   155 ;;		On exit  : 0/0
   156 ;;		Unchanged: 0/0
   157 ;; Data sizes:     COMMON   BANK0   BANK1
   158 ;;      Params:         0       0       0
   159 ;;      Locals:         0       0       0
   160 ;;      Temps:          3       0       0
   161 ;;      Totals:         3       0       0
   162 ;;Total ram usage:        3 bytes
   163 ;; Hardware stack levels required when called:    1
   164 ;; This function calls:
   165 ;;		_level_check
   166 ;; This function is called by:
   167 ;;		Startup code after reset
   168 ;; This function uses a non-reentrant model
   169 ;;
   170                           
   171                           
   172                           ;psect for function _main
   173  0713                     _main:	
   174                           
   175                           ;WLC Wired.C: 17: ADCON1 = 0x06;
   176                           
   177                           ;incstack = 0
   178                           ; Regs used in _main: [wreg+status,2+status,0+pclath+cstack]
   179  0713  3006               	movlw	6
   180  0714  1683               	bsf	3,5	;RP0=1, select bank1
   181  0715  1303               	bcf	3,6	;RP1=0, select bank1
   182  0716  009F               	movwf	31	;volatile
   183                           
   184                           ;WLC Wired.C: 18: TRISA = 0x00;
   185  0717  0185               	clrf	5	;volatile
   186                           
   187                           ;WLC Wired.C: 19: TRISB = 0x01;
   188  0718  3001               	movlw	1
   189  0719  0086               	movwf	6	;volatile
   190                           
   191                           ;WLC Wired.C: 20: TRISC = 0x00;
   192  071A  0187               	clrf	7	;volatile
   193                           
   194                           ;WLC Wired.C: 22: PORTB = 0x00;
   195  071B  1283               	bcf	3,5	;RP0=0, select bank0
   196  071C  1303               	bcf	3,6	;RP1=0, select bank0
   197  071D  0186               	clrf	6	;volatile
   198                           
   199                           ;WLC Wired.C: 23: PORTA = 0x00;
   200  071E  0185               	clrf	5	;volatile
   201                           
   202                           ;WLC Wired.C: 24: PORTC = 0x00;
   203  071F  0187               	clrf	7	;volatile
   204                           
   205                           ;WLC Wired.C: 27: PORTB = 0xFE;
   206  0720  30FE               	movlw	254
   207  0721  0086               	movwf	6	;volatile
   208                           
   209                           ;WLC Wired.C: 28: _delay(1000000);
   210  0722  3006               	movlw	6
   211  0723  00FB               	movwf	??_main+2
   212  0724  3013               	movlw	19
   213  0725  00FA               	movwf	??_main+1
   214  0726  30B1               	movlw	177
   215  0727  00F9               	movwf	??_main
   216  0728                     u217:	
   217  0728  0BF9               	decfsz	??_main,f
   218  0729  2F28               	goto	u217
   219  072A  0BFA               	decfsz	??_main+1,f
   220  072B  2F28               	goto	u217
   221  072C  0BFB               	decfsz	??_main+2,f
   222  072D  2F28               	goto	u217
   223  072E  2F2F               	nop2
   224                           
   225                           ;WLC Wired.C: 29: PORTB = 0x00;
   226  072F  1283               	bcf	3,5	;RP0=0, select bank0
   227  0730  1303               	bcf	3,6	;RP1=0, select bank0
   228  0731  0186               	clrf	6	;volatile
   229                           
   230                           ;WLC Wired.C: 30: _delay(1000000);
   231  0732  3006               	movlw	6
   232  0733  00FB               	movwf	??_main+2
   233  0734  3013               	movlw	19
   234  0735  00FA               	movwf	??_main+1
   235  0736  30B1               	movlw	177
   236  0737  00F9               	movwf	??_main
   237  0738                     u227:	
   238  0738  0BF9               	decfsz	??_main,f
   239  0739  2F38               	goto	u227
   240  073A  0BFA               	decfsz	??_main+1,f
   241  073B  2F38               	goto	u227
   242  073C  0BFB               	decfsz	??_main+2,f
   243  073D  2F38               	goto	u227
   244  073E  2F3F               	nop2
   245                           
   246                           ;WLC Wired.C: 31: PORTB = 0xFE;
   247  073F  30FE               	movlw	254
   248  0740  1283               	bcf	3,5	;RP0=0, select bank0
   249  0741  1303               	bcf	3,6	;RP1=0, select bank0
   250  0742  0086               	movwf	6	;volatile
   251                           
   252                           ;WLC Wired.C: 32: _delay(1000000);
   253  0743  3006               	movlw	6
   254  0744  00FB               	movwf	??_main+2
   255  0745  3013               	movlw	19
   256  0746  00FA               	movwf	??_main+1
   257  0747  30B1               	movlw	177
   258  0748  00F9               	movwf	??_main
   259  0749                     u237:	
   260  0749  0BF9               	decfsz	??_main,f
   261  074A  2F49               	goto	u237
   262  074B  0BFA               	decfsz	??_main+1,f
   263  074C  2F49               	goto	u237
   264  074D  0BFB               	decfsz	??_main+2,f
   265  074E  2F49               	goto	u237
   266  074F  2F50               	nop2
   267                           
   268                           ;WLC Wired.C: 33: PORTB = 0x00;
   269  0750  1283               	bcf	3,5	;RP0=0, select bank0
   270  0751  1303               	bcf	3,6	;RP1=0, select bank0
   271  0752  0186               	clrf	6	;volatile
   272                           
   273                           ;WLC Wired.C: 34: _delay(1000000);
   274  0753  3006               	movlw	6
   275  0754  00FB               	movwf	??_main+2
   276  0755  3013               	movlw	19
   277  0756  00FA               	movwf	??_main+1
   278  0757  30B1               	movlw	177
   279  0758  00F9               	movwf	??_main
   280  0759                     u247:	
   281  0759  0BF9               	decfsz	??_main,f
   282  075A  2F59               	goto	u247
   283  075B  0BFA               	decfsz	??_main+1,f
   284  075C  2F59               	goto	u247
   285  075D  0BFB               	decfsz	??_main+2,f
   286  075E  2F59               	goto	u247
   287  075F  2F60               	nop2
   288                           
   289                           ;WLC Wired.C: 35: PORTB = 0xFE;
   290  0760  30FE               	movlw	254
   291  0761  1283               	bcf	3,5	;RP0=0, select bank0
   292  0762  1303               	bcf	3,6	;RP1=0, select bank0
   293  0763  0086               	movwf	6	;volatile
   294                           
   295                           ;WLC Wired.C: 36: _delay(1000000);
   296  0764  3006               	movlw	6
   297  0765  00FB               	movwf	??_main+2
   298  0766  3013               	movlw	19
   299  0767  00FA               	movwf	??_main+1
   300  0768  30B1               	movlw	177
   301  0769  00F9               	movwf	??_main
   302  076A                     u257:	
   303  076A  0BF9               	decfsz	??_main,f
   304  076B  2F6A               	goto	u257
   305  076C  0BFA               	decfsz	??_main+1,f
   306  076D  2F6A               	goto	u257
   307  076E  0BFB               	decfsz	??_main+2,f
   308  076F  2F6A               	goto	u257
   309  0770  2F71               	nop2
   310                           
   311                           ;WLC Wired.C: 37: PORTB = 0x00;
   312  0771  1283               	bcf	3,5	;RP0=0, select bank0
   313  0772  1303               	bcf	3,6	;RP1=0, select bank0
   314  0773  0186               	clrf	6	;volatile
   315                           
   316                           ;WLC Wired.C: 38: _delay(1000000);
   317  0774  3006               	movlw	6
   318  0775  00FB               	movwf	??_main+2
   319  0776  3013               	movlw	19
   320  0777  00FA               	movwf	??_main+1
   321  0778  30B1               	movlw	177
   322  0779  00F9               	movwf	??_main
   323  077A                     u267:	
   324  077A  0BF9               	decfsz	??_main,f
   325  077B  2F7A               	goto	u267
   326  077C  0BFA               	decfsz	??_main+1,f
   327  077D  2F7A               	goto	u267
   328  077E  0BFB               	decfsz	??_main+2,f
   329  077F  2F7A               	goto	u267
   330  0780  2F81               	nop2
   331                           
   332                           ;WLC Wired.C: 39: PORTB = 0xFE;
   333  0781  30FE               	movlw	254
   334  0782  1283               	bcf	3,5	;RP0=0, select bank0
   335  0783  1303               	bcf	3,6	;RP1=0, select bank0
   336  0784  0086               	movwf	6	;volatile
   337                           
   338                           ;WLC Wired.C: 40: _delay(1000000);
   339  0785  3006               	movlw	6
   340  0786  00FB               	movwf	??_main+2
   341  0787  3013               	movlw	19
   342  0788  00FA               	movwf	??_main+1
   343  0789  30B1               	movlw	177
   344  078A  00F9               	movwf	??_main
   345  078B                     u277:	
   346  078B  0BF9               	decfsz	??_main,f
   347  078C  2F8B               	goto	u277
   348  078D  0BFA               	decfsz	??_main+1,f
   349  078E  2F8B               	goto	u277
   350  078F  0BFB               	decfsz	??_main+2,f
   351  0790  2F8B               	goto	u277
   352  0791  2F92               	nop2
   353                           
   354                           ;WLC Wired.C: 41: PORTB = 0x00;
   355  0792  1283               	bcf	3,5	;RP0=0, select bank0
   356  0793  1303               	bcf	3,6	;RP1=0, select bank0
   357  0794  0186               	clrf	6	;volatile
   358                           
   359                           ;WLC Wired.C: 42: _delay(1000000);
   360  0795  3006               	movlw	6
   361  0796  00FB               	movwf	??_main+2
   362  0797  3013               	movlw	19
   363  0798  00FA               	movwf	??_main+1
   364  0799  30B1               	movlw	177
   365  079A  00F9               	movwf	??_main
   366  079B                     u287:	
   367  079B  0BF9               	decfsz	??_main,f
   368  079C  2F9B               	goto	u287
   369  079D  0BFA               	decfsz	??_main+1,f
   370  079E  2F9B               	goto	u287
   371  079F  0BFB               	decfsz	??_main+2,f
   372  07A0  2F9B               	goto	u287
   373  07A1  2FA2               	nop2
   374                           
   375                           ;WLC Wired.C: 43: PORTB = 0xFE;
   376  07A2  30FE               	movlw	254
   377  07A3  1283               	bcf	3,5	;RP0=0, select bank0
   378  07A4  1303               	bcf	3,6	;RP1=0, select bank0
   379  07A5  0086               	movwf	6	;volatile
   380                           
   381                           ;WLC Wired.C: 44: _delay(1000000);
   382  07A6  3006               	movlw	6
   383  07A7  00FB               	movwf	??_main+2
   384  07A8  3013               	movlw	19
   385  07A9  00FA               	movwf	??_main+1
   386  07AA  30B1               	movlw	177
   387  07AB  00F9               	movwf	??_main
   388  07AC                     u297:	
   389  07AC  0BF9               	decfsz	??_main,f
   390  07AD  2FAC               	goto	u297
   391  07AE  0BFA               	decfsz	??_main+1,f
   392  07AF  2FAC               	goto	u297
   393  07B0  0BFB               	decfsz	??_main+2,f
   394  07B1  2FAC               	goto	u297
   395  07B2  2FB3               	nop2
   396                           
   397                           ;WLC Wired.C: 45: PORTB = 0x00;
   398  07B3  1283               	bcf	3,5	;RP0=0, select bank0
   399  07B4  1303               	bcf	3,6	;RP1=0, select bank0
   400  07B5  0186               	clrf	6	;volatile
   401                           
   402                           ;WLC Wired.C: 46: _delay(1000000);
   403  07B6  3006               	movlw	6
   404  07B7  00FB               	movwf	??_main+2
   405  07B8  3013               	movlw	19
   406  07B9  00FA               	movwf	??_main+1
   407  07BA  30B1               	movlw	177
   408  07BB  00F9               	movwf	??_main
   409  07BC                     u307:	
   410  07BC  0BF9               	decfsz	??_main,f
   411  07BD  2FBC               	goto	u307
   412  07BE  0BFA               	decfsz	??_main+1,f
   413  07BF  2FBC               	goto	u307
   414  07C0  0BFB               	decfsz	??_main+2,f
   415  07C1  2FBC               	goto	u307
   416  07C2  2FC3               	nop2
   417  07C3                     l686:	
   418                           ;WLC Wired.C: 48: while(1)
   419                           
   420                           
   421                           ;WLC Wired.C: 49: {
   422                           ;WLC Wired.C: 50: if( level_check() == 1 )
   423  07C3  2644               	fcall	_level_check
   424  07C4  3A01               	xorlw	1
   425  07C5  1D03               	skipz
   426  07C6  2FD5               	goto	l692
   427                           
   428                           ;WLC Wired.C: 51: {
   429                           ;WLC Wired.C: 53: if( lp_flag == 0 )
   430  07C7  08F3               	movf	_lp_flag,f
   431  07C8  1D03               	skipz
   432  07C9  2FDF               	goto	l60
   433                           
   434                           ;WLC Wired.C: 54: {
   435                           ;WLC Wired.C: 55: RC4 = 1;
   436  07CA  1283               	bcf	3,5	;RP0=0, select bank0
   437  07CB  1303               	bcf	3,6	;RP1=0, select bank0
   438  07CC  1607               	bsf	7,4	;volatile
   439                           
   440                           ;WLC Wired.C: 56: lp_flag = 1;
   441  07CD  01F3               	clrf	_lp_flag
   442  07CE  0AF3               	incf	_lp_flag,f
   443                           
   444                           ;WLC Wired.C: 57: motor_flag = 1;
   445  07CF  01F5               	clrf	_motor_flag
   446  07D0  0AF5               	incf	_motor_flag,f
   447                           
   448                           ;WLC Wired.C: 58: RC5 = 1;
   449  07D1  1687               	bsf	7,5	;volatile
   450                           
   451                           ;WLC Wired.C: 59: dry_run = 1;
   452  07D2  01F1               	clrf	_dry_run
   453  07D3  0AF1               	incf	_dry_run,f
   454                           
   455                           ;WLC Wired.C: 60: }
   456                           ;WLC Wired.C: 61: }
   457  07D4  2FDF               	goto	l60
   458  07D5                     l692:	
   459                           
   460                           ;WLC Wired.C: 63: else
   461                           ;WLC Wired.C: 64: {
   462                           ;WLC Wired.C: 66: if( lp_flag == 1 )
   463  07D5  0873               	movf	_lp_flag,w
   464  07D6  3A01               	xorlw	1
   465  07D7  1D03               	skipz
   466  07D8  2FDF               	goto	l60
   467                           
   468                           ;WLC Wired.C: 67: {
   469                           ;WLC Wired.C: 68: RC4 = 0;
   470  07D9  1283               	bcf	3,5	;RP0=0, select bank0
   471  07DA  1303               	bcf	3,6	;RP1=0, select bank0
   472  07DB  1207               	bcf	7,4	;volatile
   473                           
   474                           ;WLC Wired.C: 69: lp_flag = 0;
   475  07DC  01F3               	clrf	_lp_flag
   476                           
   477                           ;WLC Wired.C: 70: motor_flag = 0;
   478  07DD  01F5               	clrf	_motor_flag
   479                           
   480                           ;WLC Wired.C: 71: RC5 = 0;
   481  07DE  1287               	bcf	7,5	;volatile
   482  07DF                     l60:	
   483                           
   484                           ;WLC Wired.C: 72: }
   485                           ;WLC Wired.C: 73: }
   486                           ;WLC Wired.C: 75: for( count = 0; count < 15; count++ )
   487  07DF  01F0               	clrf	_count
   488  07E0                     L1:	
   489  07E0  300F               	movlw	15
   490  07E1  0270               	subwf	_count,w
   491  07E2  1803               	btfsc	3,0
   492  07E3  2FC3               	goto	l686
   493                           
   494                           ;WLC Wired.C: 76: {
   495                           ;WLC Wired.C: 77: _delay(1000000);
   496  07E4  3006               	movlw	6
   497  07E5  00FB               	movwf	??_main+2
   498  07E6  3013               	movlw	19
   499  07E7  00FA               	movwf	??_main+1
   500  07E8  30B1               	movlw	177
   501  07E9  00F9               	movwf	??_main
   502  07EA                     u317:	
   503  07EA  0BF9               	decfsz	??_main,f
   504  07EB  2FEA               	goto	u317
   505  07EC  0BFA               	decfsz	??_main+1,f
   506  07ED  2FEA               	goto	u317
   507  07EE  0BFB               	decfsz	??_main+2,f
   508  07EF  2FEA               	goto	u317
   509  07F0  2FF1               	nop2
   510  07F1  3001               	movlw	1
   511  07F2  00F9               	movwf	??_main
   512  07F3  0879               	movf	??_main,w
   513  07F4  07F0               	addwf	_count,f
   514  07F5  2FE0               	goto	L1
   515  07F6                     __end_of_main:	
   516                           
   517                           	psect	text1
   518  0644                     __ptext1:	
   519 ;; *************** function _level_check *****************
   520 ;; Defined at:
   521 ;;		line 82 in file "E:\Study Material\XC8 PROJECTS\WLC Wired\WLC Wired.C"
   522 ;; Parameters:    Size  Location     Type
   523 ;;		None
   524 ;; Auto vars:     Size  Location     Type
   525 ;;		None
   526 ;; Return value:  Size  Location     Type
   527 ;;                  1    wreg      unsigned char 
   528 ;; Registers used:
   529 ;;		wreg, status,2, status,0
   530 ;; Tracked objects:
   531 ;;		On entry : 0/0
   532 ;;		On exit  : 0/0
   533 ;;		Unchanged: 0/0
   534 ;; Data sizes:     COMMON   BANK0   BANK1
   535 ;;      Params:         0       0       0
   536 ;;      Locals:         0       0       0
   537 ;;      Temps:          1       0       0
   538 ;;      Totals:         1       0       0
   539 ;;Total ram usage:        1 bytes
   540 ;; Hardware stack levels used:    1
   541 ;; This function calls:
   542 ;;		Nothing
   543 ;; This function is called by:
   544 ;;		_main
   545 ;; This function uses a non-reentrant model
   546 ;;
   547                           
   548                           
   549                           ;psect for function _level_check
   550  0644                     _level_check:	
   551                           
   552                           ;WLC Wired.C: 85: TRISA = 0x00;
   553                           
   554                           ;incstack = 0
   555                           ; Regs used in _level_check: [wreg+status,2+status,0]
   556  0644  1683               	bsf	3,5	;RP0=1, select bank1
   557  0645  1303               	bcf	3,6	;RP1=0, select bank1
   558  0646  0185               	clrf	5	;volatile
   559                           
   560                           ;WLC Wired.C: 86: PORTA = 0x00;
   561  0647  1283               	bcf	3,5	;RP0=0, select bank0
   562  0648  1303               	bcf	3,6	;RP1=0, select bank0
   563  0649  0185               	clrf	5	;volatile
   564                           
   565                           ;WLC Wired.C: 88: TRISA = 0x04;
   566  064A  3004               	movlw	4
   567  064B  1683               	bsf	3,5	;RP0=1, select bank1
   568  064C  1303               	bcf	3,6	;RP1=0, select bank1
   569  064D  0085               	movwf	5	;volatile
   570                           
   571                           ;WLC Wired.C: 89: PORTA = 0xFB;
   572  064E  30FB               	movlw	251
   573  064F  1283               	bcf	3,5	;RP0=0, select bank0
   574  0650  1303               	bcf	3,6	;RP1=0, select bank0
   575  0651  0085               	movwf	5	;volatile
   576                           
   577                           ;WLC Wired.C: 90: _delay(1000);
   578  0652  30F9               	movlw	249
   579  0653  00F8               	movwf	??_level_check
   580  0654                     u327:	
   581  0654  0000               	nop
   582  0655  0BF8               	decfsz	??_level_check,f
   583  0656  2E54               	goto	u327
   584  0657  2E58               	nop2	;nop
   585  0658  0000               	nop
   586                           
   587                           ;WLC Wired.C: 93: if( RA2 == 1 )
   588  0659  1283               	bcf	3,5	;RP0=0, select bank0
   589  065A  1303               	bcf	3,6	;RP1=0, select bank0
   590  065B  1D05               	btfss	5,2	;volatile
   591  065C  2E6C               	goto	l560
   592                           
   593                           ;WLC Wired.C: 94: {
   594                           ;WLC Wired.C: 95: _delay(1000);
   595  065D  30F9               	movlw	249
   596  065E  00F8               	movwf	??_level_check
   597  065F                     u337:	
   598  065F  0000               	nop
   599  0660  0BF8               	decfsz	??_level_check,f
   600  0661  2E5F               	goto	u337
   601  0662  2E63               	nop2	;nop
   602  0663  0000               	nop
   603                           
   604                           ;WLC Wired.C: 96: if( RA2 == 1 )
   605  0664  1283               	bcf	3,5	;RP0=0, select bank0
   606  0665  1303               	bcf	3,6	;RP1=0, select bank0
   607  0666  1D05               	btfss	5,2	;volatile
   608  0667  2E6E               	goto	l71
   609                           
   610                           ;WLC Wired.C: 97: {
   611                           ;WLC Wired.C: 98: ul = 1;
   612  0668  01F6               	clrf	_ul
   613  0669  0AF6               	incf	_ul,f
   614                           
   615                           ;WLC Wired.C: 99: RB2 = 1;
   616  066A  1506               	bsf	6,2	;volatile
   617                           
   618                           ;WLC Wired.C: 100: }
   619                           ;WLC Wired.C: 101: }
   620  066B  2E6E               	goto	l71
   621  066C                     l560:	
   622                           
   623                           ;WLC Wired.C: 102: else
   624                           ;WLC Wired.C: 103: {
   625                           ;WLC Wired.C: 104: ul = 0;
   626  066C  01F6               	clrf	_ul
   627                           
   628                           ;WLC Wired.C: 105: RB2 = 0;
   629  066D  1106               	bcf	6,2	;volatile
   630  066E                     l71:	
   631                           
   632                           ;WLC Wired.C: 106: }
   633                           ;WLC Wired.C: 109: TRISA = 0x00;
   634  066E  1683               	bsf	3,5	;RP0=1, select bank1
   635  066F  1303               	bcf	3,6	;RP1=0, select bank1
   636  0670  0185               	clrf	5	;volatile
   637                           
   638                           ;WLC Wired.C: 110: PORTA = 0x00;
   639  0671  1283               	bcf	3,5	;RP0=0, select bank0
   640  0672  1303               	bcf	3,6	;RP1=0, select bank0
   641  0673  0185               	clrf	5	;volatile
   642                           
   643                           ;WLC Wired.C: 112: TRISA = 0x02;
   644  0674  3002               	movlw	2
   645  0675  1683               	bsf	3,5	;RP0=1, select bank1
   646  0676  1303               	bcf	3,6	;RP1=0, select bank1
   647  0677  0085               	movwf	5	;volatile
   648                           
   649                           ;WLC Wired.C: 113: PORTA = 0xFD;
   650  0678  30FD               	movlw	253
   651  0679  1283               	bcf	3,5	;RP0=0, select bank0
   652  067A  1303               	bcf	3,6	;RP1=0, select bank0
   653  067B  0085               	movwf	5	;volatile
   654                           
   655                           ;WLC Wired.C: 114: _delay(1000);
   656  067C  30F9               	movlw	249
   657  067D  00F8               	movwf	??_level_check
   658  067E                     u347:	
   659  067E  0000               	nop
   660  067F  0BF8               	decfsz	??_level_check,f
   661  0680  2E7E               	goto	u347
   662  0681  2E82               	nop2	;nop
   663  0682  0000               	nop
   664                           
   665                           ;WLC Wired.C: 116: if( RA1 == 1 )
   666  0683  1283               	bcf	3,5	;RP0=0, select bank0
   667  0684  1303               	bcf	3,6	;RP1=0, select bank0
   668  0685  1C85               	btfss	5,1	;volatile
   669  0686  2E96               	goto	l578
   670                           
   671                           ;WLC Wired.C: 117: {
   672                           ;WLC Wired.C: 118: _delay(1000);
   673  0687  30F9               	movlw	249
   674  0688  00F8               	movwf	??_level_check
   675  0689                     u357:	
   676  0689  0000               	nop
   677  068A  0BF8               	decfsz	??_level_check,f
   678  068B  2E89               	goto	u357
   679  068C  2E8D               	nop2	;nop
   680  068D  0000               	nop
   681                           
   682                           ;WLC Wired.C: 119: if( RA1 == 1 )
   683  068E  1283               	bcf	3,5	;RP0=0, select bank0
   684  068F  1303               	bcf	3,6	;RP1=0, select bank0
   685  0690  1C85               	btfss	5,1	;volatile
   686  0691  2E98               	goto	l74
   687                           
   688                           ;WLC Wired.C: 120: {
   689                           ;WLC Wired.C: 121: uu = 1;
   690  0692  01F7               	clrf	_uu
   691  0693  0AF7               	incf	_uu,f
   692                           
   693                           ;WLC Wired.C: 122: RB1 = 1;
   694  0694  1486               	bsf	6,1	;volatile
   695                           
   696                           ;WLC Wired.C: 123: }
   697                           ;WLC Wired.C: 124: }
   698  0695  2E98               	goto	l74
   699  0696                     l578:	
   700                           
   701                           ;WLC Wired.C: 125: else
   702                           ;WLC Wired.C: 126: {
   703                           ;WLC Wired.C: 127: uu = 0;
   704  0696  01F7               	clrf	_uu
   705                           
   706                           ;WLC Wired.C: 128: RB1 = 0;
   707  0697  1086               	bcf	6,1	;volatile
   708  0698                     l74:	
   709                           
   710                           ;WLC Wired.C: 129: }
   711                           ;WLC Wired.C: 132: TRISA = 0x00;
   712  0698  1683               	bsf	3,5	;RP0=1, select bank1
   713  0699  1303               	bcf	3,6	;RP1=0, select bank1
   714  069A  0185               	clrf	5	;volatile
   715                           
   716                           ;WLC Wired.C: 133: PORTA = 0x00;
   717  069B  1283               	bcf	3,5	;RP0=0, select bank0
   718  069C  1303               	bcf	3,6	;RP1=0, select bank0
   719  069D  0185               	clrf	5	;volatile
   720                           
   721                           ;WLC Wired.C: 135: TRISA = 0x20;
   722  069E  3020               	movlw	32
   723  069F  1683               	bsf	3,5	;RP0=1, select bank1
   724  06A0  1303               	bcf	3,6	;RP1=0, select bank1
   725  06A1  0085               	movwf	5	;volatile
   726                           
   727                           ;WLC Wired.C: 136: PORTA = 0xDF;
   728  06A2  30DF               	movlw	223
   729  06A3  1283               	bcf	3,5	;RP0=0, select bank0
   730  06A4  1303               	bcf	3,6	;RP1=0, select bank0
   731  06A5  0085               	movwf	5	;volatile
   732                           
   733                           ;WLC Wired.C: 137: _delay(1000);
   734  06A6  30F9               	movlw	249
   735  06A7  00F8               	movwf	??_level_check
   736  06A8                     u367:	
   737  06A8  0000               	nop
   738  06A9  0BF8               	decfsz	??_level_check,f
   739  06AA  2EA8               	goto	u367
   740  06AB  2EAC               	nop2	;nop
   741  06AC  0000               	nop
   742                           
   743                           ;WLC Wired.C: 139: if( RA5 == 1 )
   744  06AD  1283               	bcf	3,5	;RP0=0, select bank0
   745  06AE  1303               	bcf	3,6	;RP1=0, select bank0
   746  06AF  1E85               	btfss	5,5	;volatile
   747  06B0  2EC0               	goto	l596
   748                           
   749                           ;WLC Wired.C: 140: {
   750                           ;WLC Wired.C: 141: _delay(1000);
   751  06B1  30F9               	movlw	249
   752  06B2  00F8               	movwf	??_level_check
   753  06B3                     u377:	
   754  06B3  0000               	nop
   755  06B4  0BF8               	decfsz	??_level_check,f
   756  06B5  2EB3               	goto	u377
   757  06B6  2EB7               	nop2	;nop
   758  06B7  0000               	nop
   759                           
   760                           ;WLC Wired.C: 142: if( RA5 == 1 )
   761  06B8  1283               	bcf	3,5	;RP0=0, select bank0
   762  06B9  1303               	bcf	3,6	;RP1=0, select bank0
   763  06BA  1E85               	btfss	5,5	;volatile
   764  06BB  2EC2               	goto	l77
   765                           
   766                           ;WLC Wired.C: 143: {
   767                           ;WLC Wired.C: 144: ll = 1;
   768  06BC  01F2               	clrf	_ll
   769  06BD  0AF2               	incf	_ll,f
   770                           
   771                           ;WLC Wired.C: 145: RB4 = 1;
   772  06BE  1606               	bsf	6,4	;volatile
   773                           
   774                           ;WLC Wired.C: 146: }
   775                           ;WLC Wired.C: 147: }
   776  06BF  2EC2               	goto	l77
   777  06C0                     l596:	
   778                           
   779                           ;WLC Wired.C: 148: else
   780                           ;WLC Wired.C: 149: {
   781                           ;WLC Wired.C: 150: ll = 0;
   782  06C0  01F2               	clrf	_ll
   783                           
   784                           ;WLC Wired.C: 151: RB4 = 0;
   785  06C1  1206               	bcf	6,4	;volatile
   786  06C2                     l77:	
   787                           
   788                           ;WLC Wired.C: 152: }
   789                           ;WLC Wired.C: 155: TRISA = 0x00;
   790  06C2  1683               	bsf	3,5	;RP0=1, select bank1
   791  06C3  1303               	bcf	3,6	;RP1=0, select bank1
   792  06C4  0185               	clrf	5	;volatile
   793                           
   794                           ;WLC Wired.C: 156: PORTA = 0x00;
   795  06C5  1283               	bcf	3,5	;RP0=0, select bank0
   796  06C6  1303               	bcf	3,6	;RP1=0, select bank0
   797  06C7  0185               	clrf	5	;volatile
   798                           
   799                           ;WLC Wired.C: 158: TRISA = 0x08;
   800  06C8  3008               	movlw	8
   801  06C9  1683               	bsf	3,5	;RP0=1, select bank1
   802  06CA  1303               	bcf	3,6	;RP1=0, select bank1
   803  06CB  0085               	movwf	5	;volatile
   804                           
   805                           ;WLC Wired.C: 159: PORTA = 0xF7;
   806  06CC  30F7               	movlw	247
   807  06CD  1283               	bcf	3,5	;RP0=0, select bank0
   808  06CE  1303               	bcf	3,6	;RP1=0, select bank0
   809  06CF  0085               	movwf	5	;volatile
   810                           
   811                           ;WLC Wired.C: 160: _delay(1000);
   812  06D0  30F9               	movlw	249
   813  06D1  00F8               	movwf	??_level_check
   814  06D2                     u387:	
   815  06D2  0000               	nop
   816  06D3  0BF8               	decfsz	??_level_check,f
   817  06D4  2ED2               	goto	u387
   818  06D5  2ED6               	nop2	;nop
   819  06D6  0000               	nop
   820                           
   821                           ;WLC Wired.C: 162: if( RA3 == 1 )
   822  06D7  1283               	bcf	3,5	;RP0=0, select bank0
   823  06D8  1303               	bcf	3,6	;RP1=0, select bank0
   824  06D9  1D85               	btfss	5,3	;volatile
   825  06DA  2EEA               	goto	l614
   826                           
   827                           ;WLC Wired.C: 163: {
   828                           ;WLC Wired.C: 164: _delay(1000);
   829  06DB  30F9               	movlw	249
   830  06DC  00F8               	movwf	??_level_check
   831  06DD                     u397:	
   832  06DD  0000               	nop
   833  06DE  0BF8               	decfsz	??_level_check,f
   834  06DF  2EDD               	goto	u397
   835  06E0  2EE1               	nop2	;nop
   836  06E1  0000               	nop
   837                           
   838                           ;WLC Wired.C: 165: if( RA3 == 1 )
   839  06E2  1283               	bcf	3,5	;RP0=0, select bank0
   840  06E3  1303               	bcf	3,6	;RP1=0, select bank0
   841  06E4  1D85               	btfss	5,3	;volatile
   842  06E5  2EEC               	goto	l80
   843                           
   844                           ;WLC Wired.C: 166: {
   845                           ;WLC Wired.C: 167: lu = 1;
   846  06E6  01F4               	clrf	_lu
   847  06E7  0AF4               	incf	_lu,f
   848                           
   849                           ;WLC Wired.C: 168: RB3 = 1;
   850  06E8  1586               	bsf	6,3	;volatile
   851                           
   852                           ;WLC Wired.C: 169: }
   853                           ;WLC Wired.C: 170: }
   854  06E9  2EEC               	goto	l80
   855  06EA                     l614:	
   856                           
   857                           ;WLC Wired.C: 171: else
   858                           ;WLC Wired.C: 172: {
   859                           ;WLC Wired.C: 173: lu = 0;
   860  06EA  01F4               	clrf	_lu
   861                           
   862                           ;WLC Wired.C: 174: RB3 = 0;
   863  06EB  1186               	bcf	6,3	;volatile
   864  06EC                     l80:	
   865                           
   866                           ;WLC Wired.C: 175: }
   867                           ;WLC Wired.C: 178: TRISA = 0x00;
   868  06EC  1683               	bsf	3,5	;RP0=1, select bank1
   869  06ED  1303               	bcf	3,6	;RP1=0, select bank1
   870  06EE  0185               	clrf	5	;volatile
   871                           
   872                           ;WLC Wired.C: 179: PORTA = 0x00;
   873  06EF  1283               	bcf	3,5	;RP0=0, select bank0
   874  06F0  1303               	bcf	3,6	;RP1=0, select bank0
   875  06F1  0185               	clrf	5	;volatile
   876                           
   877                           ;WLC Wired.C: 181: if( motor_flag == 1 )
   878  06F2  0875               	movf	_motor_flag,w
   879  06F3  3A01               	xorlw	1
   880  06F4  1D03               	skipz
   881  06F5  2F01               	goto	l634
   882                           
   883                           ;WLC Wired.C: 182: {
   884                           ;WLC Wired.C: 183: if( uu == 0 && ll == 1 )
   885  06F6  08F7               	movf	_uu,f
   886  06F7  1D03               	skipz
   887  06F8  2EFF               	goto	l630
   888  06F9  0872               	movf	_ll,w
   889  06FA  3A01               	xorlw	1
   890  06FB  1D03               	skipz
   891  06FC  2EFF               	goto	l630
   892                           
   893                           ;WLC Wired.C: 184: {
   894                           ;WLC Wired.C: 185: return 1;
   895  06FD  3001               	movlw	1
   896                           
   897                           ;WLC Wired.C: 186: }
   898  06FE  0008               	return
   899  06FF                     l630:	
   900                           
   901                           ;WLC Wired.C: 187: else
   902                           ;WLC Wired.C: 188: {
   903                           ;WLC Wired.C: 189: return 0;
   904  06FF  3000               	movlw	0
   905                           
   906                           ;WLC Wired.C: 190: }
   907                           ;WLC Wired.C: 191: }
   908  0700  0008               	return
   909  0701                     l634:	
   910                           
   911                           ;WLC Wired.C: 192: else
   912                           ;WLC Wired.C: 193: {
   913                           ;WLC Wired.C: 194: if( (uu == 0 && ul == 0) && (lu == 1 && ll == 1) )
   914  0701  08F7               	movf	_uu,f
   915  0702  1D03               	skipz
   916  0703  2F11               	goto	l648
   917  0704  08F6               	movf	_ul,f
   918  0705  1D03               	skipz
   919  0706  2F11               	goto	l648
   920  0707  0874               	movf	_lu,w
   921  0708  3A01               	xorlw	1
   922  0709  1D03               	skipz
   923  070A  2F11               	goto	l648
   924  070B  0872               	movf	_ll,w
   925  070C  3A01               	xorlw	1
   926  070D  1D03               	skipz
   927  070E  2F11               	goto	l648
   928                           
   929                           ;WLC Wired.C: 195: {
   930                           ;WLC Wired.C: 196: return 1;
   931  070F  3001               	movlw	1
   932                           
   933                           ;WLC Wired.C: 197: }
   934  0710  0008               	return
   935  0711                     l648:	
   936                           
   937                           ;WLC Wired.C: 198: else
   938                           ;WLC Wired.C: 199: {
   939                           ;WLC Wired.C: 200: return 0;
   940  0711  3000               	movlw	0
   941  0712  0008               	return
   942  0713                     __end_of_level_check:	
   943  007E                     btemp	set	126	;btemp
   944  007E                     wtemp	set	126
   945  007E                     wtemp0	set	126
   946  0080                     wtemp1	set	128
   947  0082                     wtemp2	set	130
   948  0084                     wtemp3	set	132
   949  0086                     wtemp4	set	134
   950  0088                     wtemp5	set	136
   951  007F                     wtemp6	set	127
   952  007E                     ttemp	set	126
   953  007E                     ttemp0	set	126
   954  0081                     ttemp1	set	129
   955  0084                     ttemp2	set	132
   956  0087                     ttemp3	set	135
   957  007F                     ttemp4	set	127
   958  007E                     ltemp	set	126
   959  007E                     ltemp0	set	126
   960  0082                     ltemp1	set	130
   961  0086                     ltemp2	set	134
   962  0080                     ltemp3	set	128


Data Sizes:
    Strings     0
    Constant    0
    Data        0
    BSS         8
    Persistent  0
    Stack       0

Auto Spaces:
    Space          Size  Autos    Used
    COMMON           14      4      12
    BANK0            80      0       0
    BANK1            32      0       0

Pointer List with Targets:

    None.

Critical Paths under _main in COMMON

    _main->_level_check

Critical Paths under _main in BANK0

    None.

Critical Paths under _main in BANK1

    None.

Call Graph Tables:

 ---------------------------------------------------------------------------------
 (Depth) Function   	        Calls       Base Space   Used Autos Params    Refs
 ---------------------------------------------------------------------------------
 (0) _main                                                 3     3      0       0
                                              1 COMMON     3     3      0
                        _level_check
 ---------------------------------------------------------------------------------
 (1) _level_check                                          1     1      0       0
                                              0 COMMON     1     1      0
 ---------------------------------------------------------------------------------
 Estimated maximum stack depth 1
 ---------------------------------------------------------------------------------

 Call Graph Graphs:

 _main (ROOT)
   _level_check

 Address spaces:
Name               Size   Autos  Total    Cost      Usage
BITCOMMON            E      0       0       0        0.0%
EEDATA              40      0       0       0        0.0%
NULL                 0      0       0       0        0.0%
CODE                 0      0       0       0        0.0%
COMMON               E      4       C       1       85.7%
BITSFR0              0      0       0       1        0.0%
SFR0                 0      0       0       1        0.0%
BITSFR1              0      0       0       2        0.0%
SFR1                 0      0       0       2        0.0%
STACK                0      0       0       2        0.0%
ABS                  0      0       C       3        0.0%
BITBANK0            50      0       0       4        0.0%
BITSFR3              0      0       0       4        0.0%
SFR3                 0      0       0       4        0.0%
BANK0               50      0       0       5        0.0%
BITSFR2              0      0       0       5        0.0%
SFR2                 0      0       0       5        0.0%
BITBANK1            20      0       0       6        0.0%
BANK1               20      0       0       7        0.0%
DATA                 0      0       C       8        0.0%


Microchip Technology PIC Macro Assembler V1.32 build 58300 
Symbol Table                                                                                   Tue Jun 16 13:11:25 2015

                     l60 07DF                       l71 066E                       l80 06EC  
                     l74 0698                       l77 06C2                       _ll 0072  
                     _lu 0074                       _ul 0076                       _uu 0077  
                    l630 06FF                      l614 06EA                      l560 066C  
                    l634 0701                      l648 0711                      l578 0696  
                    l596 06C0                      l692 07D5                      l686 07C3  
                    _RA1 0029                      _RA2 002A                      _RB1 0031  
                    _RA3 002B                      _RB2 0032                      _RB3 0033  
                    _RA5 002D                      _RB4 0034                      _RC4 003C  
                    _RC5 003D                      u217 0728                      u307 07BC  
                    u227 0738                      u317 07EA                      u237 0749  
                    u327 0654                      u247 0759                      u337 065F  
                    u257 076A                      u347 067E                      u267 077A  
                    u357 0689                      u277 078B                      u367 06A8  
                    u287 079B                      u377 06B3                      u297 07AC  
                    u387 06D2                      u397 06DD                     _main 0713  
                   btemp 007E                     ltemp 007E                     start 0000  
                   ttemp 007E                     wtemp 007E                    ?_main 0078  
                  _PORTA 0005                    _PORTB 0006                    _PORTC 0007  
                  _TRISA 0085                    _TRISB 0086                    _TRISC 0087  
           ?_level_check 0078                    _count 0070                    ltemp0 007E  
                  ltemp1 0082                    ltemp2 0086                    ltemp3 0080  
                  ttemp0 007E                    ttemp1 0081                    ttemp2 0084  
                  ttemp3 0087                    ttemp4 007F                    status 0003  
                  wtemp0 007E                    wtemp1 0080                    wtemp2 0082  
                  wtemp3 0084                    wtemp4 0086                    wtemp5 0088  
                  wtemp6 007F          __initialization 07F6             __end_of_main 07F6  
                 ??_main 0079                   _ADCON1 009F  __end_of__initialization 07FE  
         __pcstackCOMMON 0078     __size_of_level_check 00CF               __pmaintext 0713  
                __ptext0 0000                  __ptext1 0644                  _dry_run 0071  
                _lp_flag 0073     end_of_initialization 07FE               _motor_flag 0075  
    start_initialization 07F6            ??_level_check 0078              __pbssCOMMON 0070  
              ___latbits 0000      __end_of_level_check 0713              _level_check 0644  
          __size_of_main 00E3  
