

Microchip Technology PIC LITE Macro Assembler V1.33 build 59893 
                                                                                               Tue Jul 21 19:41:07 2015

Microchip Technology Omniscient Code Generator (Lite mode) build 59893
     1                           	processor	16F870
     2                           	opt	pw 120
     3                           	opt	lm
     4                           	psect	idataBANK0,global,class=CODE,delta=2
     5                           	psect	cinit,global,class=CODE,merge=1,delta=2
     6                           	psect	bssCOMMON,global,class=COMMON,space=1,delta=1
     7                           	psect	bssBANK0,global,class=BANK0,space=1,delta=1
     8                           	psect	dataBANK0,global,class=BANK0,space=1,delta=1
     9                           	psect	cstackCOMMON,global,class=COMMON,space=1,delta=1
    10                           	psect	cstackBANK0,global,class=BANK0,space=1,delta=1
    11                           	psect	maintext,global,class=CODE,split=1,delta=2
    12                           	psect	text1,local,class=CODE,merge=1,delta=2
    13                           	psect	intentry,global,class=CODE,delta=2
    14                           	dabs	1,0x7E,2
    15  0000                     	;# 
    16  0001                     	;# 
    17  0002                     	;# 
    18  0003                     	;# 
    19  0004                     	;# 
    20  0005                     	;# 
    21  0006                     	;# 
    22  0007                     	;# 
    23  000A                     	;# 
    24  000B                     	;# 
    25  000C                     	;# 
    26  000D                     	;# 
    27  000E                     	;# 
    28  000E                     	;# 
    29  000F                     	;# 
    30  0010                     	;# 
    31  0011                     	;# 
    32  0012                     	;# 
    33  0015                     	;# 
    34  0015                     	;# 
    35  0016                     	;# 
    36  0017                     	;# 
    37  0018                     	;# 
    38  0019                     	;# 
    39  001A                     	;# 
    40  001E                     	;# 
    41  001F                     	;# 
    42  0081                     	;# 
    43  0085                     	;# 
    44  0086                     	;# 
    45  0087                     	;# 
    46  008C                     	;# 
    47  008D                     	;# 
    48  008E                     	;# 
    49  0092                     	;# 
    50  0098                     	;# 
    51  0099                     	;# 
    52  009E                     	;# 
    53  009F                     	;# 
    54  010C                     	;# 
    55  010D                     	;# 
    56  010E                     	;# 
    57  010F                     	;# 
    58  018C                     	;# 
    59  018D                     	;# 
    60                           
    61                           	psect	idataBANK0
    62  01A4                     __pidataBANK0:	
    63                           
    64                           ;initializer for _DRY_RUN_NEEDED
    65  01A4  3401               	retlw	1
    66  000B                     _INTCON	set	11
    67  0005                     _PORTA	set	5
    68  0006                     _PORTB	set	6
    69  0007                     _PORTC	set	7
    70  0059                     _INTF	set	89
    71  0029                     _RA1	set	41
    72  002A                     _RA2	set	42
    73  002B                     _RA3	set	43
    74  002D                     _RA5	set	45
    75  0031                     _RB1	set	49
    76  0032                     _RB2	set	50
    77  0033                     _RB3	set	51
    78  0034                     _RB4	set	52
    79  0036                     _RB6	set	54
    80  0037                     _RB7	set	55
    81  003C                     _RC4	set	60
    82  003D                     _RC5	set	61
    83  009F                     _ADCON1	set	159
    84  0081                     _OPTION_REG	set	129
    85  0085                     _TRISA	set	133
    86  0086                     _TRISB	set	134
    87  0087                     _TRISC	set	135
    88                           
    89                           	psect	cinit
    90  0011                     start_initialization:	
    91                           ; #config settings
    92                           
    93  0011                     __initialization:	
    94                           
    95                           ; Clear objects allocated to COMMON
    96  0011  01F0               	clrf	__pbssCOMMON& (0+127)
    97  0012  01F1               	clrf	(__pbssCOMMON+1)& (0+127)
    98  0013  01F2               	clrf	(__pbssCOMMON+2)& (0+127)
    99  0014  01F3               	clrf	(__pbssCOMMON+3)& (0+127)
   100  0015  01F4               	clrf	(__pbssCOMMON+4)& (0+127)
   101  0016  01F5               	clrf	(__pbssCOMMON+5)& (0+127)
   102                           
   103                           ; Clear objects allocated to BANK0
   104  0017  01A0               	clrf	__pbssBANK0& (0+127)
   105  0018  01A1               	clrf	(__pbssBANK0+1)& (0+127)
   106  0019  01A2               	clrf	(__pbssBANK0+2)& (0+127)
   107  001A  01A3               	clrf	(__pbssBANK0+3)& (0+127)
   108                           
   109                           ; Initialize objects allocated to BANK0
   110  001B  21A4               	fcall	__pidataBANK0	;fetch initializer
   111  001C  00A7               	movwf	__pdataBANK0& (0+127)
   112  001D                     end_of_initialization:	
   113                           ;End of C runtime variable initialization code
   114                           
   115  001D                     __end_of__initialization:	
   116  001D  0183               	clrf	3
   117  001E  281F               	ljmp	_main	;jump to C main() function
   118                           
   119                           	psect	bssCOMMON
   120  0070                     __pbssCOMMON:	
   121  0070                     _count:	
   122  0070                     	ds	1
   123  0071                     _ll:	
   124  0071                     	ds	1
   125  0072                     _lp_flag:	
   126  0072                     	ds	1
   127  0073                     _lu:	
   128  0073                     	ds	1
   129  0074                     _ul:	
   130  0074                     	ds	1
   131  0075                     _uu:	
   132  0075                     	ds	1
   133                           
   134                           	psect	bssBANK0
   135  0020                     __pbssBANK0:	
   136  0020                     _Dry_Run_Timer:	
   137  0020                     	ds	1
   138  0021                     _level_check:	
   139  0021                     	ds	1
   140  0022                     _motor_flag:	
   141  0022                     	ds	1
   142  0023                     _txr_not_received:	
   143  0023                     	ds	1
   144                           
   145                           	psect	dataBANK0
   146  0027                     __pdataBANK0:	
   147  0027                     _DRY_RUN_NEEDED:	
   148  0027                     	ds	1
   149                           
   150                           	psect	cstackCOMMON
   151  0076                     __pcstackCOMMON:	
   152  0076                     ?_main:	
   153  0076                     ?_Tx_Received:	
   154                           ; 0 bytes @ 0x0
   155                           
   156  0076                     ??_Tx_Received:	
   157                           ; 0 bytes @ 0x0
   158                           
   159                           
   160                           ; 0 bytes @ 0x0
   161  0076                     	ds	5
   162                           
   163                           	psect	cstackBANK0
   164  0024                     __pcstackBANK0:	
   165  0024                     ??_main:	
   166                           
   167                           ; 0 bytes @ 0x0
   168  0024                     	ds	3
   169                           
   170                           	psect	maintext
   171  001F                     __pmaintext:	
   172 ;;
   173 ;;Main: autosize = 0, tempsize = 3, incstack = 0, save=0
   174 ;;
   175 ;; *************** function _main *****************
   176 ;; Defined at:
   177 ;;		line 30 in file "E:\Study Material\XC8 PROJECTS\WLC 1PH TRIP\WLC_NEW.C"
   178 ;; Parameters:    Size  Location     Type
   179 ;;		None
   180 ;; Auto vars:     Size  Location     Type
   181 ;;		None
   182 ;; Return value:  Size  Location     Type
   183 ;;		None               void
   184 ;; Registers used:
   185 ;;		wreg, status,2, status,0
   186 ;; Tracked objects:
   187 ;;		On entry : 17F/0
   188 ;;		On exit  : 0/0
   189 ;;		Unchanged: 0/0
   190 ;; Data sizes:     COMMON   BANK0   BANK1
   191 ;;      Params:         0       0       0
   192 ;;      Locals:         0       0       0
   193 ;;      Temps:          0       3       0
   194 ;;      Totals:         0       3       0
   195 ;;Total ram usage:        3 bytes
   196 ;; Hardware stack levels required when called:    1
   197 ;; This function calls:
   198 ;;		Nothing
   199 ;; This function is called by:
   200 ;;		Startup code after reset
   201 ;; This function uses a non-reentrant model
   202 ;;
   203                           
   204                           
   205                           ;psect for function _main
   206  001F                     _main:	
   207                           
   208                           ;WLC_NEW.C: 32: ADCON1 = 0x06;
   209                           
   210                           ;incstack = 0
   211                           ; Regs used in _main: [wreg+status,2+status,0]
   212  001F  3006               	movlw	6
   213  0020  1683               	bsf	3,5	;RP0=1, select bank1
   214  0021  1303               	bcf	3,6	;RP1=0, select bank1
   215  0022  009F               	movwf	31	;volatile
   216                           
   217                           ;WLC_NEW.C: 33: TRISA = 0x00;
   218  0023  0185               	clrf	5	;volatile
   219                           
   220                           ;WLC_NEW.C: 34: TRISB = 0x81;
   221  0024  3081               	movlw	129
   222  0025  0086               	movwf	6	;volatile
   223                           
   224                           ;WLC_NEW.C: 35: TRISC = 0x00;
   225  0026  0187               	clrf	7	;volatile
   226                           
   227                           ;WLC_NEW.C: 37: OPTION_REG = 0xC0;
   228  0027  30C0               	movlw	192
   229  0028  0081               	movwf	1	;volatile
   230                           
   231                           ;WLC_NEW.C: 38: INTCON = 0x90;
   232  0029  3090               	movlw	144
   233  002A  008B               	movwf	11	;volatile
   234                           
   235                           ;WLC_NEW.C: 40: PORTB = 0x00;
   236  002B  1283               	bcf	3,5	;RP0=0, select bank0
   237  002C  1303               	bcf	3,6	;RP1=0, select bank0
   238  002D  0186               	clrf	6	;volatile
   239                           
   240                           ;WLC_NEW.C: 41: PORTA = 0x00;
   241  002E  0185               	clrf	5	;volatile
   242                           
   243                           ;WLC_NEW.C: 42: PORTC = 0x00;
   244  002F  0187               	clrf	7	;volatile
   245                           
   246                           ;WLC_NEW.C: 44: for(count = 0; count <= 4; count++)
   247  0030  01F0               	clrf	_count
   248  0031  3005               	movlw	5
   249  0032  0270               	subwf	_count,w
   250  0033  1803               	btfsc	3,0
   251  0034  285E               	goto	l954
   252  0035                     l944:	
   253                           
   254                           ;WLC_NEW.C: 45: {
   255                           ;WLC_NEW.C: 46: PORTB = 0xFF;
   256  0035  30FF               	movlw	255
   257  0036  0086               	movwf	6	;volatile
   258                           
   259                           ;WLC_NEW.C: 47: _delay(1000000);
   260  0037  3006               	movlw	6
   261  0038  00A6               	movwf	??_main+2
   262  0039  3013               	movlw	19
   263  003A  00A5               	movwf	??_main+1
   264  003B  30B1               	movlw	177
   265  003C  00A4               	movwf	??_main
   266  003D                     u827:	
   267  003D  0BA4               	decfsz	??_main,f
   268  003E  283D               	goto	u827
   269  003F  0BA5               	decfsz	??_main+1,f
   270  0040  283D               	goto	u827
   271  0041  0BA6               	decfsz	??_main+2,f
   272  0042  283D               	goto	u827
   273  0043  2844               	nop2
   274                           
   275                           ;WLC_NEW.C: 48: PORTB = 0x00;
   276  0044  1283               	bcf	3,5	;RP0=0, select bank0
   277  0045  1303               	bcf	3,6	;RP1=0, select bank0
   278  0046  0186               	clrf	6	;volatile
   279                           
   280                           ;WLC_NEW.C: 49: _delay(1000000);
   281  0047  3006               	movlw	6
   282  0048  00A6               	movwf	??_main+2
   283  0049  3013               	movlw	19
   284  004A  00A5               	movwf	??_main+1
   285  004B  30B1               	movlw	177
   286  004C  00A4               	movwf	??_main
   287  004D                     u837:	
   288  004D  0BA4               	decfsz	??_main,f
   289  004E  284D               	goto	u837
   290  004F  0BA5               	decfsz	??_main+1,f
   291  0050  284D               	goto	u837
   292  0051  0BA6               	decfsz	??_main+2,f
   293  0052  284D               	goto	u837
   294  0053  2854               	nop2
   295  0054  3001               	movlw	1
   296  0055  1283               	bcf	3,5	;RP0=0, select bank0
   297  0056  1303               	bcf	3,6	;RP1=0, select bank0
   298  0057  00A4               	movwf	??_main
   299  0058  0824               	movf	??_main,w
   300  0059  07F0               	addwf	_count,f
   301  005A  3005               	movlw	5
   302  005B  0270               	subwf	_count,w
   303  005C  1C03               	skipc
   304  005D  2835               	goto	l944
   305  005E                     l954:	
   306                           
   307                           ;WLC_NEW.C: 50: }
   308                           ;WLC_NEW.C: 51: count = 0;
   309  005E  01F0               	clrf	_count
   310  005F                     l956:	
   311                           ;WLC_NEW.C: 53: while(1)
   312                           
   313                           
   314                           ;WLC_NEW.C: 54: {
   315                           ;WLC_NEW.C: 56: if( motor_flag == 1 )
   316  005F  1283               	bcf	3,5	;RP0=0, select bank0
   317  0060  1303               	bcf	3,6	;RP1=0, select bank0
   318  0061  0822               	movf	_motor_flag,w
   319  0062  3A01               	xorlw	1
   320  0063  1D03               	skipz
   321  0064  286B               	goto	l968
   322                           
   323                           ;WLC_NEW.C: 57: {
   324                           ;WLC_NEW.C: 58: txr_not_received ++;
   325  0065  3001               	movlw	1
   326  0066  00A4               	movwf	??_main
   327  0067  0824               	movf	??_main,w
   328  0068  07A3               	addwf	_txr_not_received,f
   329                           
   330                           ;WLC_NEW.C: 60: if( uu == 0 && ll == 1 )
   331  0069  08F5               	movf	_uu,f
   332  006A  2873               	goto	L3
   333  006B                     l968:	
   334                           ;WLC_NEW.C: 67: }
   335                           ;WLC_NEW.C: 68: }
   336                           
   337                           ;WLC_NEW.C: 64: else
   338                           ;WLC_NEW.C: 65: {
   339                           ;WLC_NEW.C: 66: level_check = 0;
   340                           
   341                           ;WLC_NEW.C: 63: }
   342                           
   343                           ;WLC_NEW.C: 61: {
   344                           ;WLC_NEW.C: 62: level_check = 1;
   345                           
   346                           
   347                           ;WLC_NEW.C: 70: else
   348                           ;WLC_NEW.C: 71: {
   349                           ;WLC_NEW.C: 72: if( (uu == 0 && ul == 0) && (lu == 1 && ll == 1) )
   350  006B  08F5               	movf	_uu,f
   351  006C  1D03               	skipz
   352  006D  287C               	goto	l978
   353  006E  08F4               	movf	_ul,f
   354  006F  1D03               	skipz
   355  0070  287C               	goto	l978
   356  0071  0873               	movf	_lu,w
   357  0072  3A01               	xorlw	1
   358  0073                     L3:	
   359  0073  1D03               	skipz
   360  0074  287C               	goto	l978
   361  0075  0871               	movf	_ll,w
   362  0076  3A01               	xorlw	1
   363  0077  1D03               	skipz
   364  0078  287C               	goto	l978
   365                           
   366                           ;WLC_NEW.C: 73: {
   367                           ;WLC_NEW.C: 74: level_check = 1;
   368  0079  01A1               	clrf	_level_check
   369  007A  0AA1               	incf	_level_check,f
   370                           
   371                           ;WLC_NEW.C: 75: }
   372  007B  287D               	goto	l980
   373  007C                     l978:	
   374                           
   375                           ;WLC_NEW.C: 76: else
   376                           ;WLC_NEW.C: 77: {
   377                           ;WLC_NEW.C: 78: level_check = 0;
   378  007C  01A1               	clrf	_level_check
   379  007D                     l980:	
   380                           
   381                           ;WLC_NEW.C: 79: }
   382                           ;WLC_NEW.C: 80: }
   383                           ;WLC_NEW.C: 82: if( level_check == 1 && txr_not_received <= 20 )
   384  007D  0821               	movf	_level_check,w
   385  007E  3A01               	xorlw	1
   386  007F  1D03               	skipz
   387  0080  288F               	goto	l988
   388  0081  3015               	movlw	21
   389  0082  0223               	subwf	_txr_not_received,w
   390  0083  1803               	skipnc
   391  0084  288F               	goto	l988
   392                           
   393                           ;WLC_NEW.C: 83: {
   394                           ;WLC_NEW.C: 85: if( lp_flag == 0 )
   395  0085  08F2               	movf	_lp_flag,f
   396  0086  1D03               	skipz
   397  0087  2897               	goto	l996
   398                           
   399                           ;WLC_NEW.C: 86: {
   400                           ;WLC_NEW.C: 87: RC4 = 1;
   401  0088  1607               	bsf	7,4	;volatile
   402                           
   403                           ;WLC_NEW.C: 88: lp_flag = 1;
   404  0089  01F2               	clrf	_lp_flag
   405  008A  0AF2               	incf	_lp_flag,f
   406                           
   407                           ;WLC_NEW.C: 89: motor_flag = 1;
   408  008B  01A2               	clrf	_motor_flag
   409  008C  0AA2               	incf	_motor_flag,f
   410                           
   411                           ;WLC_NEW.C: 90: RC5 = 1;
   412  008D  1687               	bsf	7,5	;volatile
   413                           
   414                           ;WLC_NEW.C: 91: }
   415                           ;WLC_NEW.C: 92: }
   416  008E  2897               	goto	l996
   417  008F                     l988:	
   418                           
   419                           ;WLC_NEW.C: 94: else
   420                           ;WLC_NEW.C: 95: {
   421                           ;WLC_NEW.C: 97: if( lp_flag == 1 )
   422  008F  0872               	movf	_lp_flag,w
   423  0090  3A01               	xorlw	1
   424  0091  1D03               	skipz
   425  0092  2897               	goto	l996
   426                           
   427                           ;WLC_NEW.C: 98: {
   428                           ;WLC_NEW.C: 99: RC4 = 0;
   429  0093  1207               	bcf	7,4	;volatile
   430                           
   431                           ;WLC_NEW.C: 100: lp_flag = 0;
   432  0094  01F2               	clrf	_lp_flag
   433                           
   434                           ;WLC_NEW.C: 101: motor_flag = 0;
   435  0095  01A2               	clrf	_motor_flag
   436                           
   437                           ;WLC_NEW.C: 102: RC5 = 0;
   438  0096  1287               	bcf	7,5	;volatile
   439  0097                     l996:	
   440                           
   441                           ;WLC_NEW.C: 103: }
   442                           ;WLC_NEW.C: 104: }
   443                           ;WLC_NEW.C: 107: if(DRY_RUN_NEEDED == 1 && RB7 == 0 && motor_flag == 1)
   444  0097  0827               	movf	_DRY_RUN_NEEDED,w
   445  0098  3A01               	xorlw	1
   446  0099  1903               	btfsc	3,2
   447  009A  1B86               	btfsc	6,7	;volatile
   448  009B  28CD               	goto	l1020
   449  009C  0822               	movf	_motor_flag,w
   450  009D  3A01               	xorlw	1
   451  009E  1D03               	skipz
   452  009F  28CD               	goto	l1020
   453                           
   454                           ;WLC_NEW.C: 108: {
   455                           ;WLC_NEW.C: 109: Dry_Run_Timer++;
   456  00A0  3001               	movlw	1
   457  00A1  00A4               	movwf	??_main
   458  00A2  0824               	movf	??_main,w
   459  00A3  07A0               	addwf	_Dry_Run_Timer,f
   460                           
   461                           ;WLC_NEW.C: 110: if(Dry_Run_Timer > 6)
   462  00A4  3007               	movlw	7
   463  00A5  0220               	subwf	_Dry_Run_Timer,w
   464  00A6  1C03               	skipc
   465  00A7  28D0               	goto	l89
   466                           
   467                           ;WLC_NEW.C: 111: {
   468                           ;WLC_NEW.C: 113: RC4 = 0;
   469  00A8  1207               	bcf	7,4	;volatile
   470                           
   471                           ;WLC_NEW.C: 114: lp_flag = 0;
   472  00A9  01F2               	clrf	_lp_flag
   473                           
   474                           ;WLC_NEW.C: 115: motor_flag = 0;
   475  00AA  01A2               	clrf	_motor_flag
   476                           
   477                           ;WLC_NEW.C: 116: RC5 = 0;
   478  00AB  1287               	bcf	7,5	;volatile
   479  00AC                     l1012:	
   480                           ;WLC_NEW.C: 117: while(1)
   481                           
   482                           
   483                           ;WLC_NEW.C: 118: {
   484                           ;WLC_NEW.C: 120: RB6 = 1;
   485  00AC  1283               	bcf	3,5	;RP0=0, select bank0
   486  00AD  1303               	bcf	3,6	;RP1=0, select bank0
   487  00AE  1706               	bsf	6,6	;volatile
   488                           
   489                           ;WLC_NEW.C: 121: _delay(1000000);
   490  00AF  3006               	movlw	6
   491  00B0  00A6               	movwf	??_main+2
   492  00B1  3013               	movlw	19
   493  00B2  00A5               	movwf	??_main+1
   494  00B3  30B1               	movlw	177
   495  00B4  00A4               	movwf	??_main
   496  00B5                     u847:	
   497  00B5  0BA4               	decfsz	??_main,f
   498  00B6  28B5               	goto	u847
   499  00B7  0BA5               	decfsz	??_main+1,f
   500  00B8  28B5               	goto	u847
   501  00B9  0BA6               	decfsz	??_main+2,f
   502  00BA  28B5               	goto	u847
   503  00BB  28BC               	nop2
   504                           
   505                           ;WLC_NEW.C: 122: RB6 = 0;
   506  00BC  1283               	bcf	3,5	;RP0=0, select bank0
   507  00BD  1303               	bcf	3,6	;RP1=0, select bank0
   508  00BE  1306               	bcf	6,6	;volatile
   509                           
   510                           ;WLC_NEW.C: 123: _delay(1000000);
   511  00BF  3006               	movlw	6
   512  00C0  00A6               	movwf	??_main+2
   513  00C1  3013               	movlw	19
   514  00C2  00A5               	movwf	??_main+1
   515  00C3  30B1               	movlw	177
   516  00C4  00A4               	movwf	??_main
   517  00C5                     u857:	
   518  00C5  0BA4               	decfsz	??_main,f
   519  00C6  28C5               	goto	u857
   520  00C7  0BA5               	decfsz	??_main+1,f
   521  00C8  28C5               	goto	u857
   522  00C9  0BA6               	decfsz	??_main+2,f
   523  00CA  28C5               	goto	u857
   524  00CB  28CC               	nop2
   525  00CC  28AC               	goto	l1012
   526  00CD                     l1020:	
   527                           ;WLC_NEW.C: 124: }
   528                           ;WLC_NEW.C: 125: }
   529                           ;WLC_NEW.C: 126: }
   530                           
   531                           
   532                           ;WLC_NEW.C: 127: else
   533                           ;WLC_NEW.C: 128: {
   534                           ;WLC_NEW.C: 129: Dry_Run_Timer = 0;
   535  00CD  1283               	bcf	3,5	;RP0=0, select bank0
   536  00CE  1303               	bcf	3,6	;RP1=0, select bank0
   537  00CF  01A0               	clrf	_Dry_Run_Timer
   538  00D0                     l89:	
   539                           
   540                           ;WLC_NEW.C: 130: }
   541                           ;WLC_NEW.C: 133: for( count = 0; count < 15; count++ )
   542  00D0  01F0               	clrf	_count
   543  00D1                     L2:	
   544  00D1  300F               	movlw	15
   545  00D2  0270               	subwf	_count,w
   546  00D3  1803               	btfsc	3,0
   547  00D4  285F               	goto	l956
   548                           
   549                           ;WLC_NEW.C: 134: {
   550                           ;WLC_NEW.C: 135: _delay(1000000);
   551  00D5  3006               	movlw	6
   552  00D6  1283               	bcf	3,5	;RP0=0, select bank0
   553  00D7  1303               	bcf	3,6	;RP1=0, select bank0
   554  00D8  00A6               	movwf	??_main+2
   555  00D9  3013               	movlw	19
   556  00DA  00A5               	movwf	??_main+1
   557  00DB  30B1               	movlw	177
   558  00DC  00A4               	movwf	??_main
   559  00DD                     u867:	
   560  00DD  0BA4               	decfsz	??_main,f
   561  00DE  28DD               	goto	u867
   562  00DF  0BA5               	decfsz	??_main+1,f
   563  00E0  28DD               	goto	u867
   564  00E1  0BA6               	decfsz	??_main+2,f
   565  00E2  28DD               	goto	u867
   566  00E3  28E4               	nop2
   567  00E4  3001               	movlw	1
   568  00E5  1283               	bcf	3,5	;RP0=0, select bank0
   569  00E6  1303               	bcf	3,6	;RP1=0, select bank0
   570  00E7  00A4               	movwf	??_main
   571  00E8  0824               	movf	??_main,w
   572  00E9  07F0               	addwf	_count,f
   573  00EA  28D1               	goto	L2
   574  00EB                     __end_of_main:	
   575                           
   576                           	psect	text1
   577  00EB                     __ptext1:	
   578 ;; *************** function _Tx_Received *****************
   579 ;; Defined at:
   580 ;;		line 141 in file "E:\Study Material\XC8 PROJECTS\WLC 1PH TRIP\WLC_NEW.C"
   581 ;; Parameters:    Size  Location     Type
   582 ;;		None
   583 ;; Auto vars:     Size  Location     Type
   584 ;;		None
   585 ;; Return value:  Size  Location     Type
   586 ;;		None               void
   587 ;; Registers used:
   588 ;;		wreg, status,2
   589 ;; Tracked objects:
   590 ;;		On entry : 0/0
   591 ;;		On exit  : 0/0
   592 ;;		Unchanged: 0/0
   593 ;; Data sizes:     COMMON   BANK0   BANK1
   594 ;;      Params:         0       0       0
   595 ;;      Locals:         0       0       0
   596 ;;      Temps:          5       0       0
   597 ;;      Totals:         5       0       0
   598 ;;Total ram usage:        5 bytes
   599 ;; Hardware stack levels used:    1
   600 ;; This function calls:
   601 ;;		Nothing
   602 ;; This function is called by:
   603 ;;		Interrupt level 1
   604 ;; This function uses a non-reentrant model
   605 ;;
   606                           
   607                           
   608                           ;psect for function _Tx_Received
   609  00EB                     _Tx_Received:	
   610                           
   611                           ;WLC_NEW.C: 143: txr_not_received = 0;
   612  00EB  01A3               	clrf	_txr_not_received
   613                           
   614                           ;WLC_NEW.C: 146: TRISA = 0x00;
   615  00EC  1683               	bsf	3,5	;RP0=1, select bank1
   616  00ED  1303               	bcf	3,6	;RP1=0, select bank1
   617  00EE  0185               	clrf	5	;volatile
   618                           
   619                           ;WLC_NEW.C: 147: PORTA = 0x00;
   620  00EF  1283               	bcf	3,5	;RP0=0, select bank0
   621  00F0  1303               	bcf	3,6	;RP1=0, select bank0
   622  00F1  0185               	clrf	5	;volatile
   623                           
   624                           ;WLC_NEW.C: 149: TRISA = 0x04;
   625  00F2  3004               	movlw	4
   626  00F3  1683               	bsf	3,5	;RP0=1, select bank1
   627  00F4  1303               	bcf	3,6	;RP1=0, select bank1
   628  00F5  0085               	movwf	5	;volatile
   629                           
   630                           ;WLC_NEW.C: 152: if( RA2 == 1 )
   631  00F6  1283               	bcf	3,5	;RP0=0, select bank0
   632  00F7  1303               	bcf	3,6	;RP1=0, select bank0
   633  00F8  1D05               	btfss	5,2	;volatile
   634  00F9  2908               	goto	i1l866
   635                           
   636                           ;WLC_NEW.C: 153: {
   637                           ;WLC_NEW.C: 154: _delay(1000);
   638  00FA  30F9               	movlw	249
   639  00FB  00F6               	movwf	??_Tx_Received
   640  00FC                     u87_27:	
   641  00FC  0000               	nop
   642  00FD  0BF6               	decfsz	??_Tx_Received,f
   643  00FE  28FC               	goto	u87_27
   644  00FF  2900               	nop2	;nop
   645  0100  0000               	nop
   646                           
   647                           ;WLC_NEW.C: 155: if( RA2 == 1 )
   648  0101  1283               	bcf	3,5	;RP0=0, select bank0
   649  0102  1303               	bcf	3,6	;RP1=0, select bank0
   650  0103  1D05               	btfss	5,2	;volatile
   651  0104  2909               	goto	i1l99
   652                           
   653                           ;WLC_NEW.C: 156: {
   654                           ;WLC_NEW.C: 157: ul = 1;
   655  0105  01F4               	clrf	_ul
   656  0106  0AF4               	incf	_ul,f
   657                           
   658                           ;WLC_NEW.C: 158: }
   659                           ;WLC_NEW.C: 159: }
   660  0107  2909               	goto	i1l99
   661  0108                     i1l866:	
   662                           
   663                           ;WLC_NEW.C: 160: else
   664                           ;WLC_NEW.C: 161: {
   665                           ;WLC_NEW.C: 162: ul = 0;
   666  0108  01F4               	clrf	_ul
   667  0109                     i1l99:	
   668                           
   669                           ;WLC_NEW.C: 163: }
   670                           ;WLC_NEW.C: 166: TRISA = 0x00;
   671  0109  1683               	bsf	3,5	;RP0=1, select bank1
   672  010A  1303               	bcf	3,6	;RP1=0, select bank1
   673  010B  0185               	clrf	5	;volatile
   674                           
   675                           ;WLC_NEW.C: 167: PORTA = 0x00;
   676  010C  1283               	bcf	3,5	;RP0=0, select bank0
   677  010D  1303               	bcf	3,6	;RP1=0, select bank0
   678  010E  0185               	clrf	5	;volatile
   679                           
   680                           ;WLC_NEW.C: 169: TRISA = 0x02;
   681  010F  3002               	movlw	2
   682  0110  1683               	bsf	3,5	;RP0=1, select bank1
   683  0111  1303               	bcf	3,6	;RP1=0, select bank1
   684  0112  0085               	movwf	5	;volatile
   685                           
   686                           ;WLC_NEW.C: 172: if( RA1 == 1 )
   687  0113  1283               	bcf	3,5	;RP0=0, select bank0
   688  0114  1303               	bcf	3,6	;RP1=0, select bank0
   689  0115  1C85               	btfss	5,1	;volatile
   690  0116  2927               	goto	i1l878
   691                           
   692                           ;WLC_NEW.C: 173: {
   693                           ;WLC_NEW.C: 174: _delay(1000);
   694  0117  30F9               	movlw	249
   695  0118  00F6               	movwf	??_Tx_Received
   696  0119                     u88_27:	
   697  0119  0000               	nop
   698  011A  0BF6               	decfsz	??_Tx_Received,f
   699  011B  2919               	goto	u88_27
   700  011C  291D               	nop2	;nop
   701  011D  0000               	nop
   702                           
   703                           ;WLC_NEW.C: 175: if( RA1 == 1 )
   704  011E  1283               	bcf	3,5	;RP0=0, select bank0
   705  011F  1303               	bcf	3,6	;RP1=0, select bank0
   706  0120  1C85               	btfss	5,1	;volatile
   707  0121  2928               	goto	i1l880
   708                           
   709                           ;WLC_NEW.C: 176: {
   710                           ;WLC_NEW.C: 177: uu = 1;
   711  0122  01F5               	clrf	_uu
   712  0123  0AF5               	incf	_uu,f
   713                           
   714                           ;WLC_NEW.C: 178: ul = 1;
   715  0124  01F4               	clrf	_ul
   716  0125  0AF4               	incf	_ul,f
   717                           
   718                           ;WLC_NEW.C: 179: }
   719                           ;WLC_NEW.C: 180: }
   720  0126  2928               	goto	i1l880
   721  0127                     i1l878:	
   722                           
   723                           ;WLC_NEW.C: 182: else
   724                           ;WLC_NEW.C: 183: {
   725                           ;WLC_NEW.C: 184: uu = 0;
   726  0127  01F5               	clrf	_uu
   727  0128                     i1l880:	
   728                           
   729                           ;WLC_NEW.C: 185: }
   730                           ;WLC_NEW.C: 188: if(uu == 1)
   731  0128  0875               	movf	_uu,w
   732  0129  3A01               	xorlw	1
   733  012A  1D03               	skipz
   734  012B  292E               	goto	i1l103
   735                           
   736                           ;WLC_NEW.C: 189: {
   737                           ;WLC_NEW.C: 190: RB1 = 1;
   738  012C  1486               	bsf	6,1	;volatile
   739                           
   740                           ;WLC_NEW.C: 191: }
   741  012D  292F               	goto	i1l884
   742  012E                     i1l103:	
   743                           
   744                           ;WLC_NEW.C: 192: else
   745                           ;WLC_NEW.C: 193: {
   746                           ;WLC_NEW.C: 194: RB1 = 0;
   747  012E  1086               	bcf	6,1	;volatile
   748  012F                     i1l884:	
   749                           
   750                           ;WLC_NEW.C: 195: }
   751                           ;WLC_NEW.C: 197: if(ul == 1)
   752  012F  0874               	movf	_ul,w
   753  0130  3A01               	xorlw	1
   754  0131  1D03               	skipz
   755  0132  2935               	goto	i1l105
   756                           
   757                           ;WLC_NEW.C: 198: {
   758                           ;WLC_NEW.C: 199: RB2 = 1;
   759  0133  1506               	bsf	6,2	;volatile
   760                           
   761                           ;WLC_NEW.C: 200: }
   762  0134  2936               	goto	i1l888
   763  0135                     i1l105:	
   764                           
   765                           ;WLC_NEW.C: 201: else
   766                           ;WLC_NEW.C: 202: {
   767                           ;WLC_NEW.C: 203: RB2 = 0;
   768  0135  1106               	bcf	6,2	;volatile
   769  0136                     i1l888:	
   770                           
   771                           ;WLC_NEW.C: 204: }
   772                           ;WLC_NEW.C: 207: TRISA = 0x00;
   773  0136  1683               	bsf	3,5	;RP0=1, select bank1
   774  0137  1303               	bcf	3,6	;RP1=0, select bank1
   775  0138  0185               	clrf	5	;volatile
   776                           
   777                           ;WLC_NEW.C: 208: PORTA = 0x00;
   778  0139  1283               	bcf	3,5	;RP0=0, select bank0
   779  013A  1303               	bcf	3,6	;RP1=0, select bank0
   780  013B  0185               	clrf	5	;volatile
   781                           
   782                           ;WLC_NEW.C: 210: TRISA = 0x20;
   783  013C  3020               	movlw	32
   784  013D  1683               	bsf	3,5	;RP0=1, select bank1
   785  013E  1303               	bcf	3,6	;RP1=0, select bank1
   786  013F  0085               	movwf	5	;volatile
   787                           
   788                           ;WLC_NEW.C: 211: RA3 = 1;
   789  0140  1283               	bcf	3,5	;RP0=0, select bank0
   790  0141  1303               	bcf	3,6	;RP1=0, select bank0
   791  0142  1585               	bsf	5,3	;volatile
   792                           
   793                           ;WLC_NEW.C: 212: _delay(1000);
   794  0143  30F9               	movlw	249
   795  0144  00F6               	movwf	??_Tx_Received
   796  0145                     u89_27:	
   797  0145  0000               	nop
   798  0146  0BF6               	decfsz	??_Tx_Received,f
   799  0147  2945               	goto	u89_27
   800  0148  2949               	nop2	;nop
   801  0149  0000               	nop
   802                           
   803                           ;WLC_NEW.C: 214: if( RA5 == 1 )
   804  014A  1283               	bcf	3,5	;RP0=0, select bank0
   805  014B  1303               	bcf	3,6	;RP1=0, select bank0
   806  014C  1E85               	btfss	5,5	;volatile
   807  014D  295C               	goto	i1l904
   808                           
   809                           ;WLC_NEW.C: 215: {
   810                           ;WLC_NEW.C: 216: _delay(1000);
   811  014E  30F9               	movlw	249
   812  014F  00F6               	movwf	??_Tx_Received
   813  0150                     u90_27:	
   814  0150  0000               	nop
   815  0151  0BF6               	decfsz	??_Tx_Received,f
   816  0152  2950               	goto	u90_27
   817  0153  2954               	nop2	;nop
   818  0154  0000               	nop
   819                           
   820                           ;WLC_NEW.C: 217: if( RA5 == 1 )
   821  0155  1283               	bcf	3,5	;RP0=0, select bank0
   822  0156  1303               	bcf	3,6	;RP1=0, select bank0
   823  0157  1E85               	btfss	5,5	;volatile
   824  0158  295D               	goto	i1l109
   825                           
   826                           ;WLC_NEW.C: 218: {
   827                           ;WLC_NEW.C: 219: ll = 1;
   828  0159  01F1               	clrf	_ll
   829  015A  0AF1               	incf	_ll,f
   830                           
   831                           ;WLC_NEW.C: 220: }
   832                           ;WLC_NEW.C: 221: }
   833  015B  295D               	goto	i1l109
   834  015C                     i1l904:	
   835                           
   836                           ;WLC_NEW.C: 222: else
   837                           ;WLC_NEW.C: 223: {
   838                           ;WLC_NEW.C: 224: ll = 0;
   839  015C  01F1               	clrf	_ll
   840  015D                     i1l109:	
   841                           
   842                           ;WLC_NEW.C: 225: }
   843                           ;WLC_NEW.C: 228: TRISA = 0x00;
   844  015D  1683               	bsf	3,5	;RP0=1, select bank1
   845  015E  1303               	bcf	3,6	;RP1=0, select bank1
   846  015F  0185               	clrf	5	;volatile
   847                           
   848                           ;WLC_NEW.C: 229: PORTA = 0x00;
   849  0160  1283               	bcf	3,5	;RP0=0, select bank0
   850  0161  1303               	bcf	3,6	;RP1=0, select bank0
   851  0162  0185               	clrf	5	;volatile
   852                           
   853                           ;WLC_NEW.C: 231: TRISA = 0x08;
   854  0163  3008               	movlw	8
   855  0164  1683               	bsf	3,5	;RP0=1, select bank1
   856  0165  1303               	bcf	3,6	;RP1=0, select bank1
   857  0166  0085               	movwf	5	;volatile
   858                           
   859                           ;WLC_NEW.C: 232: RA5 = 1;
   860  0167  1283               	bcf	3,5	;RP0=0, select bank0
   861  0168  1303               	bcf	3,6	;RP1=0, select bank0
   862  0169  1685               	bsf	5,5	;volatile
   863                           
   864                           ;WLC_NEW.C: 233: _delay(1000);
   865  016A  30F9               	movlw	249
   866  016B  00F6               	movwf	??_Tx_Received
   867  016C                     u91_27:	
   868  016C  0000               	nop
   869  016D  0BF6               	decfsz	??_Tx_Received,f
   870  016E  296C               	goto	u91_27
   871  016F  2970               	nop2	;nop
   872  0170  0000               	nop
   873                           
   874                           ;WLC_NEW.C: 235: if( RA3 == 1 )
   875  0171  1283               	bcf	3,5	;RP0=0, select bank0
   876  0172  1303               	bcf	3,6	;RP1=0, select bank0
   877  0173  1D85               	btfss	5,3	;volatile
   878  0174  2983               	goto	i1l920
   879                           
   880                           ;WLC_NEW.C: 236: {
   881                           ;WLC_NEW.C: 237: _delay(1000);
   882  0175  30F9               	movlw	249
   883  0176  00F6               	movwf	??_Tx_Received
   884  0177                     u92_27:	
   885  0177  0000               	nop
   886  0178  0BF6               	decfsz	??_Tx_Received,f
   887  0179  2977               	goto	u92_27
   888  017A  297B               	nop2	;nop
   889  017B  0000               	nop
   890                           
   891                           ;WLC_NEW.C: 238: if( RA3 == 1 )
   892  017C  1283               	bcf	3,5	;RP0=0, select bank0
   893  017D  1303               	bcf	3,6	;RP1=0, select bank0
   894  017E  1D85               	btfss	5,3	;volatile
   895  017F  2984               	goto	i1l112
   896                           
   897                           ;WLC_NEW.C: 239: {
   898                           ;WLC_NEW.C: 240: lu = 1;
   899  0180  01F3               	clrf	_lu
   900  0181  0AF3               	incf	_lu,f
   901                           
   902                           ;WLC_NEW.C: 241: }
   903                           ;WLC_NEW.C: 242: }
   904  0182  2984               	goto	i1l112
   905  0183                     i1l920:	
   906                           
   907                           ;WLC_NEW.C: 243: else
   908                           ;WLC_NEW.C: 244: {
   909                           ;WLC_NEW.C: 245: lu = 0;
   910  0183  01F3               	clrf	_lu
   911  0184                     i1l112:	
   912                           
   913                           ;WLC_NEW.C: 246: }
   914                           ;WLC_NEW.C: 249: TRISA = 0x00;
   915  0184  1683               	bsf	3,5	;RP0=1, select bank1
   916  0185  1303               	bcf	3,6	;RP1=0, select bank1
   917  0186  0185               	clrf	5	;volatile
   918                           
   919                           ;WLC_NEW.C: 250: PORTA = 0x00;
   920  0187  1283               	bcf	3,5	;RP0=0, select bank0
   921  0188  1303               	bcf	3,6	;RP1=0, select bank0
   922  0189  0185               	clrf	5	;volatile
   923                           
   924                           ;WLC_NEW.C: 253: if(lu == 1)
   925  018A  0873               	movf	_lu,w
   926  018B  3A01               	xorlw	1
   927  018C  1D03               	skipz
   928  018D  2990               	goto	i1l113
   929                           
   930                           ;WLC_NEW.C: 254: {
   931                           ;WLC_NEW.C: 255: RB3 = 1;
   932  018E  1586               	bsf	6,3	;volatile
   933                           
   934                           ;WLC_NEW.C: 256: }
   935  018F  2991               	goto	i1l926
   936  0190                     i1l113:	
   937                           
   938                           ;WLC_NEW.C: 257: else
   939                           ;WLC_NEW.C: 258: {
   940                           ;WLC_NEW.C: 259: RB3 = 0;
   941  0190  1186               	bcf	6,3	;volatile
   942  0191                     i1l926:	
   943                           
   944                           ;WLC_NEW.C: 260: }
   945                           ;WLC_NEW.C: 262: if(ll == 1)
   946  0191  0871               	movf	_ll,w
   947  0192  3A01               	xorlw	1
   948  0193  1D03               	skipz
   949  0194  2997               	goto	i1l115
   950                           
   951                           ;WLC_NEW.C: 263: {
   952                           ;WLC_NEW.C: 264: RB4 = 1;
   953  0195  1606               	bsf	6,4	;volatile
   954                           
   955                           ;WLC_NEW.C: 265: }
   956  0196  2998               	goto	i1l116
   957  0197                     i1l115:	
   958                           
   959                           ;WLC_NEW.C: 266: else
   960                           ;WLC_NEW.C: 267: {
   961                           ;WLC_NEW.C: 268: RB4 = 0;
   962  0197  1206               	bcf	6,4	;volatile
   963  0198                     i1l116:	
   964                           
   965                           ;WLC_NEW.C: 269: }
   966                           ;WLC_NEW.C: 271: INTF = 0;
   967  0198  108B               	bcf	11,1	;volatile
   968  0199  087A               	movf	??_Tx_Received+4,w
   969  019A  00FF               	movwf	127
   970  019B  0879               	movf	??_Tx_Received+3,w
   971  019C  008A               	movwf	10
   972  019D  0878               	movf	??_Tx_Received+2,w
   973  019E  0084               	movwf	4
   974  019F  0E77               	swapf	(??_Tx_Received+1)^(0+-128),w
   975  01A0  0083               	movwf	3
   976  01A1  0EFE               	swapf	126,f
   977  01A2  0E7E               	swapf	126,w
   978  01A3  0009               	retfie
   979  01A4                     __end_of_Tx_Received:	
   980  007E                     btemp	set	126	;btemp
   981  007E                     wtemp	set	126
   982  007E                     wtemp0	set	126
   983  0080                     wtemp1	set	128
   984  0082                     wtemp2	set	130
   985  0084                     wtemp3	set	132
   986  0086                     wtemp4	set	134
   987  0088                     wtemp5	set	136
   988  007F                     wtemp6	set	127
   989  007E                     ttemp	set	126
   990  007E                     ttemp0	set	126
   991  0081                     ttemp1	set	129
   992  0084                     ttemp2	set	132
   993  0087                     ttemp3	set	135
   994  007F                     ttemp4	set	127
   995  007E                     ltemp	set	126
   996  007E                     ltemp0	set	126
   997  0082                     ltemp1	set	130
   998  0086                     ltemp2	set	134
   999  0080                     ltemp3	set	128
  1000                           
  1001                           	psect	intentry
  1002  0004                     __pintentry:	
  1003                           ;incstack = 0
  1004                           ; Regs used in _Tx_Received: [wreg+status,2]
  1005                           
  1006  0004                     interrupt_function:	
  1007  007E                     saved_w	set	btemp
  1008  0004  00FE               	movwf	btemp
  1009  0005  0E03               	swapf	3,w
  1010  0006  00F7               	movwf	??_Tx_Received+1
  1011  0007  0804               	movf	4,w
  1012  0008  00F8               	movwf	??_Tx_Received+2
  1013  0009  080A               	movf	10,w
  1014  000A  00F9               	movwf	??_Tx_Received+3
  1015  000B  1283               	bcf	3,5	;RP0=0, select bank0
  1016  000C  1303               	bcf	3,6	;RP1=0, select bank0
  1017  000D  087F               	movf	btemp+1,w
  1018  000E  00FA               	movwf	??_Tx_Received+4
  1019  000F  28EB               	ljmp	_Tx_Received


Data Sizes:
    Strings     0
    Constant    0
    Data        1
    BSS         10
    Persistent  0
    Stack       0

Auto Spaces:
    Space          Size  Autos    Used
    COMMON           14      5      11
    BANK0            80      3       8
    BANK1            32      0       0

Pointer List with Targets:

    None.

Critical Paths under _main in COMMON

    None.

Critical Paths under _Tx_Received in COMMON

    None.

Critical Paths under _main in BANK0

    None.

Critical Paths under _Tx_Received in BANK0

    None.

Critical Paths under _main in BANK1

    None.

Critical Paths under _Tx_Received in BANK1

    None.

Call Graph Tables:

 ---------------------------------------------------------------------------------
 (Depth) Function   	        Calls       Base Space   Used Autos Params    Refs
 ---------------------------------------------------------------------------------
 (0) _main                                                 3     3      0       0
                                              0 BANK0      3     3      0
 ---------------------------------------------------------------------------------
 Estimated maximum stack depth 0
 ---------------------------------------------------------------------------------
 (Depth) Function   	        Calls       Base Space   Used Autos Params    Refs
 ---------------------------------------------------------------------------------
 (1) _Tx_Received                                          5     5      0       0
                                              0 COMMON     5     5      0
 ---------------------------------------------------------------------------------
 Estimated maximum stack depth 1
 ---------------------------------------------------------------------------------

 Call Graph Graphs:

 _main (ROOT)

 _Tx_Received (ROOT)

 Address spaces:
Name               Size   Autos  Total    Cost      Usage
SFR3                 0      0       0       4        0.0%
BITSFR3              0      0       0       4        0.0%
SFR2                 0      0       0       5        0.0%
BITSFR2              0      0       0       5        0.0%
BANK1               20      0       0       7        0.0%
BITBANK1            20      0       0       6        0.0%
SFR1                 0      0       0       2        0.0%
BITSFR1              0      0       0       2        0.0%
BANK0               50      3       8       5       10.0%
BITBANK0            50      0       0       4        0.0%
SFR0                 0      0       0       1        0.0%
BITSFR0              0      0       0       1        0.0%
COMMON               E      5       B       1       78.6%
BITCOMMON            E      0       0       0        0.0%
CODE                 0      0       0       0        0.0%
DATA                 0      0      13       8        0.0%
ABS                  0      0      13       3        0.0%
NULL                 0      0       0       0        0.0%
STACK                0      0       0       2        0.0%
EEDATA              40      0       0       0        0.0%


Microchip Technology PIC Macro Assembler V1.33 build 59893 
Symbol Table                                                                                   Tue Jul 21 19:41:07 2015

                     l89 00D0                       _ll 0071                       _lu 0073  
                     _ul 0074                       _uu 0075                      l944 0035  
                    l954 005E                      l980 007D                      l956 005F  
                    l968 006B                      l978 007C                      l996 0097  
                    l988 008F                      _RA1 0029                      _RA2 002A  
                    _RB1 0031                      _RA3 002B                      _RB2 0032  
                    _RB3 0033                      _RA5 002D                      _RB4 0034  
                    _RC4 003C                      _RB6 0036                      _RC5 003D  
                    _RB7 0037                      u827 003D                      u837 004D  
                    u847 00B5                      u857 00C5                      u867 00DD  
                    fsr0 0004                     l1012 00AC                     l1020 00CD  
                   _INTF 0059                     i1l99 0109                     _main 001F  
                   btemp 007E                     ltemp 007E                     start 0010  
                   ttemp 007E                     wtemp 007E                    ?_main 0076  
                  i1l103 012E                    i1l112 0184                    i1l113 0190  
                  i1l105 0135                    i1l115 0197                    i1l116 0198  
                  i1l109 015D                    i1l920 0183                    i1l904 015C  
                  i1l926 0191                    i1l880 0128                    i1l866 0108  
                  i1l884 012F                    i1l878 0127                    i1l888 0136  
                  _PORTA 0005                    _PORTB 0006                    _PORTC 0007  
                  _TRISA 0085                    _TRISB 0086                    _TRISC 0087  
                  u90_27 0150                    u91_27 016C                    u92_27 0177  
                  u87_27 00FC                    u88_27 0119                    u89_27 0145  
                  _count 0070                    pclath 000A                    ltemp0 007E  
                  ltemp1 0082                    ltemp2 0086                    ltemp3 0080  
                  ttemp0 007E                    ttemp1 0081                    ttemp2 0084  
                  ttemp3 0087                    ttemp4 007F                    status 0003  
                  wtemp0 007E                    wtemp1 0080                    wtemp2 0082  
                  wtemp3 0084                    wtemp4 0086                    wtemp5 0088  
                  wtemp6 007F          __initialization 0011             __end_of_main 00EB  
                 ??_main 0024                   _ADCON1 009F                   _INTCON 000B  
                 saved_w 007E            ??_Tx_Received 0076  __end_of__initialization 001D  
         __pcstackCOMMON 0076             __pidataBANK0 01A4               __pbssBANK0 0020  
    __end_of_Tx_Received 01A4               __pmaintext 001F               __pintentry 0004  
                __ptext1 00EB                  _lp_flag 0072     end_of_initialization 001D  
            _Tx_Received 00EB               _motor_flag 0022           _DRY_RUN_NEEDED 0027  
    start_initialization 0011         _txr_not_received 0023              __pdataBANK0 0027  
            __pbssCOMMON 0070                ___latbits 0000            __pcstackBANK0 0024  
           ?_Tx_Received 0076        interrupt_function 0004              _level_check 0021  
          __size_of_main 00CC                 intlevel1 0000     __size_of_Tx_Received 00B9  
             _OPTION_REG 0081            _Dry_Run_Timer 0020  
