

Microchip Technology PIC LITE Macro Assembler V1.33 build 59893 
                                                                                               Mon Sep 12 12:47:57 2016

Microchip Technology Omniscient Code Generator (Lite mode) build 59893
     1                           	processor	16F628A
     2                           	opt	pw 120
     3                           	opt	lm
     4                           	psect	maintext,global,class=CODE,split=1,delta=2
     5                           	psect	cinit,global,class=CODE,merge=1,delta=2
     6                           	psect	cstackCOMMON,global,class=COMMON,space=1,delta=1
     7                           	dabs	1,0x7E,2
     8  0000                     	;# 
     9  0001                     	;# 
    10  0002                     	;# 
    11  0003                     	;# 
    12  0004                     	;# 
    13  0005                     	;# 
    14  0006                     	;# 
    15  000A                     	;# 
    16  000B                     	;# 
    17  000C                     	;# 
    18  000E                     	;# 
    19  000E                     	;# 
    20  000F                     	;# 
    21  0010                     	;# 
    22  0011                     	;# 
    23  0012                     	;# 
    24  0015                     	;# 
    25  0015                     	;# 
    26  0016                     	;# 
    27  0017                     	;# 
    28  0018                     	;# 
    29  0019                     	;# 
    30  001A                     	;# 
    31  001F                     	;# 
    32  0081                     	;# 
    33  0085                     	;# 
    34  0086                     	;# 
    35  008C                     	;# 
    36  008E                     	;# 
    37  0092                     	;# 
    38  0098                     	;# 
    39  0099                     	;# 
    40  009A                     	;# 
    41  009B                     	;# 
    42  009C                     	;# 
    43  009D                     	;# 
    44  009F                     	;# 
    45  001F                     _CMCON	set	31
    46  0028                     _RA0	set	40
    47  0029                     _RA1	set	41
    48  0032                     _RB2	set	50
    49  0033                     _RB3	set	51
    50  0034                     _RB4	set	52
    51  0035                     _RB5	set	53
    52  0036                     _RB6	set	54
    53  008E                     _PCON	set	142
    54  0085                     _TRISA	set	133
    55  0086                     _TRISB	set	134
    56                           
    57                           	psect	maintext
    58  068A                     __pmaintext:	
    59                           ; #config settings
    60                           
    61                           
    62 ;;
    63 ;;Main: autosize = 0, tempsize = 3, incstack = 0, save=0
    64 ;;
    65 ;; *************** function _main *****************
    66 ;; Defined at:
    67 ;;		line 24 in file "E:\Study Material\XC8 PROJECTS\WLC-TXR\WLC-TXR.C"
    68 ;; Parameters:    Size  Location     Type
    69 ;;		None
    70 ;; Auto vars:     Size  Location     Type
    71 ;;  i               1    5[COMMON] unsigned char 
    72 ;;  UU              1    4[COMMON] unsigned char 
    73 ;;  UL              1    3[COMMON] unsigned char 
    74 ;; Return value:  Size  Location     Type
    75 ;;		None               void
    76 ;; Registers used:
    77 ;;		wreg, status,2, status,0
    78 ;; Tracked objects:
    79 ;;		On entry : 17F/0
    80 ;;		On exit  : 0/0
    81 ;;		Unchanged: 0/0
    82 ;; Data sizes:     COMMON   BANK0   BANK1   BANK2
    83 ;;      Params:         0       0       0       0
    84 ;;      Locals:         3       0       0       0
    85 ;;      Temps:          3       0       0       0
    86 ;;      Totals:         6       0       0       0
    87 ;;Total ram usage:        6 bytes
    88 ;; This function calls:
    89 ;;		Nothing
    90 ;; This function is called by:
    91 ;;		Startup code after reset
    92 ;; This function uses a non-reentrant model
    93 ;;
    94  068A                     _main:	
    95                           
    96                           ;WLC-TXR.C: 26: PCON = 0x0B;
    97                           
    98                           ;incstack = 0
    99                           ; Regs used in _main: [wreg+status,2+status,0]
   100  068A  300B               	movlw	11
   101  068B  1683               	bsf	3,5	;RP0=1, select bank1
   102  068C  1303               	bcf	3,6	;RP1=0, select bank1
   103  068D  008E               	movwf	14	;volatile
   104                           
   105                           ;WLC-TXR.C: 27: CMCON = 0x07;
   106  068E  3007               	movlw	7
   107  068F  1283               	bcf	3,5	;RP0=0, select bank0
   108  0690  1303               	bcf	3,6	;RP1=0, select bank0
   109  0691  009F               	movwf	31	;volatile
   110                           
   111                           ;WLC-TXR.C: 29: char UL = 0, UU = 0, i = 0;
   112  0692  01F3               	clrf	main@UL
   113  0693  01F4               	clrf	main@UU
   114  0694  01F5               	clrf	main@i
   115                           
   116                           ;WLC-TXR.C: 31: TRISB = 0x00;
   117  0695  1683               	bsf	3,5	;RP0=1, select bank1
   118  0696  1303               	bcf	3,6	;RP1=0, select bank1
   119  0697  0186               	clrf	6	;volatile
   120                           
   121                           ;WLC-TXR.C: 32: RB4 = 0;
   122  0698  1283               	bcf	3,5	;RP0=0, select bank0
   123  0699  1303               	bcf	3,6	;RP1=0, select bank0
   124  069A  1206               	bcf	6,4	;volatile
   125                           
   126                           ;WLC-TXR.C: 33: RB6 = 0;
   127  069B  1306               	bcf	6,6	;volatile
   128                           
   129                           ;WLC-TXR.C: 34: RB5 = 0;
   130  069C  1286               	bcf	6,5	;volatile
   131                           
   132                           ;WLC-TXR.C: 36: TRISA = 0x00;
   133  069D  1683               	bsf	3,5	;RP0=1, select bank1
   134  069E  1303               	bcf	3,6	;RP1=0, select bank1
   135  069F  0185               	clrf	5	;volatile
   136                           
   137                           ;WLC-TXR.C: 37: RA0 = 0;
   138  06A0  1283               	bcf	3,5	;RP0=0, select bank0
   139  06A1  1303               	bcf	3,6	;RP1=0, select bank0
   140  06A2  1005               	bcf	5,0	;volatile
   141                           
   142                           ;WLC-TXR.C: 38: RA1 = 0;
   143  06A3  1085               	bcf	5,1	;volatile
   144                           
   145                           ;WLC-TXR.C: 40: for(i = 0; i <= 5; i++)
   146  06A4  01F5               	clrf	main@i
   147  06A5  3006               	movlw	6
   148  06A6  0275               	subwf	main@i,w
   149  06A7  1803               	btfsc	3,0
   150  06A8  2ED3               	goto	l534
   151  06A9                     l27:	
   152                           
   153                           ;WLC-TXR.C: 41: {
   154                           ;WLC-TXR.C: 42: RB2 = 1;
   155  06A9  1283               	bcf	3,5	;RP0=0, select bank0
   156  06AA  1303               	bcf	3,6	;RP1=0, select bank0
   157  06AB  1506               	bsf	6,2	;volatile
   158                           
   159                           ;WLC-TXR.C: 43: RB3 = 1;
   160  06AC  1586               	bsf	6,3	;volatile
   161                           
   162                           ;WLC-TXR.C: 44: _delay(1000000);
   163  06AD  3006               	movlw	6
   164  06AE  00F2               	movwf	??_main+2
   165  06AF  3013               	movlw	19
   166  06B0  00F1               	movwf	??_main+1
   167  06B1  30B1               	movlw	177
   168  06B2  00F0               	movwf	??_main
   169  06B3                     u137:	
   170  06B3  0BF0               	decfsz	??_main,f
   171  06B4  2EB3               	goto	u137
   172  06B5  0BF1               	decfsz	??_main+1,f
   173  06B6  2EB3               	goto	u137
   174  06B7  0BF2               	decfsz	??_main+2,f
   175  06B8  2EB3               	goto	u137
   176  06B9  2EBA               	nop2
   177                           
   178                           ;WLC-TXR.C: 45: RB2 = 0;
   179  06BA  1283               	bcf	3,5	;RP0=0, select bank0
   180  06BB  1303               	bcf	3,6	;RP1=0, select bank0
   181  06BC  1106               	bcf	6,2	;volatile
   182                           
   183                           ;WLC-TXR.C: 46: RB3 = 0;
   184  06BD  1186               	bcf	6,3	;volatile
   185                           
   186                           ;WLC-TXR.C: 47: _delay(1000000);
   187  06BE  3006               	movlw	6
   188  06BF  00F2               	movwf	??_main+2
   189  06C0  3013               	movlw	19
   190  06C1  00F1               	movwf	??_main+1
   191  06C2  30B1               	movlw	177
   192  06C3  00F0               	movwf	??_main
   193  06C4                     u147:	
   194  06C4  0BF0               	decfsz	??_main,f
   195  06C5  2EC4               	goto	u147
   196  06C6  0BF1               	decfsz	??_main+1,f
   197  06C7  2EC4               	goto	u147
   198  06C8  0BF2               	decfsz	??_main+2,f
   199  06C9  2EC4               	goto	u147
   200  06CA  2ECB               	nop2
   201  06CB  3001               	movlw	1
   202  06CC  00F0               	movwf	??_main
   203  06CD  0870               	movf	??_main,w
   204  06CE  07F5               	addwf	main@i,f
   205  06CF  3006               	movlw	6
   206  06D0  0275               	subwf	main@i,w
   207  06D1  1C03               	skipc
   208  06D2  2EA9               	goto	l27
   209  06D3                     l534:	
   210                           ;WLC-TXR.C: 48: }
   211                           ;WLC-TXR.C: 50: while(1)
   212                           
   213                           
   214                           ;WLC-TXR.C: 51: {
   215                           ;WLC-TXR.C: 53: TRISA = 0x01;
   216  06D3  3001               	movlw	1
   217  06D4  1683               	bsf	3,5	;RP0=1, select bank1
   218  06D5  1303               	bcf	3,6	;RP1=0, select bank1
   219  06D6  0085               	movwf	5	;volatile
   220                           
   221                           ;WLC-TXR.C: 54: RA1 = 1;
   222  06D7  1283               	bcf	3,5	;RP0=0, select bank0
   223  06D8  1303               	bcf	3,6	;RP1=0, select bank0
   224  06D9  1485               	bsf	5,1	;volatile
   225                           
   226                           ;WLC-TXR.C: 55: _delay(1000000);
   227  06DA  3006               	movlw	6
   228  06DB  00F2               	movwf	??_main+2
   229  06DC  3013               	movlw	19
   230  06DD  00F1               	movwf	??_main+1
   231  06DE  30B1               	movlw	177
   232  06DF  00F0               	movwf	??_main
   233  06E0                     u157:	
   234  06E0  0BF0               	decfsz	??_main,f
   235  06E1  2EE0               	goto	u157
   236  06E2  0BF1               	decfsz	??_main+1,f
   237  06E3  2EE0               	goto	u157
   238  06E4  0BF2               	decfsz	??_main+2,f
   239  06E5  2EE0               	goto	u157
   240  06E6  2EE7               	nop2
   241                           
   242                           ;WLC-TXR.C: 56: if(RA0 == 1)
   243  06E7  1283               	bcf	3,5	;RP0=0, select bank0
   244  06E8  1303               	bcf	3,6	;RP1=0, select bank0
   245  06E9  1C05               	btfss	5,0	;volatile
   246  06EA  2EEE               	goto	l542
   247                           
   248                           ;WLC-TXR.C: 57: {
   249                           ;WLC-TXR.C: 58: UL = 1;
   250  06EB  01F3               	clrf	main@UL
   251  06EC  0AF3               	incf	main@UL,f
   252                           
   253                           ;WLC-TXR.C: 59: }
   254  06ED  2EEF               	goto	l31
   255  06EE                     l542:	
   256                           
   257                           ;WLC-TXR.C: 60: else
   258                           ;WLC-TXR.C: 61: {
   259                           ;WLC-TXR.C: 62: UL = 0;
   260  06EE  01F3               	clrf	main@UL
   261  06EF                     l31:	
   262                           
   263                           ;WLC-TXR.C: 63: }
   264                           ;WLC-TXR.C: 66: TRISA = 0x00;
   265  06EF  1683               	bsf	3,5	;RP0=1, select bank1
   266  06F0  1303               	bcf	3,6	;RP1=0, select bank1
   267  06F1  0185               	clrf	5	;volatile
   268                           
   269                           ;WLC-TXR.C: 67: RA0 = 0;
   270  06F2  1283               	bcf	3,5	;RP0=0, select bank0
   271  06F3  1303               	bcf	3,6	;RP1=0, select bank0
   272  06F4  1005               	bcf	5,0	;volatile
   273                           
   274                           ;WLC-TXR.C: 68: RA1 = 0;
   275  06F5  1085               	bcf	5,1	;volatile
   276                           
   277                           ;WLC-TXR.C: 69: _delay(1000000);
   278  06F6  3006               	movlw	6
   279  06F7  00F2               	movwf	??_main+2
   280  06F8  3013               	movlw	19
   281  06F9  00F1               	movwf	??_main+1
   282  06FA  30B1               	movlw	177
   283  06FB  00F0               	movwf	??_main
   284  06FC                     u167:	
   285  06FC  0BF0               	decfsz	??_main,f
   286  06FD  2EFC               	goto	u167
   287  06FE  0BF1               	decfsz	??_main+1,f
   288  06FF  2EFC               	goto	u167
   289  0700  0BF2               	decfsz	??_main+2,f
   290  0701  2EFC               	goto	u167
   291  0702  2F03               	nop2
   292                           
   293                           ;WLC-TXR.C: 72: TRISA = 0x02;
   294  0703  3002               	movlw	2
   295  0704  1683               	bsf	3,5	;RP0=1, select bank1
   296  0705  1303               	bcf	3,6	;RP1=0, select bank1
   297  0706  0085               	movwf	5	;volatile
   298                           
   299                           ;WLC-TXR.C: 73: RA0 = 1;
   300  0707  1283               	bcf	3,5	;RP0=0, select bank0
   301  0708  1303               	bcf	3,6	;RP1=0, select bank0
   302  0709  1405               	bsf	5,0	;volatile
   303                           
   304                           ;WLC-TXR.C: 74: _delay(1000000);
   305  070A  3006               	movlw	6
   306  070B  00F2               	movwf	??_main+2
   307  070C  3013               	movlw	19
   308  070D  00F1               	movwf	??_main+1
   309  070E  30B1               	movlw	177
   310  070F  00F0               	movwf	??_main
   311  0710                     u177:	
   312  0710  0BF0               	decfsz	??_main,f
   313  0711  2F10               	goto	u177
   314  0712  0BF1               	decfsz	??_main+1,f
   315  0713  2F10               	goto	u177
   316  0714  0BF2               	decfsz	??_main+2,f
   317  0715  2F10               	goto	u177
   318  0716  2F17               	nop2
   319                           
   320                           ;WLC-TXR.C: 75: if(RA1 == 1)
   321  0717  1283               	bcf	3,5	;RP0=0, select bank0
   322  0718  1303               	bcf	3,6	;RP1=0, select bank0
   323  0719  1C85               	btfss	5,1	;volatile
   324  071A  2F1E               	goto	l560
   325                           
   326                           ;WLC-TXR.C: 76: {
   327                           ;WLC-TXR.C: 77: UU = 1;
   328  071B  01F4               	clrf	main@UU
   329  071C  0AF4               	incf	main@UU,f
   330                           
   331                           ;WLC-TXR.C: 78: }
   332  071D  2F1F               	goto	l33
   333  071E                     l560:	
   334                           
   335                           ;WLC-TXR.C: 79: else
   336                           ;WLC-TXR.C: 80: {
   337                           ;WLC-TXR.C: 81: UU = 0;
   338  071E  01F4               	clrf	main@UU
   339  071F                     l33:	
   340                           
   341                           ;WLC-TXR.C: 82: }
   342                           ;WLC-TXR.C: 85: TRISA = 0x00;
   343  071F  1683               	bsf	3,5	;RP0=1, select bank1
   344  0720  1303               	bcf	3,6	;RP1=0, select bank1
   345  0721  0185               	clrf	5	;volatile
   346                           
   347                           ;WLC-TXR.C: 86: RA0 = 0;
   348  0722  1283               	bcf	3,5	;RP0=0, select bank0
   349  0723  1303               	bcf	3,6	;RP1=0, select bank0
   350  0724  1005               	bcf	5,0	;volatile
   351                           
   352                           ;WLC-TXR.C: 87: RA1 = 0;
   353  0725  1085               	bcf	5,1	;volatile
   354                           
   355                           ;WLC-TXR.C: 88: _delay(1000000);
   356  0726  3006               	movlw	6
   357  0727  00F2               	movwf	??_main+2
   358  0728  3013               	movlw	19
   359  0729  00F1               	movwf	??_main+1
   360  072A  30B1               	movlw	177
   361  072B  00F0               	movwf	??_main
   362  072C                     u187:	
   363  072C  0BF0               	decfsz	??_main,f
   364  072D  2F2C               	goto	u187
   365  072E  0BF1               	decfsz	??_main+1,f
   366  072F  2F2C               	goto	u187
   367  0730  0BF2               	decfsz	??_main+2,f
   368  0731  2F2C               	goto	u187
   369  0732  2F33               	nop2
   370                           
   371                           ;WLC-TXR.C: 91: if(UU == 1 && UL == 1)
   372  0733  0874               	movf	main@UU,w
   373  0734  3A01               	xorlw	1
   374  0735  1D03               	skipz
   375  0736  2F70               	goto	l582
   376  0737  0873               	movf	main@UL,w
   377  0738  3A01               	xorlw	1
   378  0739  1D03               	skipz
   379  073A  2F70               	goto	l582
   380                           
   381                           ;WLC-TXR.C: 92: {
   382                           ;WLC-TXR.C: 93: RB2 = 1;
   383  073B  1283               	bcf	3,5	;RP0=0, select bank0
   384  073C  1303               	bcf	3,6	;RP1=0, select bank0
   385  073D  1506               	bsf	6,2	;volatile
   386                           
   387                           ;WLC-TXR.C: 94: RB3 = 1;
   388  073E  1586               	bsf	6,3	;volatile
   389                           
   390                           ;WLC-TXR.C: 96: RB6 = 1;
   391  073F  1706               	bsf	6,6	;volatile
   392                           
   393                           ;WLC-TXR.C: 97: _delay(1000000);
   394  0740  3006               	movlw	6
   395  0741  00F2               	movwf	??_main+2
   396  0742  3013               	movlw	19
   397  0743  00F1               	movwf	??_main+1
   398  0744  30B1               	movlw	177
   399  0745  00F0               	movwf	??_main
   400  0746                     u197:	
   401  0746  0BF0               	decfsz	??_main,f
   402  0747  2F46               	goto	u197
   403  0748  0BF1               	decfsz	??_main+1,f
   404  0749  2F46               	goto	u197
   405  074A  0BF2               	decfsz	??_main+2,f
   406  074B  2F46               	goto	u197
   407  074C  2F4D               	nop2
   408                           
   409                           ;WLC-TXR.C: 98: RB6 = 0;
   410  074D  1283               	bcf	3,5	;RP0=0, select bank0
   411  074E  1303               	bcf	3,6	;RP1=0, select bank0
   412  074F  1306               	bcf	6,6	;volatile
   413                           
   414                           ;WLC-TXR.C: 99: _delay(2000000);
   415  0750  300B               	movlw	11
   416  0751  00F2               	movwf	??_main+2
   417  0752  3026               	movlw	38
   418  0753  00F1               	movwf	??_main+1
   419  0754  3066               	movlw	102
   420  0755  00F0               	movwf	??_main
   421  0756                     u207:	
   422  0756  0BF0               	decfsz	??_main,f
   423  0757  2F56               	goto	u207
   424  0758  0BF1               	decfsz	??_main+1,f
   425  0759  2F56               	goto	u207
   426  075A  0BF2               	decfsz	??_main+2,f
   427  075B  2F56               	goto	u207
   428  075C  2F5D               	nop2
   429                           
   430                           ;WLC-TXR.C: 101: RB6 = 1;
   431  075D  1283               	bcf	3,5	;RP0=0, select bank0
   432  075E  1303               	bcf	3,6	;RP1=0, select bank0
   433  075F  1706               	bsf	6,6	;volatile
   434                           
   435                           ;WLC-TXR.C: 102: _delay(1000000);
   436  0760  3006               	movlw	6
   437  0761  00F2               	movwf	??_main+2
   438  0762  3013               	movlw	19
   439  0763  00F1               	movwf	??_main+1
   440  0764  30B1               	movlw	177
   441  0765  00F0               	movwf	??_main
   442  0766                     u217:	
   443  0766  0BF0               	decfsz	??_main,f
   444  0767  2F66               	goto	u217
   445  0768  0BF1               	decfsz	??_main+1,f
   446  0769  2F66               	goto	u217
   447  076A  0BF2               	decfsz	??_main+2,f
   448  076B  2F66               	goto	u217
   449  076C  2F6D               	nop2
   450                           
   451                           ;WLC-TXR.C: 103: RB6 = 0;
   452  076D  1283               	bcf	3,5	;RP0=0, select bank0
   453  076E  1303               	bcf	3,6	;RP1=0, select bank0
   454  076F  1306               	bcf	6,6	;volatile
   455  0770                     l582:	
   456                           
   457                           ;WLC-TXR.C: 104: }
   458                           ;WLC-TXR.C: 107: if(UU == 0 && UL == 0)
   459  0770  08F4               	movf	main@UU,f
   460  0771  1D03               	skipz
   461  0772  2FAB               	goto	l596
   462  0773  08F3               	movf	main@UL,f
   463  0774  1D03               	skipz
   464  0775  2FAB               	goto	l596
   465                           
   466                           ;WLC-TXR.C: 108: {
   467                           ;WLC-TXR.C: 109: RB2 = 0;
   468  0776  1283               	bcf	3,5	;RP0=0, select bank0
   469  0777  1303               	bcf	3,6	;RP1=0, select bank0
   470  0778  1106               	bcf	6,2	;volatile
   471                           
   472                           ;WLC-TXR.C: 110: RB3 = 0;
   473  0779  1186               	bcf	6,3	;volatile
   474                           
   475                           ;WLC-TXR.C: 112: RB4 = 1;
   476  077A  1606               	bsf	6,4	;volatile
   477                           
   478                           ;WLC-TXR.C: 113: _delay(1000000);
   479  077B  3006               	movlw	6
   480  077C  00F2               	movwf	??_main+2
   481  077D  3013               	movlw	19
   482  077E  00F1               	movwf	??_main+1
   483  077F  30B1               	movlw	177
   484  0780  00F0               	movwf	??_main
   485  0781                     u227:	
   486  0781  0BF0               	decfsz	??_main,f
   487  0782  2F81               	goto	u227
   488  0783  0BF1               	decfsz	??_main+1,f
   489  0784  2F81               	goto	u227
   490  0785  0BF2               	decfsz	??_main+2,f
   491  0786  2F81               	goto	u227
   492  0787  2F88               	nop2
   493                           
   494                           ;WLC-TXR.C: 114: RB4 = 0;
   495  0788  1283               	bcf	3,5	;RP0=0, select bank0
   496  0789  1303               	bcf	3,6	;RP1=0, select bank0
   497  078A  1206               	bcf	6,4	;volatile
   498                           
   499                           ;WLC-TXR.C: 115: _delay(2000000);
   500  078B  300B               	movlw	11
   501  078C  00F2               	movwf	??_main+2
   502  078D  3026               	movlw	38
   503  078E  00F1               	movwf	??_main+1
   504  078F  3066               	movlw	102
   505  0790  00F0               	movwf	??_main
   506  0791                     u237:	
   507  0791  0BF0               	decfsz	??_main,f
   508  0792  2F91               	goto	u237
   509  0793  0BF1               	decfsz	??_main+1,f
   510  0794  2F91               	goto	u237
   511  0795  0BF2               	decfsz	??_main+2,f
   512  0796  2F91               	goto	u237
   513  0797  2F98               	nop2
   514                           
   515                           ;WLC-TXR.C: 117: RB4 = 1;
   516  0798  1283               	bcf	3,5	;RP0=0, select bank0
   517  0799  1303               	bcf	3,6	;RP1=0, select bank0
   518  079A  1606               	bsf	6,4	;volatile
   519                           
   520                           ;WLC-TXR.C: 118: _delay(1000000);
   521  079B  3006               	movlw	6
   522  079C  00F2               	movwf	??_main+2
   523  079D  3013               	movlw	19
   524  079E  00F1               	movwf	??_main+1
   525  079F  30B1               	movlw	177
   526  07A0  00F0               	movwf	??_main
   527  07A1                     u247:	
   528  07A1  0BF0               	decfsz	??_main,f
   529  07A2  2FA1               	goto	u247
   530  07A3  0BF1               	decfsz	??_main+1,f
   531  07A4  2FA1               	goto	u247
   532  07A5  0BF2               	decfsz	??_main+2,f
   533  07A6  2FA1               	goto	u247
   534  07A7  2FA8               	nop2
   535                           
   536                           ;WLC-TXR.C: 119: RB4 = 0;
   537  07A8  1283               	bcf	3,5	;RP0=0, select bank0
   538  07A9  1303               	bcf	3,6	;RP1=0, select bank0
   539  07AA  1206               	bcf	6,4	;volatile
   540  07AB                     l596:	
   541                           
   542                           ;WLC-TXR.C: 120: }
   543                           ;WLC-TXR.C: 123: if(UU == 0 && UL == 1)
   544  07AB  08F4               	movf	main@UU,f
   545  07AC  1D03               	skipz
   546  07AD  2FE7               	goto	l610
   547  07AE  0873               	movf	main@UL,w
   548  07AF  3A01               	xorlw	1
   549  07B0  1D03               	skipz
   550  07B1  2FE7               	goto	l610
   551                           
   552                           ;WLC-TXR.C: 124: {
   553                           ;WLC-TXR.C: 125: RB2 = 0;
   554  07B2  1283               	bcf	3,5	;RP0=0, select bank0
   555  07B3  1303               	bcf	3,6	;RP1=0, select bank0
   556  07B4  1106               	bcf	6,2	;volatile
   557                           
   558                           ;WLC-TXR.C: 126: RB3 = 1;
   559  07B5  1586               	bsf	6,3	;volatile
   560                           
   561                           ;WLC-TXR.C: 128: RB5 = 1;
   562  07B6  1686               	bsf	6,5	;volatile
   563                           
   564                           ;WLC-TXR.C: 129: _delay(1000000);
   565  07B7  3006               	movlw	6
   566  07B8  00F2               	movwf	??_main+2
   567  07B9  3013               	movlw	19
   568  07BA  00F1               	movwf	??_main+1
   569  07BB  30B1               	movlw	177
   570  07BC  00F0               	movwf	??_main
   571  07BD                     u257:	
   572  07BD  0BF0               	decfsz	??_main,f
   573  07BE  2FBD               	goto	u257
   574  07BF  0BF1               	decfsz	??_main+1,f
   575  07C0  2FBD               	goto	u257
   576  07C1  0BF2               	decfsz	??_main+2,f
   577  07C2  2FBD               	goto	u257
   578  07C3  2FC4               	nop2
   579                           
   580                           ;WLC-TXR.C: 130: RB5 = 0;
   581  07C4  1283               	bcf	3,5	;RP0=0, select bank0
   582  07C5  1303               	bcf	3,6	;RP1=0, select bank0
   583  07C6  1286               	bcf	6,5	;volatile
   584                           
   585                           ;WLC-TXR.C: 131: _delay(2000000);
   586  07C7  300B               	movlw	11
   587  07C8  00F2               	movwf	??_main+2
   588  07C9  3026               	movlw	38
   589  07CA  00F1               	movwf	??_main+1
   590  07CB  3066               	movlw	102
   591  07CC  00F0               	movwf	??_main
   592  07CD                     u267:	
   593  07CD  0BF0               	decfsz	??_main,f
   594  07CE  2FCD               	goto	u267
   595  07CF  0BF1               	decfsz	??_main+1,f
   596  07D0  2FCD               	goto	u267
   597  07D1  0BF2               	decfsz	??_main+2,f
   598  07D2  2FCD               	goto	u267
   599  07D3  2FD4               	nop2
   600                           
   601                           ;WLC-TXR.C: 133: RB5 = 1;
   602  07D4  1283               	bcf	3,5	;RP0=0, select bank0
   603  07D5  1303               	bcf	3,6	;RP1=0, select bank0
   604  07D6  1686               	bsf	6,5	;volatile
   605                           
   606                           ;WLC-TXR.C: 134: _delay(1000000);
   607  07D7  3006               	movlw	6
   608  07D8  00F2               	movwf	??_main+2
   609  07D9  3013               	movlw	19
   610  07DA  00F1               	movwf	??_main+1
   611  07DB  30B1               	movlw	177
   612  07DC  00F0               	movwf	??_main
   613  07DD                     u277:	
   614  07DD  0BF0               	decfsz	??_main,f
   615  07DE  2FDD               	goto	u277
   616  07DF  0BF1               	decfsz	??_main+1,f
   617  07E0  2FDD               	goto	u277
   618  07E1  0BF2               	decfsz	??_main+2,f
   619  07E2  2FDD               	goto	u277
   620  07E3  2FE4               	nop2
   621                           
   622                           ;WLC-TXR.C: 135: RB5 = 0;
   623  07E4  1283               	bcf	3,5	;RP0=0, select bank0
   624  07E5  1303               	bcf	3,6	;RP1=0, select bank0
   625  07E6  1286               	bcf	6,5	;volatile
   626  07E7                     l610:	
   627                           
   628                           ;WLC-TXR.C: 136: }
   629                           ;WLC-TXR.C: 139: for(i = 0; i <= 15; i++)
   630  07E7  01F5               	clrf	main@i
   631  07E8                     L1:	
   632  07E8  3010               	movlw	16
   633  07E9  0275               	subwf	main@i,w
   634  07EA  1803               	btfsc	3,0
   635  07EB  2ED3               	goto	l534
   636                           
   637                           ;WLC-TXR.C: 140: {
   638                           ;WLC-TXR.C: 141: _delay(1000000);
   639  07EC  3006               	movlw	6
   640  07ED  00F2               	movwf	??_main+2
   641  07EE  3013               	movlw	19
   642  07EF  00F1               	movwf	??_main+1
   643  07F0  30B1               	movlw	177
   644  07F1  00F0               	movwf	??_main
   645  07F2                     u287:	
   646  07F2  0BF0               	decfsz	??_main,f
   647  07F3  2FF2               	goto	u287
   648  07F4  0BF1               	decfsz	??_main+1,f
   649  07F5  2FF2               	goto	u287
   650  07F6  0BF2               	decfsz	??_main+2,f
   651  07F7  2FF2               	goto	u287
   652  07F8  2FF9               	nop2
   653  07F9  3001               	movlw	1
   654  07FA  00F0               	movwf	??_main
   655  07FB  0870               	movf	??_main,w
   656  07FC  07F5               	addwf	main@i,f
   657  07FD  2FE8               	goto	L1
   658  07FE                     __end_of_main:	
   659  007E                     btemp	set	126	;btemp
   660  007E                     wtemp	set	126
   661  007E                     wtemp0	set	126
   662  0080                     wtemp1	set	128
   663  0082                     wtemp2	set	130
   664  0084                     wtemp3	set	132
   665  0086                     wtemp4	set	134
   666  0088                     wtemp5	set	136
   667  007F                     wtemp6	set	127
   668  007E                     ttemp	set	126
   669  007E                     ttemp0	set	126
   670  0081                     ttemp1	set	129
   671  0084                     ttemp2	set	132
   672  0087                     ttemp3	set	135
   673  007F                     ttemp4	set	127
   674  007E                     ltemp	set	126
   675  007E                     ltemp0	set	126
   676  0082                     ltemp1	set	130
   677  0086                     ltemp2	set	134
   678  0080                     ltemp3	set	128
   679                           
   680                           	psect	cinit
   681  07FE                     start_initialization:	
   682                           ;psect for function _main
   683                           
   684  07FE                     __initialization:	
   685  07FE                     end_of_initialization:	
   686                           ;End of C runtime variable initialization code
   687                           
   688  07FE                     __end_of__initialization:	
   689  07FE  0183               	clrf	3
   690  07FF  2E8A               	ljmp	_main	;jump to C main() function
   691                           
   692                           	psect	cstackCOMMON
   693  0070                     __pcstackCOMMON:	
   694  0070                     ?_main:	
   695  0070                     ??_main:	
   696                           ; 0 bytes @ 0x0
   697                           
   698                           
   699                           ; 0 bytes @ 0x0
   700  0070                     	ds	3
   701  0073                     main@UL:	
   702                           
   703                           ; 1 bytes @ 0x3
   704  0073                     	ds	1
   705  0074                     main@UU:	
   706                           
   707                           ; 1 bytes @ 0x4
   708  0074                     	ds	1
   709  0075                     main@i:	
   710                           
   711                           ; 1 bytes @ 0x5
   712  0075                     	ds	1


Data Sizes:
    Strings     0
    Constant    0
    Data        0
    BSS         0
    Persistent  0
    Stack       0

Auto Spaces:
    Space          Size  Autos    Used
    COMMON           14      6       6
    BANK0            80      0       0
    BANK1            80      0       0
    BANK2            48      0       0

Pointer List with Targets:

    None.

Critical Paths under _main in COMMON

    None.

Critical Paths under _main in BANK0

    None.

Critical Paths under _main in BANK1

    None.

Critical Paths under _main in BANK2

    None.

Call Graph Tables:

 ---------------------------------------------------------------------------------
 (Depth) Function   	        Calls       Base Space   Used Autos Params    Refs
 ---------------------------------------------------------------------------------
 (0) _main                                                 6     6      0     150
                                              0 COMMON     6     6      0
 ---------------------------------------------------------------------------------
 Estimated maximum stack depth 0
 ---------------------------------------------------------------------------------

 Call Graph Graphs:

 _main (ROOT)

 Address spaces:
Name               Size   Autos  Total    Cost      Usage
BITCOMMON            E      0       0       0        0.0%
EEDATA              80      0       0       0        0.0%
NULL                 0      0       0       0        0.0%
CODE                 0      0       0       0        0.0%
COMMON               E      6       6       1       42.9%
BITSFR0              0      0       0       1        0.0%
SFR0                 0      0       0       1        0.0%
BITSFR1              0      0       0       2        0.0%
SFR1                 0      0       0       2        0.0%
STACK                0      0       0       2        0.0%
BANK0               50      0       0       3        0.0%
BITSFR3              0      0       0       4        0.0%
SFR3                 0      0       0       4        0.0%
ABS                  0      0       0       4        0.0%
BITBANK0            50      0       0       5        0.0%
BITSFR2              0      0       0       5        0.0%
SFR2                 0      0       0       5        0.0%
BITBANK1            50      0       0       6        0.0%
BANK1               50      0       0       7        0.0%
BITBANK2            30      0       0       8        0.0%
BANK2               30      0       0       9        0.0%
DATA                 0      0       0      10        0.0%


Microchip Technology PIC Macro Assembler V1.33 build 59893 
Symbol Table                                                                                   Mon Sep 12 12:47:57 2016

                     l31 06EF                       l33 071F                       l27 06A9  
                    l610 07E7                      l542 06EE                      l534 06D3  
                    l560 071E                      l582 0770                      l596 07AB  
                    _RA0 0028                      _RA1 0029                      _RB2 0032  
                    _RB3 0033                      _RB4 0034                      _RB5 0035  
                    _RB6 0036                      u207 0756                      u217 0766  
                    u137 06B3                      u227 0781                      u147 06C4  
                    u237 0791                      u157 06E0                      u247 07A1  
                    u167 06FC                      u257 07BD                      u177 0710  
                    u267 07CD                      u187 072C                      u277 07DD  
                    u197 0746                      u287 07F2                     _PCON 008E  
                   _main 068A                     btemp 007E                     ltemp 007E  
                   start 0000                     ttemp 007E                     wtemp 007E  
                  ?_main 0070                    _CMCON 001F                    _TRISA 0085  
                  _TRISB 0086                    main@i 0075                    ltemp0 007E  
                  ltemp1 0082                    ltemp2 0086                    ltemp3 0080  
                  ttemp0 007E                    ttemp1 0081                    ttemp2 0084  
                  ttemp3 0087                    ttemp4 007F                    status 0003  
                  wtemp0 007E                    wtemp1 0080                    wtemp2 0082  
                  wtemp3 0084                    wtemp4 0086                    wtemp5 0088  
                  wtemp6 007F          __initialization 07FE             __end_of_main 07FE  
                 ??_main 0070                   main@UL 0073                   main@UU 0074  
__end_of__initialization 07FE           __pcstackCOMMON 0070               __pmaintext 068A  
   end_of_initialization 07FE      start_initialization 07FE                ___latbits 0000  
          __size_of_main 0174  
