

Microchip Technology PIC LITE Macro Assembler V1.32 build 58300 
                                                                                               Fri Sep 14 13:48:11 2018

Microchip Technology Omniscient Code Generator (Lite mode) build 58300
     1                           	processor	16F870
     2                           	opt	pw 120
     3                           	opt	lm
     4                           	psect	maintext,global,class=CODE,split=1,delta=2
     5                           	psect	cinit,global,class=CODE,merge=1,delta=2
     6                           	psect	cstackCOMMON,global,class=COMMON,space=1,delta=1
     7                           	dabs	1,0x7E,2
     8  0000                     	;# 
     9  0001                     	;# 
    10  0002                     	;# 
    11  0003                     	;# 
    12  0004                     	;# 
    13  0005                     	;# 
    14  0006                     	;# 
    15  0007                     	;# 
    16  000A                     	;# 
    17  000B                     	;# 
    18  000C                     	;# 
    19  000D                     	;# 
    20  000E                     	;# 
    21  000E                     	;# 
    22  000F                     	;# 
    23  0010                     	;# 
    24  0011                     	;# 
    25  0012                     	;# 
    26  0015                     	;# 
    27  0015                     	;# 
    28  0016                     	;# 
    29  0017                     	;# 
    30  0018                     	;# 
    31  0019                     	;# 
    32  001A                     	;# 
    33  001E                     	;# 
    34  001F                     	;# 
    35  0081                     	;# 
    36  0085                     	;# 
    37  0086                     	;# 
    38  0087                     	;# 
    39  008C                     	;# 
    40  008D                     	;# 
    41  008E                     	;# 
    42  0092                     	;# 
    43  0098                     	;# 
    44  0099                     	;# 
    45  009E                     	;# 
    46  009F                     	;# 
    47  010C                     	;# 
    48  010D                     	;# 
    49  010E                     	;# 
    50  010F                     	;# 
    51  018C                     	;# 
    52  018D                     	;# 
    53  0005                     _PORTA	set	5
    54  002C                     _RA4	set	44
    55  002D                     _RA5	set	45
    56  0085                     _TRISA	set	133
    57                           
    58                           	psect	maintext
    59  07D9                     __pmaintext:	
    60                           ; #config settings
    61                           
    62                           
    63 ;;
    64 ;;Main: autosize = 0, tempsize = 3, incstack = 0, save=0
    65 ;;
    66 ;; *************** function _main *****************
    67 ;; Defined at:
    68 ;;		line 11 in file "E:\Study Material\XC8 PROJECTS\Audio\Audio.c"
    69 ;; Parameters:    Size  Location     Type
    70 ;;		None
    71 ;; Auto vars:     Size  Location     Type
    72 ;;  count           1    3[COMMON] unsigned char 
    73 ;; Return value:  Size  Location     Type
    74 ;;		None               void
    75 ;; Registers used:
    76 ;;		wreg, status,2, status,0
    77 ;; Tracked objects:
    78 ;;		On entry : 17F/0
    79 ;;		On exit  : 0/0
    80 ;;		Unchanged: 0/0
    81 ;; Data sizes:     COMMON   BANK0   BANK1
    82 ;;      Params:         0       0       0
    83 ;;      Locals:         1       0       0
    84 ;;      Temps:          3       0       0
    85 ;;      Totals:         4       0       0
    86 ;;Total ram usage:        4 bytes
    87 ;; This function calls:
    88 ;;		Nothing
    89 ;; This function is called by:
    90 ;;		Startup code after reset
    91 ;; This function uses a non-reentrant model
    92 ;;
    93  07D9                     _main:	
    94                           
    95                           ;Audio.c: 13: TRISA = 0x20;
    96                           
    97                           ;incstack = 0
    98                           ; Regs used in _main: [wreg+status,2+status,0]
    99  07D9  3020               	movlw	32
   100  07DA  1683               	bsf	3,5	;RP0=1, select bank1
   101  07DB  1303               	bcf	3,6	;RP1=0, select bank1
   102  07DC  0085               	movwf	5	;volatile
   103  07DD                     L1:	
   104                           
   105                           ;Audio.c: 14: char count = 1;
   106  07DD  01F3               	clrf	main@count
   107  07DE  0AF3               	incf	main@count,f
   108  07DF                     l13:	
   109                           ;Audio.c: 15: while(1)
   110                           
   111                           
   112                           ;Audio.c: 16: {
   113                           ;Audio.c: 18: PORTA = count;
   114  07DF  0873               	movf	main@count,w
   115  07E0  1283               	bcf	3,5	;RP0=0, select bank0
   116  07E1  0085               	movwf	5	;volatile
   117                           
   118                           ;Audio.c: 20: RA4 = 1;
   119  07E2  1605               	bsf	5,4	;volatile
   120                           
   121                           ;Audio.c: 21: _delay((unsigned long)((1000)*(4000000/4000.0)));
   122  07E3  3006               	movlw	6
   123  07E4  00F2               	movwf	??_main+2
   124  07E5  3013               	movlw	19
   125  07E6  00F1               	movwf	??_main+1
   126  07E7  30B1               	movlw	177
   127  07E8  00F0               	movwf	??_main
   128  07E9                     u37:	
   129  07E9  0BF0               	decfsz	??_main,f
   130  07EA  2FE9               	goto	u37
   131  07EB  0BF1               	decfsz	??_main+1,f
   132  07EC  2FE9               	goto	u37
   133  07ED  0BF2               	decfsz	??_main+2,f
   134  07EE  2FE9               	goto	u37
   135  07EF  2FF0               	nop2
   136                           
   137                           ;Audio.c: 22: RA4 = 0;
   138  07F0  1283               	bcf	3,5	;RP0=0, select bank0
   139  07F1  1303               	bcf	3,6	;RP1=0, select bank0
   140  07F2  1205               	bcf	5,4	;volatile
   141  07F3                     l14:	
   142                           ;Audio.c: 25: {
   143                           
   144                           ;Audio.c: 24: while(RA5 == 0)
   145                           
   146  07F3  1E85               	btfss	5,5	;volatile
   147  07F4  2FF3               	goto	l14
   148                           
   149                           ;Audio.c: 26: }
   150                           ;Audio.c: 27: count++;
   151  07F5  3001               	movlw	1
   152  07F6  00F0               	movwf	??_main
   153  07F7  0870               	movf	??_main,w
   154  07F8  07F3               	addwf	main@count,f
   155                           
   156                           ;Audio.c: 28: if(count == 13)
   157  07F9  0873               	movf	main@count,w
   158  07FA  3A0D               	xorlw	13
   159  07FB  1D03               	skipz
   160  07FC  2FDF               	goto	l13
   161  07FD  2FDD               	goto	L1
   162  07FE                     __end_of_main:	
   163                           ;Audio.c: 29: count = 1;
   164                           
   165  007E                     btemp	set	126	;btemp
   166  007E                     wtemp	set	126
   167  007E                     wtemp0	set	126
   168  0080                     wtemp1	set	128
   169  0082                     wtemp2	set	130
   170  0084                     wtemp3	set	132
   171  0086                     wtemp4	set	134
   172  0088                     wtemp5	set	136
   173  007F                     wtemp6	set	127
   174  007E                     ttemp	set	126
   175  007E                     ttemp0	set	126
   176  0081                     ttemp1	set	129
   177  0084                     ttemp2	set	132
   178  0087                     ttemp3	set	135
   179  007F                     ttemp4	set	127
   180  007E                     ltemp	set	126
   181  007E                     ltemp0	set	126
   182  0082                     ltemp1	set	130
   183  0086                     ltemp2	set	134
   184  0080                     ltemp3	set	128
   185                           
   186                           	psect	cinit
   187  07FE                     start_initialization:	
   188                           ;psect for function _main
   189                           
   190  07FE                     __initialization:	
   191  07FE                     end_of_initialization:	
   192                           ;End of C runtime variable initialization code
   193                           
   194  07FE                     __end_of__initialization:	
   195  07FE  0183               	clrf	3
   196  07FF  2FD9               	ljmp	_main	;jump to C main() function
   197                           
   198                           	psect	cstackCOMMON
   199  0070                     __pcstackCOMMON:	
   200  0070                     ?_main:	
   201  0070                     ??_main:	
   202                           ; 0 bytes @ 0x0
   203                           
   204                           
   205                           ; 0 bytes @ 0x0
   206  0070                     	ds	3
   207  0073                     main@count:	
   208                           
   209                           ; 1 bytes @ 0x3
   210  0073                     	ds	1


Data Sizes:
    Strings     0
    Constant    0
    Data        0
    BSS         0
    Persistent  0
    Stack       0

Auto Spaces:
    Space          Size  Autos    Used
    COMMON           14      4       4
    BANK0            80      0       0
    BANK1            32      0       0

Pointer List with Targets:

    None.

Critical Paths under _main in COMMON

    None.

Critical Paths under _main in BANK0

    None.

Critical Paths under _main in BANK1

    None.

Call Graph Tables:

 ---------------------------------------------------------------------------------
 (Depth) Function   	        Calls       Base Space   Used Autos Params    Refs
 ---------------------------------------------------------------------------------
 (0) _main                                                 4     4      0      30
                                              0 COMMON     4     4      0
 ---------------------------------------------------------------------------------
 Estimated maximum stack depth 0
 ---------------------------------------------------------------------------------

 Call Graph Graphs:

 _main (ROOT)

 Address spaces:
Name               Size   Autos  Total    Cost      Usage
BITCOMMON            E      0       0       0        0.0%
EEDATA              40      0       0       0        0.0%
NULL                 0      0       0       0        0.0%
CODE                 0      0       0       0        0.0%
COMMON               E      4       4       1       28.6%
BITSFR0              0      0       0       1        0.0%
SFR0                 0      0       0       1        0.0%
BITSFR1              0      0       0       2        0.0%
SFR1                 0      0       0       2        0.0%
STACK                0      0       0       2        0.0%
ABS                  0      0       0       3        0.0%
BITBANK0            50      0       0       4        0.0%
BITSFR3              0      0       0       4        0.0%
SFR3                 0      0       0       4        0.0%
BANK0               50      0       0       5        0.0%
BITSFR2              0      0       0       5        0.0%
SFR2                 0      0       0       5        0.0%
BITBANK1            20      0       0       6        0.0%
BANK1               20      0       0       7        0.0%
DATA                 0      0       0       8        0.0%


Microchip Technology PIC Macro Assembler V1.32 build 58300 
Symbol Table                                                                                   Fri Sep 14 13:48:11 2018

                     l13 07DF                       l14 07F3                       u37 07E9  
                    _RA4 002C                      _RA5 002D                     _main 07D9  
                   btemp 007E                     ltemp 007E                     start 0000  
                   ttemp 007E                     wtemp 007E                    ?_main 0070  
                  _PORTA 0005                    _TRISA 0085                    ltemp0 007E  
                  ltemp1 0082                    ltemp2 0086                    ltemp3 0080  
                  ttemp0 007E                    ttemp1 0081                    ttemp2 0084  
                  ttemp3 0087                    ttemp4 007F                    status 0003  
                  wtemp0 007E                    wtemp1 0080                    wtemp2 0082  
                  wtemp3 0084                    wtemp4 0086                    wtemp5 0088  
                  wtemp6 007F          __initialization 07FE             __end_of_main 07FE  
                 ??_main 0070  __end_of__initialization 07FE           __pcstackCOMMON 0070  
             __pmaintext 07D9     end_of_initialization 07FE      start_initialization 07FE  
              ___latbits 0000                main@count 0073            __size_of_main 0025  
