

Microchip Technology PIC LITE Macro Assembler V1.12 build 49521 
                                                                                               Thu Jun 27 18:35:26 2013

HI-TECH Software Omniscient Code Generator (Lite mode) build 49521
     1  0000                     opt subtitle "HI-TECH Software Omniscient Code Generator (Lite mode) build 49521"
     2                           opt subtitle "HI-TECH Software Omniscient Code Generator (Lite mode) build 49521"
     3                           
     4                           opt pagewidth 120
     5                           
     6                           	opt lm
     7                           
     8                           	processor	16F628A
     9                           clrc	macro
    10  0000                     	endm
    11                           opt subtitle "HI-TECH Software Omniscient Code Generator (Lite mode) build 49521"
    12                           
    13  0000                     	endm
    14                           opt subtitle "HI-TECH Software Omniscient Code Generator (Lite mode) build 49521"
    15                           
    16  0000                     	endm
    17                           opt subtitle "HI-TECH Software Omniscient Code Generator (Lite mode) build 49521"
    18                           
    19  0000                     	endm
    20                           opt subtitle "HI-TECH Software Omniscient Code Generator (Lite mode) build 49521"
    21                           
    22  0000                     	endm
    23                           opt subtitle "HI-TECH Software Omniscient Code Generator (Lite mode) build 49521"
    24                           
    25  0000                     	endm
    26                           opt subtitle "HI-TECH Software Omniscient Code Generator (Lite mode) build 49521"
    27                           
    28  0000                     	endm
    29                           opt subtitle "HI-TECH Software Omniscient Code Generator (Lite mode) build 49521"
    30                           
    31  0000                     	endm
    32  0000                     indf	equ	0
    33  0000                     indf0	equ	0
    34  0002                     pc	equ	2
    35  0002                     pcl	equ	2
    36  0003                     status	equ	3
    37  0004                     fsr	equ	4
    38  0004                     fsr0	equ	4
    39  0001                     c	equ	1
    40  0000                     z	equ	0
    41  000A                     pclath	equ	10
    42                           opt subtitle "HI-TECH Software Omniscient Code Generator (Lite mode) build 49521"
    43  0000                     INDF equ 00h ;# 
    44                           opt subtitle "HI-TECH Software Omniscient Code Generator (Lite mode) build 49521"
    45  0001                     TMR0 equ 01h ;# 
    46                           opt subtitle "HI-TECH Software Omniscient Code Generator (Lite mode) build 49521"
    47  0002                     PCL equ 02h ;# 
    48                           opt subtitle "HI-TECH Software Omniscient Code Generator (Lite mode) build 49521"
    49  0003                     STATUS equ 03h ;# 
    50                           opt subtitle "HI-TECH Software Omniscient Code Generator (Lite mode) build 49521"
    51  0004                     FSR equ 04h ;# 
    52                           opt subtitle "HI-TECH Software Omniscient Code Generator (Lite mode) build 49521"
    53  0005                     PORTA equ 05h ;# 
    54                           opt subtitle "HI-TECH Software Omniscient Code Generator (Lite mode) build 49521"
    55  0006                     PORTB equ 06h ;# 
    56                           opt subtitle "HI-TECH Software Omniscient Code Generator (Lite mode) build 49521"
    57  000A                     PCLATH equ 0Ah ;# 
    58                           opt subtitle "HI-TECH Software Omniscient Code Generator (Lite mode) build 49521"
    59  000B                     INTCON equ 0Bh ;# 
    60                           opt subtitle "HI-TECH Software Omniscient Code Generator (Lite mode) build 49521"
    61  000C                     PIR1 equ 0Ch ;# 
    62                           opt subtitle "HI-TECH Software Omniscient Code Generator (Lite mode) build 49521"
    63  000E                     TMR1 equ 0Eh ;# 
    64                           opt subtitle "HI-TECH Software Omniscient Code Generator (Lite mode) build 49521"
    65  000E                     TMR1L equ 0Eh ;# 
    66                           opt subtitle "HI-TECH Software Omniscient Code Generator (Lite mode) build 49521"
    67  000F                     TMR1H equ 0Fh ;# 
    68                           opt subtitle "HI-TECH Software Omniscient Code Generator (Lite mode) build 49521"
    69  0010                     T1CON equ 010h ;# 
    70                           opt subtitle "HI-TECH Software Omniscient Code Generator (Lite mode) build 49521"
    71  0011                     TMR2 equ 011h ;# 
    72                           opt subtitle "HI-TECH Software Omniscient Code Generator (Lite mode) build 49521"
    73  0012                     T2CON equ 012h ;# 
    74                           opt subtitle "HI-TECH Software Omniscient Code Generator (Lite mode) build 49521"
    75  0015                     CCPR1 equ 015h ;# 
    76                           opt subtitle "HI-TECH Software Omniscient Code Generator (Lite mode) build 49521"
    77  0015                     CCPR1L equ 015h ;# 
    78                           opt subtitle "HI-TECH Software Omniscient Code Generator (Lite mode) build 49521"
    79  0016                     CCPR1H equ 016h ;# 
    80                           opt subtitle "HI-TECH Software Omniscient Code Generator (Lite mode) build 49521"
    81  0017                     CCP1CON equ 017h ;# 
    82                           opt subtitle "HI-TECH Software Omniscient Code Generator (Lite mode) build 49521"
    83  0018                     RCSTA equ 018h ;# 
    84                           opt subtitle "HI-TECH Software Omniscient Code Generator (Lite mode) build 49521"
    85  0019                     TXREG equ 019h ;# 
    86                           opt subtitle "HI-TECH Software Omniscient Code Generator (Lite mode) build 49521"
    87  001A                     RCREG equ 01Ah ;# 
    88                           opt subtitle "HI-TECH Software Omniscient Code Generator (Lite mode) build 49521"
    89  001F                     CMCON equ 01Fh ;# 
    90                           opt subtitle "HI-TECH Software Omniscient Code Generator (Lite mode) build 49521"
    91  0081                     OPTION_REG equ 081h ;# 
    92                           opt subtitle "HI-TECH Software Omniscient Code Generator (Lite mode) build 49521"
    93  0085                     TRISA equ 085h ;# 
    94                           opt subtitle "HI-TECH Software Omniscient Code Generator (Lite mode) build 49521"
    95  0086                     TRISB equ 086h ;# 
    96                           opt subtitle "HI-TECH Software Omniscient Code Generator (Lite mode) build 49521"
    97  008C                     PIE1 equ 08Ch ;# 
    98                           opt subtitle "HI-TECH Software Omniscient Code Generator (Lite mode) build 49521"
    99  008E                     PCON equ 08Eh ;# 
   100                           opt subtitle "HI-TECH Software Omniscient Code Generator (Lite mode) build 49521"
   101  0092                     PR2 equ 092h ;# 
   102                           opt subtitle "HI-TECH Software Omniscient Code Generator (Lite mode) build 49521"
   103  0098                     TXSTA equ 098h ;# 
   104                           opt subtitle "HI-TECH Software Omniscient Code Generator (Lite mode) build 49521"
   105  0099                     SPBRG equ 099h ;# 
   106                           opt subtitle "HI-TECH Software Omniscient Code Generator (Lite mode) build 49521"
   107  009A                     EEDATA equ 09Ah ;# 
   108                           opt subtitle "HI-TECH Software Omniscient Code Generator (Lite mode) build 49521"
   109  009B                     EEADR equ 09Bh ;# 
   110                           opt subtitle "HI-TECH Software Omniscient Code Generator (Lite mode) build 49521"
   111  009C                     EECON1 equ 09Ch ;# 
   112                           opt subtitle "HI-TECH Software Omniscient Code Generator (Lite mode) build 49521"
   113  009D                     EECON2 equ 09Dh ;# 
   114                           opt subtitle "HI-TECH Software Omniscient Code Generator (Lite mode) build 49521"
   115  009F                     VRCON equ 09Fh ;# 
   116                           opt subtitle "HI-TECH Software Omniscient Code Generator (Lite mode) build 49521"
   117                           
   118  0006                     _PORTB	set	0x6
   119                           opt subtitle "HI-TECH Software Omniscient Code Generator (Lite mode) build 49521"
   120  0030                     _RB0	set	0x30
   121                           opt subtitle "HI-TECH Software Omniscient Code Generator (Lite mode) build 49521"
   122  0031                     _RB1	set	0x31
   123                           opt subtitle "HI-TECH Software Omniscient Code Generator (Lite mode) build 49521"
   124  0034                     _RB4	set	0x34
   125                           opt subtitle "HI-TECH Software Omniscient Code Generator (Lite mode) build 49521"
   126  0035                     _RB5	set	0x35
   127                           opt subtitle "HI-TECH Software Omniscient Code Generator (Lite mode) build 49521"
   128  0036                     _RB6	set	0x36
   129                           opt subtitle "HI-TECH Software Omniscient Code Generator (Lite mode) build 49521"
   130  0086                     _TRISB	set	0x86
   131                           opt subtitle "HI-TECH Software Omniscient Code Generator (Lite mode) build 49521"
   132                           
   133  074C                     __pmaintext:	;psect for function _main
   134                           opt subtitle "HI-TECH Software Omniscient Code Generator (Lite mode) build 49521"
   135                           
   136                           opt pagewidth 120
   137                           
   138                           	opt lm
   139  074A                     start_initialization:
   140                           opt subtitle "HI-TECH Software Omniscient Code Generator (Lite mode) build 49521"
   141                           
   142  074A                     __initialization:
   143                           opt subtitle "HI-TECH Software Omniscient Code Generator (Lite mode) build 49521"
   144                           
   145                           opt pagewidth 120
   146                           
   147                           	opt lm
   148  074A                     end_of_initialization:
   149  074A                     __end_of__initialization:clrf status
      + 074A  0183               	clrf	3
   150  074B  2F4C               ljmp _main	;jump to C main() function
   151                           opt subtitle "HI-TECH Software Omniscient Code Generator (Lite mode) build 49521"
   152                           
   153  0070                     __pcstackCOMMON:
   154  0070                     ?_main:	; 0 bytes @ 0x0
   155  0070                     ??_main:	; 0 bytes @ 0x0
   156  0070                     	ds	3
   157                           opt subtitle "HI-TECH Software Omniscient Code Generator (Lite mode) build 49521"
   158  0073                     main@upper:	; 1 bytes @ 0x3
   159  0073                     	ds	1
   160                           opt subtitle "HI-TECH Software Omniscient Code Generator (Lite mode) build 49521"
   161  0074                     main@lower:	; 1 bytes @ 0x4
   162  0074                     	ds	1
   163                           opt subtitle "HI-TECH Software Omniscient Code Generator (Lite mode) build 49521"
   164  0075                     main@i:	; 1 bytes @ 0x5
   165  0075                     	ds	1
   166                           opt subtitle "HI-TECH Software Omniscient Code Generator (Lite mode) build 49521"
   167                           
   168                           opt pagewidth 120
   169                           
   170                           	opt lm
   171                           
   172                           	processor	16F628A
   173                           clrc	macro
   174                           	bcf	3,0
   175                           	endm
   176                           clrz	macro
   177                           	bcf	3,2
   178                           	endm
   179                           setc	macro
   180                           	bsf	3,0
   181                           	endm
   182                           setz	macro
   183                           	bsf	3,2
   184                           	endm
   185                           skipc	macro
   186                           	btfss	3,0
   187                           	endm
   188                           skipz	macro
   189                           	btfss	3,2
   190                           	endm
   191                           skipnc	macro
   192                           	btfsc	3,0
   193                           	endm
   194                           skipnz	macro
   195                           	btfsc	3,2
   196                           	endm
   197                           indf	equ	0
   198                           indf0	equ	0
   199                           pc	equ	2
   200                           pcl	equ	2
   201                           status	equ	3
   202                           fsr	equ	4
   203                           fsr0	equ	4
   204                           c	equ	1
   205                           z	equ	0
   206                           pclath	equ	10
   207                           # 46 "C:\Program Files\Microchip\xc8\v1.12\include\pic16f628a.h"
   208                           INDF equ 00h ;# 
   209                           # 52 "C:\Program Files\Microchip\xc8\v1.12\include\pic16f628a.h"
   210                           TMR0 equ 01h ;# 
   211                           # 58 "C:\Program Files\Microchip\xc8\v1.12\include\pic16f628a.h"
   212                           PCL equ 02h ;# 
   213                           # 64 "C:\Program Files\Microchip\xc8\v1.12\include\pic16f628a.h"
   214                           STATUS equ 03h ;# 
   215                           # 151 "C:\Program Files\Microchip\xc8\v1.12\include\pic16f628a.h"
   216                           FSR equ 04h ;# 
   217                           # 157 "C:\Program Files\Microchip\xc8\v1.12\include\pic16f628a.h"
   218                           PORTA equ 05h ;# 
   219                           # 218 "C:\Program Files\Microchip\xc8\v1.12\include\pic16f628a.h"
   220                           PORTB equ 06h ;# 
   221                           # 279 "C:\Program Files\Microchip\xc8\v1.12\include\pic16f628a.h"
   222                           PCLATH equ 0Ah ;# 
   223                           # 298 "C:\Program Files\Microchip\xc8\v1.12\include\pic16f628a.h"
   224                           INTCON equ 0Bh ;# 
   225                           # 375 "C:\Program Files\Microchip\xc8\v1.12\include\pic16f628a.h"
   226                           PIR1 equ 0Ch ;# 
   227                           # 431 "C:\Program Files\Microchip\xc8\v1.12\include\pic16f628a.h"
   228                           TMR1 equ 0Eh ;# 
   229                           # 437 "C:\Program Files\Microchip\xc8\v1.12\include\pic16f628a.h"
   230                           TMR1L equ 0Eh ;# 
   231                           # 443 "C:\Program Files\Microchip\xc8\v1.12\include\pic16f628a.h"
   232                           TMR1H equ 0Fh ;# 
   233                           # 449 "C:\Program Files\Microchip\xc8\v1.12\include\pic16f628a.h"
   234                           T1CON equ 010h ;# 
   235                           # 507 "C:\Program Files\Microchip\xc8\v1.12\include\pic16f628a.h"
   236                           TMR2 equ 011h ;# 
   237                           # 513 "C:\Program Files\Microchip\xc8\v1.12\include\pic16f628a.h"
   238                           T2CON equ 012h ;# 
   239                           # 583 "C:\Program Files\Microchip\xc8\v1.12\include\pic16f628a.h"
   240                           CCPR1 equ 015h ;# 
   241                           # 589 "C:\Program Files\Microchip\xc8\v1.12\include\pic16f628a.h"
   242                           CCPR1L equ 015h ;# 
   243                           # 595 "C:\Program Files\Microchip\xc8\v1.12\include\pic16f628a.h"
   244                           CCPR1H equ 016h ;# 
   245                           # 601 "C:\Program Files\Microchip\xc8\v1.12\include\pic16f628a.h"
   246                           CCP1CON equ 017h ;# 
   247                           # 658 "C:\Program Files\Microchip\xc8\v1.12\include\pic16f628a.h"
   248                           RCSTA equ 018h ;# 
   249                           # 728 "C:\Program Files\Microchip\xc8\v1.12\include\pic16f628a.h"
   250                           TXREG equ 019h ;# 
   251                           # 734 "C:\Program Files\Microchip\xc8\v1.12\include\pic16f628a.h"
   252                           RCREG equ 01Ah ;# 
   253                           # 740 "C:\Program Files\Microchip\xc8\v1.12\include\pic16f628a.h"
   254                           CMCON equ 01Fh ;# 
   255                           # 809 "C:\Program Files\Microchip\xc8\v1.12\include\pic16f628a.h"
   256                           OPTION_REG equ 081h ;# 
   257                           # 878 "C:\Program Files\Microchip\xc8\v1.12\include\pic16f628a.h"
   258                           TRISA equ 085h ;# 
   259                           # 939 "C:\Program Files\Microchip\xc8\v1.12\include\pic16f628a.h"
   260                           TRISB equ 086h ;# 
   261                           # 1000 "C:\Program Files\Microchip\xc8\v1.12\include\pic16f628a.h"
   262                           PIE1 equ 08Ch ;# 
   263                           # 1056 "C:\Program Files\Microchip\xc8\v1.12\include\pic16f628a.h"
   264                           PCON equ 08Eh ;# 
   265                           # 1104 "C:\Program Files\Microchip\xc8\v1.12\include\pic16f628a.h"
   266                           PR2 equ 092h ;# 
   267                           # 1110 "C:\Program Files\Microchip\xc8\v1.12\include\pic16f628a.h"
   268                           TXSTA equ 098h ;# 
   269                           # 1166 "C:\Program Files\Microchip\xc8\v1.12\include\pic16f628a.h"
   270                           SPBRG equ 099h ;# 
   271                           # 1172 "C:\Program Files\Microchip\xc8\v1.12\include\pic16f628a.h"
   272                           EEDATA equ 09Ah ;# 
   273                           # 1178 "C:\Program Files\Microchip\xc8\v1.12\include\pic16f628a.h"
   274                           EEADR equ 09Bh ;# 
   275                           # 1184 "C:\Program Files\Microchip\xc8\v1.12\include\pic16f628a.h"
   276                           EECON1 equ 09Ch ;# 
   277                           # 1221 "C:\Program Files\Microchip\xc8\v1.12\include\pic16f628a.h"
   278                           EECON2 equ 09Dh ;# 
   279                           # 1227 "C:\Program Files\Microchip\xc8\v1.12\include\pic16f628a.h"
   280                           VRCON equ 09Fh ;# 
   281                           	FNROOT	_main
   282                           	global	_PORTB
   283                           _PORTB	set	0x6
   284                           	global	_RB0
   285                           _RB0	set	0x30
   286                           	global	_RB1
   287                           _RB1	set	0x31
   288  00B4                     	__size_of_main	equ	__end_of_main-_main
   289                           opt subtitle "HI-TECH Software Omniscient Code Generator (Lite mode) build 49521"
   290  074C                     _main:	
   291                           opt subtitle "HI-TECH Software Omniscient Code Generator (Lite mode) build 49521"
   292                           
   293                           opt pagewidth 120
   294                           
   295                           	opt lm
   296                           
   297  074C                     l19:	
   298                           opt subtitle "HI-TECH Software Omniscient Code Generator (Lite mode) build 49521"
   299                           
   300  074C                     l491:	
   301                           opt subtitle "HI-TECH Software Omniscient Code Generator (Lite mode) build 49521"
   302                           
   303  074C  3001               	movlw	(01h)
   304  074D  1683               	bsf	status, 5	;RP0=1, select bank1
   305  074E  1303               	bcf	status, 6	;RP1=0, select bank1
   306  074F  0086               	movwf	(134)^080h	;volatile
   307                           opt subtitle "HI-TECH Software Omniscient Code Generator (Lite mode) build 49521"
   308                           
   309  0750  30FE               	movlw	(0FEh)
   310  0751  1283               	bcf	status, 5	;RP0=0, select bank0
   311  0752  1303               	bcf	status, 6	;RP1=0, select bank0
   312  0753  0086               	movwf	(6)	;volatile
   313                           opt subtitle "HI-TECH Software Omniscient Code Generator (Lite mode) build 49521"
   314                           
   315                           opt pagewidth 120
   316  0754  30F9               movlw	249
   317  0755  00F0               movwf	(??_main+0)+0,f
   318  0756                     u97:
   319  0756  0000               	nop
   320  0757  0BF0               decfsz	(??_main+0)+0,f
   321  0758  2F56               	goto	u97
   322  0759  2F5A               	nop2	;nop
   323  075A  0000               	nop
   324                           opt subtitle "HI-TECH Software Omniscient Code Generator (Lite mode) build 49521"
   325                           
   326                           opt pagewidth 120
   327                           
   328  075B                     l493:	
   329                           opt subtitle "HI-TECH Software Omniscient Code Generator (Lite mode) build 49521"
   330  075B  1283               	bcf	status, 5	;RP0=0, select bank0
   331  075C  1303               	bcf	status, 6	;RP1=0, select bank0
   332  075D  1C06               	btfss	(48/8),(48)&7	;volatile
   333  075E  2F60               	goto	u11
   334  075F  2F61               	goto	u10
   335  0760                     u11:
   336  0760  2F64               	goto	l20
   337  0761                     u10:
   338                           opt subtitle "HI-TECH Software Omniscient Code Generator (Lite mode) build 49521"
   339                           
   340  0761                     l495:	
   341                           opt subtitle "HI-TECH Software Omniscient Code Generator (Lite mode) build 49521"
   342                           
   343  0761  01F4               	clrf	(main@lower)
   344  0762  0AF4               	incf	(main@lower),f
   345                           opt subtitle "HI-TECH Software Omniscient Code Generator (Lite mode) build 49521"
   346                           
   347  0763  2F66               	goto	l497
   348                           opt subtitle "HI-TECH Software Omniscient Code Generator (Lite mode) build 49521"
   349                           
   350  0764                     l20:	
   351                           opt subtitle "HI-TECH Software Omniscient Code Generator (Lite mode) build 49521"
   352                           
   353                           opt pagewidth 120
   354                           
   355  0764  01F4               	clrf	(main@lower)
   356  0765  2F66               	goto	l497
   357                           opt subtitle "HI-TECH Software Omniscient Code Generator (Lite mode) build 49521"
   358                           
   359  0766                     l21:	
   360                           opt subtitle "HI-TECH Software Omniscient Code Generator (Lite mode) build 49521"
   361                           
   362  0766                     l497:	
   363                           opt subtitle "HI-TECH Software Omniscient Code Generator (Lite mode) build 49521"
   364                           
   365  0766  1683               	bsf	status, 5	;RP0=1, select bank1
   366  0767  1303               	bcf	status, 6	;RP1=0, select bank1
   367  0768  0186               	clrf	(134)^080h	;volatile
   368                           opt subtitle "HI-TECH Software Omniscient Code Generator (Lite mode) build 49521"
   369                           
   370  0769                     l499:	
   371                           opt subtitle "HI-TECH Software Omniscient Code Generator (Lite mode) build 49521"
   372  0769  3010               	movlw	(010h)
   373  076A  1283               	bcf	status, 5	;RP0=0, select bank0
   374  076B  1303               	bcf	status, 6	;RP1=0, select bank0
   375  076C  0086               	movwf	(6)	;volatile
   376                           opt subtitle "HI-TECH Software Omniscient Code Generator (Lite mode) build 49521"
   377                           
   378  076D                     l501:	
   379                           opt subtitle "HI-TECH Software Omniscient Code Generator (Lite mode) build 49521"
   380                           
   381  076D  30F9               movlw	249
   382  076E  00F0               movwf	(??_main+0)+0,f
   383  076F                     u107:
   384  076F  0000               	nop
   385  0770  0BF0               decfsz	(??_main+0)+0,f
   386  0771  2F6F               	goto	u107
   387  0772  2F73               	nop2	;nop
   388  0773  0000               	nop
   389                           opt subtitle "HI-TECH Software Omniscient Code Generator (Lite mode) build 49521"
   390                           
   391                           opt pagewidth 120
   392                           
   393  0774                     l503:	
   394                           opt subtitle "HI-TECH Software Omniscient Code Generator (Lite mode) build 49521"
   395  0774  3002               	movlw	(02h)
   396  0775  1683               	bsf	status, 5	;RP0=1, select bank1
   397  0776  1303               	bcf	status, 6	;RP1=0, select bank1
   398  0777  0086               	movwf	(134)^080h	;volatile
   399                           opt subtitle "HI-TECH Software Omniscient Code Generator (Lite mode) build 49521"
   400                           
   401  0778                     l505:	
   402                           opt subtitle "HI-TECH Software Omniscient Code Generator (Lite mode) build 49521"
   403  0778  30FD               	movlw	(0FDh)
   404  0779  1283               	bcf	status, 5	;RP0=0, select bank0
   405  077A  1303               	bcf	status, 6	;RP1=0, select bank0
   406  077B  0086               	movwf	(6)	;volatile
   407                           opt subtitle "HI-TECH Software Omniscient Code Generator (Lite mode) build 49521"
   408                           
   409  077C                     l507:	
   410                           opt subtitle "HI-TECH Software Omniscient Code Generator (Lite mode) build 49521"
   411                           
   412  077C  30F9               movlw	249
   413  077D  00F0               movwf	(??_main+0)+0,f
   414  077E                     u117:
   415  077E  0000               	nop
   416  077F  0BF0               decfsz	(??_main+0)+0,f
   417  0780  2F7E               	goto	u117
   418  0781  2F82               	nop2	;nop
   419  0782  0000               	nop
   420                           opt subtitle "HI-TECH Software Omniscient Code Generator (Lite mode) build 49521"
   421                           
   422                           opt pagewidth 120
   423                           
   424  0783                     l509:	
   425                           opt subtitle "HI-TECH Software Omniscient Code Generator (Lite mode) build 49521"
   426  0783  1283               	bcf	status, 5	;RP0=0, select bank0
   427  0784  1303               	bcf	status, 6	;RP1=0, select bank0
   428  0785  1C86               	btfss	(49/8),(49)&7	;volatile
   429  0786  2F88               	goto	u21
   430  0787  2F89               	goto	u20
   431  0788                     u21:
   432  0788  2F8C               	goto	l22
   433  0789                     u20:
   434                           opt subtitle "HI-TECH Software Omniscient Code Generator (Lite mode) build 49521"
   435                           
   436  0789                     l511:	
   437                           opt subtitle "HI-TECH Software Omniscient Code Generator (Lite mode) build 49521"
   438                           
   439  0789  01F3               	clrf	(main@upper)
   440  078A  0AF3               	incf	(main@upper),f
   441                           opt subtitle "HI-TECH Software Omniscient Code Generator (Lite mode) build 49521"
   442                           
   443  078B  2F8F               	goto	l513
   444                           opt subtitle "HI-TECH Software Omniscient Code Generator (Lite mode) build 49521"
   445                           
   446  078C                     l22:	
   447                           opt subtitle "HI-TECH Software Omniscient Code Generator (Lite mode) build 49521"
   448                           
   449                           opt pagewidth 120
   450                           
   451  078C  01F3               	clrf	(main@upper)
   452  078D  0AF3               	incf	(main@upper),f
   453  078E  2F8F               	goto	l513
   454                           opt subtitle "HI-TECH Software Omniscient Code Generator (Lite mode) build 49521"
   455                           
   456  078F                     l23:	
   457                           opt subtitle "HI-TECH Software Omniscient Code Generator (Lite mode) build 49521"
   458                           
   459  078F                     l513:	
   460                           opt subtitle "HI-TECH Software Omniscient Code Generator (Lite mode) build 49521"
   461                           
   462  078F  1683               	bsf	status, 5	;RP0=1, select bank1
   463  0790  1303               	bcf	status, 6	;RP1=0, select bank1
   464  0791  0186               	clrf	(134)^080h	;volatile
   465                           opt subtitle "HI-TECH Software Omniscient Code Generator (Lite mode) build 49521"
   466                           
   467  0792                     l515:	
   468                           opt subtitle "HI-TECH Software Omniscient Code Generator (Lite mode) build 49521"
   469  0792  3010               	movlw	(010h)
   470  0793  1283               	bcf	status, 5	;RP0=0, select bank0
   471  0794  1303               	bcf	status, 6	;RP1=0, select bank0
   472  0795  0086               	movwf	(6)	;volatile
   473                           opt subtitle "HI-TECH Software Omniscient Code Generator (Lite mode) build 49521"
   474                           
   475  0796                     l517:	
   476                           opt subtitle "HI-TECH Software Omniscient Code Generator (Lite mode) build 49521"
   477  0796  0873               	movf	(main@upper),w
   478  0797  3A01               	xorlw	01h
   479  0798  1D03               	skipz
   480  0799  2F9B               	goto	u31
   481  079A  2F9C               	goto	u30
   482  079B                     u31:
   483  079B  2F9E               	goto	l24
   484  079C                     u30:
   485                           opt subtitle "HI-TECH Software Omniscient Code Generator (Lite mode) build 49521"
   486                           
   487  079C                     l519:	
   488                           opt subtitle "HI-TECH Software Omniscient Code Generator (Lite mode) build 49521"
   489                           
   490  079C  1706               	bsf	(54/8),(54)&7	;volatile
   491                           opt subtitle "HI-TECH Software Omniscient Code Generator (Lite mode) build 49521"
   492                           
   493  079D  2FA0               	goto	l521
   494                           opt subtitle "HI-TECH Software Omniscient Code Generator (Lite mode) build 49521"
   495                           
   496  079E                     l24:	
   497                           opt subtitle "HI-TECH Software Omniscient Code Generator (Lite mode) build 49521"
   498                           
   499                           opt pagewidth 120
   500                           
   501  079E  1306               	bcf	(54/8),(54)&7	;volatile
   502  079F  2FA0               	goto	l521
   503                           opt subtitle "HI-TECH Software Omniscient Code Generator (Lite mode) build 49521"
   504                           
   505  07A0                     l25:	
   506                           opt subtitle "HI-TECH Software Omniscient Code Generator (Lite mode) build 49521"
   507                           
   508  07A0                     l521:	
   509                           opt subtitle "HI-TECH Software Omniscient Code Generator (Lite mode) build 49521"
   510                           
   511  07A0  0874               	movf	(main@lower),w
   512  07A1  3A01               	xorlw	01h
   513  07A2  1D03               	skipz
   514  07A3  2FA5               	goto	u41
   515  07A4  2FA6               	goto	u40
   516  07A5                     u41:
   517  07A5  2FA8               	goto	l26
   518  07A6                     u40:
   519                           opt subtitle "HI-TECH Software Omniscient Code Generator (Lite mode) build 49521"
   520                           
   521  07A6                     l523:	
   522                           opt subtitle "HI-TECH Software Omniscient Code Generator (Lite mode) build 49521"
   523                           
   524  07A6  1686               	bsf	(53/8),(53)&7	;volatile
   525                           opt subtitle "HI-TECH Software Omniscient Code Generator (Lite mode) build 49521"
   526                           
   527  07A7  2FA9               	goto	l27
   528                           opt subtitle "HI-TECH Software Omniscient Code Generator (Lite mode) build 49521"
   529                           
   530  07A8                     l26:	
   531                           opt subtitle "HI-TECH Software Omniscient Code Generator (Lite mode) build 49521"
   532                           
   533                           opt pagewidth 120
   534                           
   535  07A8  1286               	bcf	(53/8),(53)&7	;volatile
   536                           opt subtitle "HI-TECH Software Omniscient Code Generator (Lite mode) build 49521"
   537                           
   538  07A9                     l27:	
   539                           opt subtitle "HI-TECH Software Omniscient Code Generator (Lite mode) build 49521"
   540                           
   541                           opt pagewidth 120
   542  07A9  01F5               	clrf	(main@i)
   543                           opt subtitle "HI-TECH Software Omniscient Code Generator (Lite mode) build 49521"
   544  07AA                     l525:	
   545  07AA  3005               	movlw	(05h)
   546  07AB  0275               	subwf	(main@i),w
   547  07AC  1C03               	skipc
   548  07AD  2FAF               	goto	u51
   549  07AE  2FB0               	goto	u50
   550  07AF                     u51:
   551  07AF  2FB2               	goto	l28
   552  07B0                     u50:
   553  07B0  2FDC               	goto	l29
   554                           opt subtitle "HI-TECH Software Omniscient Code Generator (Lite mode) build 49521"
   555  07B1                     l527:	
   556  07B1  2FDC               	goto	l29
   557                           opt subtitle "HI-TECH Software Omniscient Code Generator (Lite mode) build 49521"
   558                           
   559  07B2                     l28:	
   560                           opt subtitle "HI-TECH Software Omniscient Code Generator (Lite mode) build 49521"
   561                           
   562                           opt pagewidth 120
   563  07B2  1283               	bcf	status, 5	;RP0=0, select bank0
   564  07B3  1303               	bcf	status, 6	;RP1=0, select bank0
   565  07B4  1206               	bcf	(52/8),(52)&7	;volatile
   566                           opt subtitle "HI-TECH Software Omniscient Code Generator (Lite mode) build 49521"
   567                           
   568  07B5                     l529:	
   569                           opt subtitle "HI-TECH Software Omniscient Code Generator (Lite mode) build 49521"
   570                           
   571  07B5  3006               movlw  6
   572  07B6  00F2               movwf	((??_main+0)+0+2),f
   573  07B7  3013               movlw	19
   574  07B8  00F1               movwf	((??_main+0)+0+1),f
   575  07B9  30B1               	movlw	177
   576  07BA  00F0               movwf	((??_main+0)+0),f
   577  07BB                     u127:
   578  07BB  0BF0               	decfsz	((??_main+0)+0),f
   579  07BC  2FBB               	goto	u127
   580  07BD  0BF1               	decfsz	((??_main+0)+0+1),f
   581  07BE  2FBB               	goto	u127
   582  07BF  0BF2               	decfsz	((??_main+0)+0+2),f
   583  07C0  2FBB               	goto	u127
   584  07C1  2FC2               	nop2
   585                           opt subtitle "HI-TECH Software Omniscient Code Generator (Lite mode) build 49521"
   586                           
   587                           opt pagewidth 120
   588                           
   589  07C2                     l531:	
   590                           opt subtitle "HI-TECH Software Omniscient Code Generator (Lite mode) build 49521"
   591  07C2  1283               	bcf	status, 5	;RP0=0, select bank0
   592  07C3  1303               	bcf	status, 6	;RP1=0, select bank0
   593  07C4  1606               	bsf	(52/8),(52)&7	;volatile
   594                           opt subtitle "HI-TECH Software Omniscient Code Generator (Lite mode) build 49521"
   595                           
   596                           opt pagewidth 120
   597  07C5  3006               movlw  6
   598  07C6  00F2               movwf	((??_main+0)+0+2),f
   599  07C7  3013               movlw	19
   600  07C8  00F1               movwf	((??_main+0)+0+1),f
   601  07C9  30B1               	movlw	177
   602  07CA  00F0               movwf	((??_main+0)+0),f
   603  07CB                     u137:
   604  07CB  0BF0               	decfsz	((??_main+0)+0),f
   605  07CC  2FCB               	goto	u137
   606  07CD  0BF1               	decfsz	((??_main+0)+0+1),f
   607  07CE  2FCB               	goto	u137
   608  07CF  0BF2               	decfsz	((??_main+0)+0+2),f
   609  07D0  2FCB               	goto	u137
   610  07D1  2FD2               	nop2
   611                           opt subtitle "HI-TECH Software Omniscient Code Generator (Lite mode) build 49521"
   612                           
   613                           opt pagewidth 120
   614                           
   615  07D2                     l533:	
   616  07D2  3001               	movlw	(01h)
   617  07D3  00F0               	movwf	(??_main+0)+0
   618  07D4  0870               	movf	(??_main+0)+0,w
   619  07D5  07F5               	addwf	(main@i),f
   620                           opt subtitle "HI-TECH Software Omniscient Code Generator (Lite mode) build 49521"
   621  07D6                     l535:	
   622  07D6  3005               	movlw	(05h)
   623  07D7  0275               	subwf	(main@i),w
   624  07D8  1C03               	skipc
   625  07D9  2FDB               	goto	u61
   626  07DA  2FDC               	goto	u60
   627  07DB                     u61:
   628  07DB  2FB2               	goto	l28
   629  07DC                     u60:
   630                           opt subtitle "HI-TECH Software Omniscient Code Generator (Lite mode) build 49521"
   631  07DC                     l29:	
   632                           opt subtitle "HI-TECH Software Omniscient Code Generator (Lite mode) build 49521"
   633                           
   634                           opt pagewidth 120
   635  07DC  01F5               	clrf	(main@i)
   636                           opt subtitle "HI-TECH Software Omniscient Code Generator (Lite mode) build 49521"
   637  07DD                     l537:	
   638  07DD  300F               	movlw	(0Fh)
   639  07DE  0275               	subwf	(main@i),w
   640  07DF  1C03               	skipc
   641  07E0  2FE2               	goto	u71
   642  07E1  2FE3               	goto	u70
   643  07E2                     u71:
   644  07E2  2FE5               	goto	l541
   645  07E3                     u70:
   646  07E3  2F4C               	goto	l19
   647                           opt subtitle "HI-TECH Software Omniscient Code Generator (Lite mode) build 49521"
   648  07E4                     l539:	
   649  07E4  2F4C               	goto	l19
   650                           opt subtitle "HI-TECH Software Omniscient Code Generator (Lite mode) build 49521"
   651                           
   652  07E5                     l30:	
   653                           opt subtitle "HI-TECH Software Omniscient Code Generator (Lite mode) build 49521"
   654                           
   655  07E5                     l541:	
   656                           opt subtitle "HI-TECH Software Omniscient Code Generator (Lite mode) build 49521"
   657                           
   658                           opt pagewidth 120
   659  07E5  3006               movlw  6
   660  07E6  00F2               movwf	((??_main+0)+0+2),f
   661  07E7  3013               movlw	19
   662  07E8  00F1               movwf	((??_main+0)+0+1),f
   663  07E9  30B1               	movlw	177
   664  07EA  00F0               movwf	((??_main+0)+0),f
   665  07EB                     u147:
   666  07EB  0BF0               	decfsz	((??_main+0)+0),f
   667  07EC  2FEB               	goto	u147
   668  07ED  0BF1               	decfsz	((??_main+0)+0+1),f
   669  07EE  2FEB               	goto	u147
   670  07EF  0BF2               	decfsz	((??_main+0)+0+2),f
   671  07F0  2FEB               	goto	u147
   672  07F1  2FF2               	nop2
   673                           opt subtitle "HI-TECH Software Omniscient Code Generator (Lite mode) build 49521"
   674                           
   675                           opt pagewidth 120
   676                           
   677  07F2                     l543:	
   678  07F2  3001               	movlw	(01h)
   679  07F3  00F0               	movwf	(??_main+0)+0
   680  07F4  0870               	movf	(??_main+0)+0,w
   681  07F5  07F5               	addwf	(main@i),f
   682                           opt subtitle "HI-TECH Software Omniscient Code Generator (Lite mode) build 49521"
   683  07F6                     l545:	
   684  07F6  300F               	movlw	(0Fh)
   685  07F7  0275               	subwf	(main@i),w
   686  07F8  1C03               	skipc
   687  07F9  2FFB               	goto	u81
   688  07FA  2FFC               	goto	u80
   689  07FB                     u81:
   690  07FB  2FE5               	goto	l541
   691  07FC                     u80:
   692  07FC  2F4C               	goto	l19
   693                           opt subtitle "HI-TECH Software Omniscient Code Generator (Lite mode) build 49521"
   694  07FD                     l31:	
   695  07FD  2F4C               	goto	l19
   696                           opt subtitle "HI-TECH Software Omniscient Code Generator (Lite mode) build 49521"
   697                           
   698  07FE                     l32:	
   699                           opt subtitle "HI-TECH Software Omniscient Code Generator (Lite mode) build 49521"
   700  07FE  2F4C               	goto	l19
   701                           opt subtitle "HI-TECH Software Omniscient Code Generator (Lite mode) build 49521"
   702  07FF                     l33:	
   703                           opt subtitle "HI-TECH Software Omniscient Code Generator (Lite mode) build 49521"
   704                           
   705  07FF                     l34:	
   706                           opt subtitle "HI-TECH Software Omniscient Code Generator (Lite mode) build 49521"
   707  07FF  2800               	ljmp	start
   708                           opt subtitle "HI-TECH Software Omniscient Code Generator (Lite mode) build 49521"
   709                           
   710  0800                     	__end_of_main:
   711                           opt subtitle "HI-TECH Software Omniscient Code Generator (Lite mode) build 49521"
   712                           
   713                           opt pagewidth 120
   714  007E                     	btemp set 07Eh
   715                           opt subtitle "HI-TECH Software Omniscient Code Generator (Lite mode) build 49521"
   716                           
   717                           opt pagewidth 120
   718  007E                     	wtemp0 set btemp


Data Sizes:
    Strings     0
    Constant    0
    Data        0
    BSS         0
    Persistent  0
    Stack       0

Auto Spaces:
    Space          Size  Autos    Used
    COMMON           14      6       6
    BANK0            80      0       0
    BANK1            80      0       0
    BANK2            48      0       0

Pointer List with Targets:

    None.

Critical Paths under _main in COMMON

    None.

Critical Paths under _main in BANK0

    None.

Critical Paths under _main in BANK1

    None.

Critical Paths under _main in BANK2

    None.

Call Graph Tables:

 ---------------------------------------------------------------------------------
 (Depth) Function   	        Calls       Base Space   Used Autos Params    Refs
 ---------------------------------------------------------------------------------
 (0) _main                                                 6     6      0      90
                                              0 COMMON     6     6      0
 ---------------------------------------------------------------------------------
 Estimated maximum stack depth 0
 ---------------------------------------------------------------------------------

 Call Graph Graphs:

 _main (ROOT)

 Address spaces:
Name               Size   Autos  Total    Cost      Usage
BITCOMMON            E      0       0       0        0.0%
EEDATA              80      0       0       0        0.0%
NULL                 0      0       0       0        0.0%
CODE                 0      0       0       0        0.0%
COMMON               E      6       6       1       42.9%
BITSFR0              0      0       0       1        0.0%
SFR0                 0      0       0       1        0.0%
BITSFR1              0      0       0       2        0.0%
SFR1                 0      0       0       2        0.0%
STACK                0      0       0       2        0.0%
BANK0               50      0       0       3        0.0%
BITSFR3              0      0       0       4        0.0%
SFR3                 0      0       0       4        0.0%
ABS                  0      0       0       4        0.0%
BITBANK0            50      0       0       5        0.0%
BITSFR2              0      0       0       5        0.0%
SFR2                 0      0       0       5        0.0%
BITBANK1            50      0       0       6        0.0%
BANK1               50      0       0       7        0.0%
BITBANK2            30      0       0       8        0.0%
BANK2               30      0       0       9        0.0%
DATA                 0      0       0      10        0.0%


Microchip Technology PIC Macro Assembler V1.12 build 49521 
Symbol Table                                                                                   Thu Jun 27 18:35:26 2013

                     l20 0764                       l21 0766                       l30 07E5  
                     l22 078C                       l31 07FD                       l23 078F  
                     l32 07FE                       l24 079E                       l33 07FF  
                     l25 07A0                       l34 07FF                       l26 07A8  
                     l27 07A9                       l19 074C                       l28 07B2  
                     l29 07DC                       u10 0761                       u11 0760  
                     u20 0789                       u21 0788                       u30 079C  
                     u31 079B                       u40 07A6                       u41 07A5  
                     u50 07B0                       u51 07AF                       u60 07DC  
                     u61 07DB                       u70 07E3                       u71 07E2  
                     u80 07FC                       u81 07FB                       u97 0756  
                    l501 076D                      l511 0789                      l503 0774  
                    l521 07A0                      l513 078F                      l505 0778  
                    l531 07C2                      l523 07A6                      l515 0792  
                    l507 077C                      l541 07E5                      l533 07D2  
                    l525 07AA                      l517 0796                      l509 0783  
                    l543 07F2                      l535 07D6                      l527 07B1  
                    l519 079C                      l545 07F6                      l537 07DD  
                    l529 07B5                      l539 07E4                      l491 074C  
                    l493 075B                      l495 0761                      l497 0766  
                    l499 0769                      _RB0 0030                      _RB1 0031  
                    _RB4 0034                      _RB5 0035                      _RB6 0036  
                    u107 076F                      u117 077E                      u127 07BB  
                    u137 07CB                      u147 07EB                     _main 074C  
                   btemp 007E                     start 0000                    ?_main 0070  
                  _PORTB 0006                    _TRISB 0086                    main@i 0075  
                  status 0003                    wtemp0 007E          __initialization 074A  
           __end_of_main 0800                   ??_main 0070  __end_of__initialization 074A  
         __pcstackCOMMON 0070               __pmaintext 074C     end_of_initialization 074A  
    start_initialization 074A                main@lower 0074                main@upper 0073  
          __size_of_main 00B4  
