

Microchip MPLAB XC8 Assembler V2.32 build 20210201212658 
                                                                                               Thu Feb 02 19:47:36 2023

Microchip MPLAB XC8 C Compiler v2.32 (Free license) build 20210201212658 Og1 
     1                           	processor	16F628A
     2                           	pagewidth 120
     3                           	opt	flic
     4                           	psect	cinit,global,class=CODE,merge=1,delta=2
     5                           	psect	cstackCOMMON,global,class=COMMON,space=1,delta=1,noexec
     6                           	psect	maintext,global,class=CODE,split=1,delta=2
     7                           	psect	config,global,abs,ovrld,class=CONFIG,space=4,delta=2,noexec
     8                           	dabs	1,0x7E,2
     9  0000                     
    10                           ; Version 2.32
    11                           ; Generated 02/02/2021 GMT
    12                           ; 
    13                           ; Copyright © 2021, Microchip Technology Inc. and its subsidiaries ("Microchip")
    14                           ; All rights reserved.
    15                           ; 
    16                           ; This software is developed by Microchip Technology Inc. and its subsidiaries ("Microch
      +                          ip").
    17                           ; 
    18                           ; Redistribution and use in source and binary forms, with or without modification, are
    19                           ; permitted provided that the following conditions are met:
    20                           ; 
    21                           ;     1. Redistributions of source code must retain the above copyright notice, this lis
      +                          t of
    22                           ;        conditions and the following disclaimer.
    23                           ; 
    24                           ;     2. Redistributions in binary form must reproduce the above copyright notice, this 
      +                          list
    25                           ;        of conditions and the following disclaimer in the documentation and/or other
    26                           ;        materials provided with the distribution. Publication is not required when
    27                           ;        this file is used in an embedded application.
    28                           ; 
    29                           ;     3. Microchip's name may not be used to endorse or promote products derived from th
      +                          is
    30                           ;        software without specific prior written permission.
    31                           ; 
    32                           ; THIS SOFTWARE IS PROVIDED BY MICROCHIP "AS IS" AND ANY EXPRESS OR IMPLIED WARRANTIES,
    33                           ; INCLUDING, BUT NOT LIMITED TO, THE IMPLIED WARRANTIES OF MERCHANTABILITY AND FITNESS F
      +                          OR
    34                           ; PURPOSE ARE DISCLAIMED.  IN NO EVENT SHALL MICROCHIP BE LIABLE FOR ANY DIRECT, INDIREC
      +                          T,
    35                           ; INCIDENTAL, SPECIAL, EXEMPLARY, OR CONSEQUENTIAL DAMAGES (INCLUDING BUT NOT LIMITED TO
    36                           ; PROCUREMENT OF SUBSTITUTE GOODS OR SERVICES; LOSS OF USE, DATA OR PROFITS; OR BUSINESS
    37                           ; INTERRUPTION) HOWSOEVER CAUSED AND ON ANY THEORY OF LIABILITY, WHETHER IN CONTRACT, ST
      +                          RICT
    38                           ; LIABILITY, OR TORT (INCLUDING NEGLIGENCE OR OTHERWISE) ARISING IN ANY WAY OUT OF THE U
      +                          SE OF
    39                           ; THIS SOFTWARE, EVEN IF ADVISED OF THE POSSIBILITY OF SUCH DAMAGE.
    40                           ; 
    41                           ; 
    42                           ; Code-generator required, PIC16F628A Definitions
    43                           ; 
    44                           ; SFR Addresses
    45  0000                     	;# 
    46  0001                     	;# 
    47  0002                     	;# 
    48  0003                     	;# 
    49  0004                     	;# 
    50  0005                     	;# 
    51  0006                     	;# 
    52  000A                     	;# 
    53  000B                     	;# 
    54  000C                     	;# 
    55  000E                     	;# 
    56  000E                     	;# 
    57  000F                     	;# 
    58  0010                     	;# 
    59  0011                     	;# 
    60  0012                     	;# 
    61  0015                     	;# 
    62  0015                     	;# 
    63  0016                     	;# 
    64  0017                     	;# 
    65  0018                     	;# 
    66  0019                     	;# 
    67  001A                     	;# 
    68  001F                     	;# 
    69  0081                     	;# 
    70  0085                     	;# 
    71  0086                     	;# 
    72  008C                     	;# 
    73  008E                     	;# 
    74  0092                     	;# 
    75  0098                     	;# 
    76  0099                     	;# 
    77  009A                     	;# 
    78  009B                     	;# 
    79  009C                     	;# 
    80  009D                     	;# 
    81  009F                     	;# 
    82  0000                     	;# 
    83  0001                     	;# 
    84  0002                     	;# 
    85  0003                     	;# 
    86  0004                     	;# 
    87  0005                     	;# 
    88  0006                     	;# 
    89  000A                     	;# 
    90  000B                     	;# 
    91  000C                     	;# 
    92  000E                     	;# 
    93  000E                     	;# 
    94  000F                     	;# 
    95  0010                     	;# 
    96  0011                     	;# 
    97  0012                     	;# 
    98  0015                     	;# 
    99  0015                     	;# 
   100  0016                     	;# 
   101  0017                     	;# 
   102  0018                     	;# 
   103  0019                     	;# 
   104  001A                     	;# 
   105  001F                     	;# 
   106  0081                     	;# 
   107  0085                     	;# 
   108  0086                     	;# 
   109  008C                     	;# 
   110  008E                     	;# 
   111  0092                     	;# 
   112  0098                     	;# 
   113  0099                     	;# 
   114  009A                     	;# 
   115  009B                     	;# 
   116  009C                     	;# 
   117  009D                     	;# 
   118  009F                     	;# 
   119  001F                     _CMCON	set	31
   120  0031                     _RB1	set	49
   121  0033                     _RB3	set	51
   122  0032                     _RB2	set	50
   123  0029                     _RA1	set	41
   124  0028                     _RA0	set	40
   125  002A                     _RA2	set	42
   126  0036                     _RB6	set	54
   127  0035                     _RB5	set	53
   128  0034                     _RB4	set	52
   129  0085                     _TRISA	set	133
   130  0086                     _TRISB	set	134
   131  008E                     _PCON	set	142
   132                           
   133                           	psect	cinit
   134  07FE                     start_initialization:	
   135                           ; #config settings
   136                           
   137  07FE                     __initialization:
   138  07FE                     end_of_initialization:	
   139                           ;End of C runtime variable initialization code
   140                           
   141  07FE                     __end_of__initialization:
   142  07FE  0183               	clrf	3
   143  07FF  2EFA               	ljmp	_main	;jump to C main() function
   144                           
   145                           	psect	cstackCOMMON
   146  0070                     __pcstackCOMMON:
   147  0070                     ?_main:
   148  0070                     ??_main:	
   149                           ; 1 bytes @ 0x0
   150                           
   151                           
   152                           ; 1 bytes @ 0x0
   153  0070                     	ds	3
   154  0073                     main@UL:
   155                           
   156                           ; 1 bytes @ 0x3
   157  0073                     	ds	1
   158  0074                     main@UU:
   159                           
   160                           ; 1 bytes @ 0x4
   161  0074                     	ds	1
   162  0075                     main@i:
   163                           
   164                           ; 1 bytes @ 0x5
   165  0075                     	ds	1
   166                           
   167                           	psect	maintext
   168  06FA                     __pmaintext:	
   169 ;;
   170 ;;Main: autosize = 0, tempsize = 3, incstack = 0, save=0
   171 ;;
   172 ;; *************** function _main *****************
   173 ;; Defined at:
   174 ;;		line 36 in file "../WLC-TXR.c"
   175 ;; Parameters:    Size  Location     Type
   176 ;;		None
   177 ;; Auto vars:     Size  Location     Type
   178 ;;  i               1    5[COMMON] unsigned char 
   179 ;;  UU              1    4[COMMON] unsigned char 
   180 ;;  UL              1    3[COMMON] unsigned char 
   181 ;; Return value:  Size  Location     Type
   182 ;;                  1    wreg      void 
   183 ;; Registers used:
   184 ;;		wreg, status,2, status,0
   185 ;; Tracked objects:
   186 ;;		On entry : B00/0
   187 ;;		On exit  : 0/0
   188 ;;		Unchanged: 0/0
   189 ;; Data sizes:     COMMON   BANK0   BANK1   BANK2
   190 ;;      Params:         0       0       0       0
   191 ;;      Locals:         3       0       0       0
   192 ;;      Temps:          3       0       0       0
   193 ;;      Totals:         6       0       0       0
   194 ;;Total ram usage:        6 bytes
   195 ;; This function calls:
   196 ;;		Nothing
   197 ;; This function is called by:
   198 ;;		Startup code after reset
   199 ;; This function uses a non-reentrant model
   200 ;;
   201                           
   202                           
   203                           ;psect for function _main
   204  06FA                     _main:
   205  06FA                     l646:	
   206                           ;incstack = 0
   207                           ; Regs used in _main: [wreg+status,2+status,0]
   208                           
   209                           
   210                           ;../WLC-TXR.c: 38:   PCON = 0x0B;
   211  06FA  300B               	movlw	11
   212  06FB  1683               	bsf	3,5	;RP0=1, select bank1
   213  06FC  1303               	bcf	3,6	;RP1=0, select bank1
   214  06FD  008E               	movwf	14	;volatile
   215                           
   216                           ;../WLC-TXR.c: 39:   CMCON = 0x07;
   217  06FE  3007               	movlw	7
   218  06FF  1283               	bcf	3,5	;RP0=0, select bank0
   219  0700  1303               	bcf	3,6	;RP1=0, select bank0
   220  0701  009F               	movwf	31	;volatile
   221  0702                     l648:
   222  0702                     l650:
   223  0702                     l652:
   224  0702                     l654:
   225                           
   226                           ;../WLC-TXR.c: 43:   TRISB = 0x00;
   227  0702  1683               	bsf	3,5	;RP0=1, select bank1
   228  0703  1303               	bcf	3,6	;RP1=0, select bank1
   229  0704  0186               	clrf	6	;volatile
   230  0705                     l656:
   231                           
   232                           ;../WLC-TXR.c: 44:   RB4 = 0;
   233  0705  1283               	bcf	3,5	;RP0=0, select bank0
   234  0706  1303               	bcf	3,6	;RP1=0, select bank0
   235  0707  1206               	bcf	6,4	;volatile
   236  0708                     l658:
   237                           
   238                           ;../WLC-TXR.c: 45:   RB5 = 0;
   239  0708  1286               	bcf	6,5	;volatile
   240  0709                     l660:
   241                           
   242                           ;../WLC-TXR.c: 46:   RB6 = 0;
   243  0709  1306               	bcf	6,6	;volatile
   244  070A                     l662:
   245                           
   246                           ;../WLC-TXR.c: 48:   TRISA = 0x00;
   247  070A  1683               	bsf	3,5	;RP0=1, select bank1
   248  070B  1303               	bcf	3,6	;RP1=0, select bank1
   249  070C  0185               	clrf	5	;volatile
   250  070D                     l664:
   251                           
   252                           ;../WLC-TXR.c: 49:         RA2 = 0;
   253  070D  1283               	bcf	3,5	;RP0=0, select bank0
   254  070E  1303               	bcf	3,6	;RP1=0, select bank0
   255  070F  1105               	bcf	5,2	;volatile
   256  0710                     l666:
   257                           
   258                           ;../WLC-TXR.c: 50:   RA0 = 0;
   259  0710  1005               	bcf	5,0	;volatile
   260  0711                     l668:
   261                           
   262                           ;../WLC-TXR.c: 51:   RA1 = 0;
   263  0711  1085               	bcf	5,1	;volatile
   264  0712                     l670:
   265                           
   266                           ;../WLC-TXR.c: 53:   for(i = 0; i <= 5; i++)
   267  0712  01F5               	clrf	main@i
   268  0713                     l33:
   269                           
   270                           ;../WLC-TXR.c: 54:   {;../WLC-TXR.c: 55:         RB2 = 1;
   271  0713  1283               	bcf	3,5	;RP0=0, select bank0
   272  0714  1303               	bcf	3,6	;RP1=0, select bank0
   273  0715  1506               	bsf	6,2	;volatile
   274                           
   275                           ;../WLC-TXR.c: 56:         RB3 = 1;
   276  0716  1586               	bsf	6,3	;volatile
   277  0717                     l674:
   278                           
   279                           ;../WLC-TXR.c: 57:         _delay(1000000);
   280  0717  3006               	movlw	6
   281  0718  00F2               	movwf	??_main+2
   282  0719  3013               	movlw	19
   283  071A  00F1               	movwf	??_main+1
   284  071B  30AD               	movlw	173
   285  071C  00F0               	movwf	??_main
   286  071D                     u107:
   287  071D  0BF0               	decfsz	??_main,f
   288  071E  2F1D               	goto	u107
   289  071F  0BF1               	decfsz	??_main+1,f
   290  0720  2F1D               	goto	u107
   291  0721  0BF2               	decfsz	??_main+2,f
   292  0722  2F1D               	goto	u107
   293  0723  2F24               	nop2
   294  0724                     l676:
   295                           
   296                           ;../WLC-TXR.c: 58:         RB2 = 0;
   297  0724  1283               	bcf	3,5	;RP0=0, select bank0
   298  0725  1303               	bcf	3,6	;RP1=0, select bank0
   299  0726  1106               	bcf	6,2	;volatile
   300  0727                     l678:
   301                           
   302                           ;../WLC-TXR.c: 59:         RB3 = 0;
   303  0727  1186               	bcf	6,3	;volatile
   304                           
   305                           ;../WLC-TXR.c: 60:         _delay(1000000);
   306  0728  3006               	movlw	6
   307  0729  00F2               	movwf	??_main+2
   308  072A  3013               	movlw	19
   309  072B  00F1               	movwf	??_main+1
   310  072C  30AD               	movlw	173
   311  072D  00F0               	movwf	??_main
   312  072E                     u117:
   313  072E  0BF0               	decfsz	??_main,f
   314  072F  2F2E               	goto	u117
   315  0730  0BF1               	decfsz	??_main+1,f
   316  0731  2F2E               	goto	u117
   317  0732  0BF2               	decfsz	??_main+2,f
   318  0733  2F2E               	goto	u117
   319  0734  2F35               	nop2
   320  0735                     l680:
   321                           
   322                           ;../WLC-TXR.c: 61:      }
   323  0735  3001               	movlw	1
   324  0736  00F0               	movwf	??_main
   325  0737  0870               	movf	??_main,w
   326  0738  07F5               	addwf	main@i,f
   327  0739                     l682:
   328  0739  3006               	movlw	6
   329  073A  0275               	subwf	main@i,w
   330  073B  1C03               	skipc
   331  073C  2F3E               	goto	u11
   332  073D  2F3F               	goto	u10
   333  073E                     u11:
   334  073E  2F13               	goto	l33
   335  073F                     u10:
   336  073F                     l684:
   337                           
   338                           ;../WLC-TXR.c: 64:    {;../WLC-TXR.c: 66:     TRISA = 0x04;
   339  073F  3004               	movlw	4
   340  0740  1683               	bsf	3,5	;RP0=1, select bank1
   341  0741  1303               	bcf	3,6	;RP1=0, select bank1
   342  0742  0085               	movwf	5	;volatile
   343  0743                     l686:
   344                           
   345                           ;../WLC-TXR.c: 67:     RA1 = 1;
   346  0743  1283               	bcf	3,5	;RP0=0, select bank0
   347  0744  1303               	bcf	3,6	;RP1=0, select bank0
   348  0745  1485               	bsf	5,1	;volatile
   349                           
   350                           ;../WLC-TXR.c: 68:     _delay(1000000);
   351  0746  3006               	movlw	6
   352  0747  00F2               	movwf	??_main+2
   353  0748  3013               	movlw	19
   354  0749  00F1               	movwf	??_main+1
   355  074A  30AD               	movlw	173
   356  074B  00F0               	movwf	??_main
   357  074C                     u127:
   358  074C  0BF0               	decfsz	??_main,f
   359  074D  2F4C               	goto	u127
   360  074E  0BF1               	decfsz	??_main+1,f
   361  074F  2F4C               	goto	u127
   362  0750  0BF2               	decfsz	??_main+2,f
   363  0751  2F4C               	goto	u127
   364  0752  2F53               	nop2
   365  0753                     l688:
   366                           
   367                           ;../WLC-TXR.c: 69:     if(RA2 == 1)
   368  0753  1283               	bcf	3,5	;RP0=0, select bank0
   369  0754  1303               	bcf	3,6	;RP1=0, select bank0
   370  0755  1D05               	btfss	5,2	;volatile
   371  0756  2F58               	goto	u21
   372  0757  2F59               	goto	u20
   373  0758                     u21:
   374  0758  2F5C               	goto	l692
   375  0759                     u20:
   376  0759                     l690:
   377                           
   378                           ;../WLC-TXR.c: 70:      {;../WLC-TXR.c: 71:       UL = 1;
   379  0759  01F3               	clrf	main@UL
   380  075A  0AF3               	incf	main@UL,f
   381                           
   382                           ;../WLC-TXR.c: 72:      }
   383  075B  2F5D               	goto	l37
   384  075C                     l692:
   385                           
   386                           ;../WLC-TXR.c: 74:      {;../WLC-TXR.c: 75:       UL = 0;
   387  075C  01F3               	clrf	main@UL
   388  075D                     l37:	
   389                           ;../WLC-TXR.c: 76:      }
   390                           
   391                           
   392                           ;../WLC-TXR.c: 79:     TRISA = 0x00;
   393  075D  1683               	bsf	3,5	;RP0=1, select bank1
   394  075E  1303               	bcf	3,6	;RP1=0, select bank1
   395  075F  0185               	clrf	5	;volatile
   396  0760                     l694:
   397                           
   398                           ;../WLC-TXR.c: 80:     RA0 = 0;
   399  0760  1283               	bcf	3,5	;RP0=0, select bank0
   400  0761  1303               	bcf	3,6	;RP1=0, select bank0
   401  0762  1005               	bcf	5,0	;volatile
   402  0763                     l696:
   403                           
   404                           ;../WLC-TXR.c: 81:     RA1 = 0;
   405  0763  1085               	bcf	5,1	;volatile
   406  0764                     l698:
   407                           
   408                           ;../WLC-TXR.c: 82:     _delay(1000000);
   409  0764  3006               	movlw	6
   410  0765  00F2               	movwf	??_main+2
   411  0766  3013               	movlw	19
   412  0767  00F1               	movwf	??_main+1
   413  0768  30AD               	movlw	173
   414  0769  00F0               	movwf	??_main
   415  076A                     u137:
   416  076A  0BF0               	decfsz	??_main,f
   417  076B  2F6A               	goto	u137
   418  076C  0BF1               	decfsz	??_main+1,f
   419  076D  2F6A               	goto	u137
   420  076E  0BF2               	decfsz	??_main+2,f
   421  076F  2F6A               	goto	u137
   422  0770  2F71               	nop2
   423  0771                     l700:
   424                           
   425                           ;../WLC-TXR.c: 85:     TRISA = 0x04;
   426  0771  3004               	movlw	4
   427  0772  1683               	bsf	3,5	;RP0=1, select bank1
   428  0773  1303               	bcf	3,6	;RP1=0, select bank1
   429  0774  0085               	movwf	5	;volatile
   430  0775                     l702:
   431                           
   432                           ;../WLC-TXR.c: 86:     RA0 = 1;
   433  0775  1283               	bcf	3,5	;RP0=0, select bank0
   434  0776  1303               	bcf	3,6	;RP1=0, select bank0
   435  0777  1405               	bsf	5,0	;volatile
   436  0778                     l704:
   437                           
   438                           ;../WLC-TXR.c: 87:     _delay(1000000);
   439  0778  3006               	movlw	6
   440  0779  00F2               	movwf	??_main+2
   441  077A  3013               	movlw	19
   442  077B  00F1               	movwf	??_main+1
   443  077C  30AD               	movlw	173
   444  077D  00F0               	movwf	??_main
   445  077E                     u147:
   446  077E  0BF0               	decfsz	??_main,f
   447  077F  2F7E               	goto	u147
   448  0780  0BF1               	decfsz	??_main+1,f
   449  0781  2F7E               	goto	u147
   450  0782  0BF2               	decfsz	??_main+2,f
   451  0783  2F7E               	goto	u147
   452  0784  2F85               	nop2
   453  0785                     l706:
   454                           
   455                           ;../WLC-TXR.c: 88:     if(RA2 == 1)
   456  0785  1283               	bcf	3,5	;RP0=0, select bank0
   457  0786  1303               	bcf	3,6	;RP1=0, select bank0
   458  0787  1D05               	btfss	5,2	;volatile
   459  0788  2F8A               	goto	u31
   460  0789  2F8B               	goto	u30
   461  078A                     u31:
   462  078A  2F8E               	goto	l710
   463  078B                     u30:
   464  078B                     l708:
   465                           
   466                           ;../WLC-TXR.c: 89:      {;../WLC-TXR.c: 90:       UU = 1;
   467  078B  01F4               	clrf	main@UU
   468  078C  0AF4               	incf	main@UU,f
   469                           
   470                           ;../WLC-TXR.c: 91:      }
   471  078D  2F8F               	goto	l39
   472  078E                     l710:
   473                           
   474                           ;../WLC-TXR.c: 93:      {;../WLC-TXR.c: 94:       UU = 0;
   475  078E  01F4               	clrf	main@UU
   476  078F                     l39:	
   477                           ;../WLC-TXR.c: 95:      }
   478                           
   479                           
   480                           ;../WLC-TXR.c: 98:     TRISA = 0x00;
   481  078F  1683               	bsf	3,5	;RP0=1, select bank1
   482  0790  1303               	bcf	3,6	;RP1=0, select bank1
   483  0791  0185               	clrf	5	;volatile
   484  0792                     l712:
   485                           
   486                           ;../WLC-TXR.c: 99:     RA0 = 0;
   487  0792  1283               	bcf	3,5	;RP0=0, select bank0
   488  0793  1303               	bcf	3,6	;RP1=0, select bank0
   489  0794  1005               	bcf	5,0	;volatile
   490  0795                     l714:
   491                           
   492                           ;../WLC-TXR.c: 100:     RA1 = 0;
   493  0795  1085               	bcf	5,1	;volatile
   494  0796                     l716:
   495                           
   496                           ;../WLC-TXR.c: 101:     _delay(1000000);
   497  0796  3006               	movlw	6
   498  0797  00F2               	movwf	??_main+2
   499  0798  3013               	movlw	19
   500  0799  00F1               	movwf	??_main+1
   501  079A  30AD               	movlw	173
   502  079B  00F0               	movwf	??_main
   503  079C                     u157:
   504  079C  0BF0               	decfsz	??_main,f
   505  079D  2F9C               	goto	u157
   506  079E  0BF1               	decfsz	??_main+1,f
   507  079F  2F9C               	goto	u157
   508  07A0  0BF2               	decfsz	??_main+2,f
   509  07A1  2F9C               	goto	u157
   510  07A2  2FA3               	nop2
   511  07A3                     l718:
   512                           
   513                           ;../WLC-TXR.c: 104:     if(UU == 1)
   514  07A3  0374               	decf	main@UU,w
   515  07A4  1D03               	btfss	3,2
   516  07A5  2FA7               	goto	u41
   517  07A6  2FA8               	goto	u40
   518  07A7                     u41:
   519  07A7  2FAD               	goto	l40
   520  07A8                     u40:
   521  07A8                     l720:
   522                           
   523                           ;../WLC-TXR.c: 105:      {;../WLC-TXR.c: 106:       RB2 = 1;
   524  07A8  1283               	bcf	3,5	;RP0=0, select bank0
   525  07A9  1303               	bcf	3,6	;RP1=0, select bank0
   526  07AA  1506               	bsf	6,2	;volatile
   527                           
   528                           ;../WLC-TXR.c: 107:                         RB4 = 1;
   529  07AB  1606               	bsf	6,4	;volatile
   530                           
   531                           ;../WLC-TXR.c: 108:      }
   532  07AC  2FB1               	goto	l722
   533  07AD                     l40:	
   534                           ;../WLC-TXR.c: 109:                 else
   535                           
   536                           
   537                           ;../WLC-TXR.c: 110:                     {;../WLC-TXR.c: 111:                         RB2
      +                           = 0;
   538  07AD  1283               	bcf	3,5	;RP0=0, select bank0
   539  07AE  1303               	bcf	3,6	;RP1=0, select bank0
   540  07AF  1106               	bcf	6,2	;volatile
   541                           
   542                           ;../WLC-TXR.c: 112:                         RB4 = 0;
   543  07B0  1206               	bcf	6,4	;volatile
   544  07B1                     l722:
   545                           
   546                           ;../WLC-TXR.c: 115:                 if(UL == 1)
   547  07B1  0373               	decf	main@UL,w
   548  07B2  1D03               	btfss	3,2
   549  07B3  2FB5               	goto	u51
   550  07B4  2FB6               	goto	u50
   551  07B5                     u51:
   552  07B5  2FB9               	goto	l42
   553  07B6                     u50:
   554  07B6                     l724:
   555                           
   556                           ;../WLC-TXR.c: 116:      {;../WLC-TXR.c: 117:       RB3 = 1;
   557  07B6  1586               	bsf	6,3	;volatile
   558                           
   559                           ;../WLC-TXR.c: 118:                         RB5 = 1;
   560  07B7  1686               	bsf	6,5	;volatile
   561                           
   562                           ;../WLC-TXR.c: 119:      }
   563  07B8  2FBB               	goto	l726
   564  07B9                     l42:	
   565                           ;../WLC-TXR.c: 120:                 else
   566                           
   567                           
   568                           ;../WLC-TXR.c: 121:                     {;../WLC-TXR.c: 122:                         RB3
      +                           = 0;
   569  07B9  1186               	bcf	6,3	;volatile
   570                           
   571                           ;../WLC-TXR.c: 123:                         RB5 = 0;
   572  07BA  1286               	bcf	6,5	;volatile
   573  07BB                     l726:
   574                           
   575                           ;../WLC-TXR.c: 127:     if(UU == 1 || UL == 1)
   576  07BB  0374               	decf	main@UU,w
   577  07BC  1903               	btfsc	3,2
   578  07BD  2FBF               	goto	u61
   579  07BE  2FC0               	goto	u60
   580  07BF                     u61:
   581  07BF  2FC5               	goto	l730
   582  07C0                     u60:
   583  07C0                     l728:
   584  07C0  0373               	decf	main@UL,w
   585  07C1  1D03               	btfss	3,2
   586  07C2  2FC4               	goto	u71
   587  07C3  2FC5               	goto	u70
   588  07C4                     u71:
   589  07C4  2FE2               	goto	l44
   590  07C5                     u70:
   591  07C5                     l730:
   592                           
   593                           ;../WLC-TXR.c: 128:      {;../WLC-TXR.c: 129:                         for(i = 0; i <= 30
      +                          ; i++)
   594  07C5  01F5               	clrf	main@i
   595  07C6                     l736:
   596                           
   597                           ;../WLC-TXR.c: 130:                             {;../WLC-TXR.c: 131:                    
      +                                       _delay(1000000);
   598  07C6  3006               	movlw	6
   599  07C7  00F2               	movwf	??_main+2
   600  07C8  3013               	movlw	19
   601  07C9  00F1               	movwf	??_main+1
   602  07CA  30AD               	movlw	173
   603  07CB  00F0               	movwf	??_main
   604  07CC                     u167:
   605  07CC  0BF0               	decfsz	??_main,f
   606  07CD  2FCC               	goto	u167
   607  07CE  0BF1               	decfsz	??_main+1,f
   608  07CF  2FCC               	goto	u167
   609  07D0  0BF2               	decfsz	??_main+2,f
   610  07D1  2FCC               	goto	u167
   611  07D2  2FD3               	nop2
   612  07D3                     l738:
   613                           
   614                           ;../WLC-TXR.c: 132:                             }
   615  07D3  3001               	movlw	1
   616  07D4  00F0               	movwf	??_main
   617  07D5  0870               	movf	??_main,w
   618  07D6  07F5               	addwf	main@i,f
   619  07D7                     l740:
   620  07D7  301F               	movlw	31
   621  07D8  0275               	subwf	main@i,w
   622  07D9  1C03               	skipc
   623  07DA  2FDC               	goto	u81
   624  07DB  2FDD               	goto	u80
   625  07DC                     u81:
   626  07DC  2FC6               	goto	l736
   627  07DD                     u80:
   628  07DD                     l48:
   629                           
   630                           ;../WLC-TXR.c: 133:                         RB1 = 1;
   631  07DD  1283               	bcf	3,5	;RP0=0, select bank0
   632  07DE  1303               	bcf	3,6	;RP1=0, select bank0
   633  07DF  1486               	bsf	6,1	;volatile
   634                           
   635                           ;../WLC-TXR.c: 134:                         RB6 = 1;
   636  07E0  1706               	bsf	6,6	;volatile
   637                           
   638                           ;../WLC-TXR.c: 135:      }
   639  07E1  2FE4               	goto	l742
   640  07E2                     l44:	
   641                           ;../WLC-TXR.c: 136:     else
   642                           
   643                           
   644                           ;../WLC-TXR.c: 137:                     {;../WLC-TXR.c: 138:                         RB1
      +                           = 0;
   645  07E2  1086               	bcf	6,1	;volatile
   646                           
   647                           ;../WLC-TXR.c: 139:                         RB6 = 0;
   648  07E3  1306               	bcf	6,6	;volatile
   649  07E4                     l742:
   650                           
   651                           ;../WLC-TXR.c: 143:     for(i = 0; i <= 15; i++)
   652  07E4  01F5               	clrf	main@i
   653  07E5                     l748:
   654                           
   655                           ;../WLC-TXR.c: 144:      {;../WLC-TXR.c: 145:       _delay(1000000);
   656  07E5  3006               	movlw	6
   657  07E6  00F2               	movwf	??_main+2
   658  07E7  3013               	movlw	19
   659  07E8  00F1               	movwf	??_main+1
   660  07E9  30AD               	movlw	173
   661  07EA  00F0               	movwf	??_main
   662  07EB                     u177:
   663  07EB  0BF0               	decfsz	??_main,f
   664  07EC  2FEB               	goto	u177
   665  07ED  0BF1               	decfsz	??_main+1,f
   666  07EE  2FEB               	goto	u177
   667  07EF  0BF2               	decfsz	??_main+2,f
   668  07F0  2FEB               	goto	u177
   669  07F1  2FF2               	nop2
   670  07F2                     l750:
   671                           
   672                           ;../WLC-TXR.c: 146:      }
   673  07F2  3001               	movlw	1
   674  07F3  00F0               	movwf	??_main
   675  07F4  0870               	movf	??_main,w
   676  07F5  07F5               	addwf	main@i,f
   677  07F6                     l752:
   678  07F6  3010               	movlw	16
   679  07F7  0275               	subwf	main@i,w
   680  07F8  1C03               	skipc
   681  07F9  2FFB               	goto	u91
   682  07FA  2FFC               	goto	u90
   683  07FB                     u91:
   684  07FB  2FE5               	goto	l748
   685  07FC                     u90:
   686  07FC  2F3F               	goto	l684
   687  07FD  2800               	ljmp	start
   688  07FE                     __end_of_main:
   689  007E                     btemp	set	126	;btemp
   690  007E                     wtemp0	set	126
   691                           
   692                           	psect	config
   693                           
   694                           ;Config register CONFIG @ 0x2007
   695                           ;	Oscillator Selection bits
   696                           ;	FOSC = INTOSCIO, INTOSC oscillator: I/O function on RA6/OSC2/CLKOUT pin, I/O function 
      +                          on RA7/OSC1/CLKIN
   697                           ;	Watchdog Timer Enable bit
   698                           ;	WDTE = OFF, WDT disabled
   699                           ;	Power-up Timer Enable bit
   700                           ;	PWRTE = OFF, PWRT disabled
   701                           ;	RA5/MCLR/VPP Pin Function Select bit
   702                           ;	MCLRE = OFF, RA5/MCLR/VPP pin function is digital input, MCLR internally tied to VDD
   703                           ;	Brown-out Detect Enable bit
   704                           ;	BOREN = OFF, BOD disabled
   705                           ;	Low-Voltage Programming Enable bit
   706                           ;	LVP = OFF, RB4/PGM pin has digital I/O function, HV on MCLR must be used for programmi
      +                          ng
   707                           ;	Data EE Memory Code Protection bit
   708                           ;	CPD = ON, Data memory code-protected
   709                           ;	Flash Program Memory Code Protection bit
   710                           ;	CP = ON, 0000h to 07FFh code-protected
   711  2007                     	org	8199
   712  2007  1E18               	dw	7704

Data Sizes:
    Strings     0
    Constant    0
    Data        0
    BSS         0
    Persistent  0
    Stack       0

Auto Spaces:
    Space          Size  Autos    Used
    COMMON           14      6       6
    BANK0            80      0       0
    BANK1            80      0       0
    BANK2            48      0       0

Pointer List with Targets:

    None.

Critical Paths under _main in COMMON

    None.

Critical Paths under _main in BANK0

    None.

Critical Paths under _main in BANK1

    None.

Critical Paths under _main in BANK2

    None.

Call Graph Tables:

 ---------------------------------------------------------------------------------
 (Depth) Function   	        Calls       Base Space   Used Autos Params    Refs
 ---------------------------------------------------------------------------------
 (0) _main                                                 6     6      0     150
                                              0 COMMON     6     6      0
 ---------------------------------------------------------------------------------
 Estimated maximum stack depth 0
 ---------------------------------------------------------------------------------

 Call Graph Graphs:

 _main (ROOT)

 Address spaces:
Name               Size   Autos  Total    Cost      Usage
BITCOMMON            E      0       0       0        0.0%
EEDATA              80      0       0       0        0.0%
NULL                 0      0       0       0        0.0%
CODE                 0      0       0       0        0.0%
COMMON               E      6       6       1       42.9%
BITSFR0              0      0       0       1        0.0%
SFR0                 0      0       0       1        0.0%
BITSFR1              0      0       0       2        0.0%
SFR1                 0      0       0       2        0.0%
STACK                0      0       0       2        0.0%
BANK0               50      0       0       3        0.0%
BITSFR3              0      0       0       4        0.0%
SFR3                 0      0       0       4        0.0%
ABS                  0      0       0       4        0.0%
BITBANK0            50      0       0       5        0.0%
BITSFR2              0      0       0       5        0.0%
SFR2                 0      0       0       5        0.0%
BITBANK1            50      0       0       6        0.0%
BANK1               50      0       0       7        0.0%
BITBANK2            30      0       0       8        0.0%
BANK2               30      0       0       9        0.0%
DATA                 0      0       0      10        0.0%


Microchip Technology PIC Macro Assembler V2.32 build 20210201212658 
Symbol Table                                                                                   Thu Feb 02 19:47:36 2023

                     l40 07AD                       l33 0713                       l42 07B9  
                     l44 07E2                       l37 075D                       l39 078F  
                     l48 07DD                       u10 073F                       u11 073E  
                     u20 0759                       u21 0758                       u30 078B  
                     u31 078A                       u40 07A8                       u41 07A7  
                     u50 07B6                       u51 07B5                       u60 07C0  
                     u61 07BF                       u70 07C5                       u71 07C4  
                     u80 07DD                       u81 07DC                       u90 07FC  
                     u91 07FB                      l700 0771                      l710 078E  
                    l702 0775                      l720 07A8                      l712 0792  
                    l704 0778                      l730 07C5                      l722 07B1  
                    l714 0795                      l706 0785                      l650 0702  
                    l740 07D7                      l724 07B6                      l716 0796  
                    l708 078B                      l660 0709                      l652 0702  
                    l750 07F2                      l742 07E4                      l726 07BB  
                    l718 07A3                      l670 0712                      l662 070A  
                    l654 0702                      l646 06FA                      l752 07F6  
                    l736 07C6                      l728 07C0                      l680 0735  
                    l664 070D                      l656 0705                      l648 0702  
                    l738 07D3                      l690 0759                      l682 0739  
                    l674 0717                      l666 0710                      l658 0708  
                    l748 07E5                      l692 075C                      l684 073F  
                    l676 0724                      l668 0711                      l694 0760  
                    l686 0743                      l678 0727                      l696 0763  
                    l688 0753                      l698 0764                      _RA0 0028  
                    _RA1 0029                      _RA2 002A                      _RB1 0031  
                    _RB2 0032                      _RB3 0033                      _RB4 0034  
                    _RB5 0035                      _RB6 0036                      u107 071D  
                    u117 072E                      u127 074C                      u137 076A  
                    u147 077E                      u157 079C                      u167 07CC  
                    u177 07EB                     _PCON 008E                     _main 06FA  
                   btemp 007E                     start 0000                    ?_main 0070  
                  _CMCON 001F                    _TRISA 0085                    _TRISB 0086  
                  main@i 0075                    status 0003                    wtemp0 007E  
        __initialization 07FE             __end_of_main 07FE                   ??_main 0070  
                 main@UL 0073                   main@UU 0074  __end_of__initialization 07FE  
         __pcstackCOMMON 0070               __pmaintext 06FA     end_of_initialization 07FE  
    start_initialization 07FE                ___latbits 0000            __size_of_main 0104  
