

HI-TECH Software PIC LITE Macro Assembler V1.00 build 12136 
                                                                                               Thu Dec 13 18:48:21 2012

HI-TECH Software Omniscient Code Generator (Lite mode) build 12136
     1  0000                     opt subtitle "HI-TECH Software Omniscient Code Generator (Lite mode) build 12136"
     2                           
     3                           opt pagewidth 120
     4                           
     5                           	opt lm
     6                           
     7                           	processor	16F628A
     8                           clrc	macro
     9                           	bcf	3,0
    10  0000                     	endm
    11                           clrz	macro
    12                           	bcf	3,2
    13  0000                     	endm
    14                           setc	macro
    15                           	bsf	3,0
    16  0000                     	endm
    17                           setz	macro
    18                           	bsf	3,2
    19  0000                     	endm
    20                           skipc	macro
    21                           	btfss	3,0
    22  0000                     	endm
    23                           skipz	macro
    24                           	btfss	3,2
    25  0000                     	endm
    26                           skipnc	macro
    27                           	btfsc	3,0
    28  0000                     	endm
    29                           skipnz	macro
    30                           	btfsc	3,2
    31  0000                     	endm
    32  0000                     indf	equ	0
    33  0000                     indf0	equ	0
    34  0002                     pc	equ	2
    35  0002                     pcl	equ	2
    36  0003                     status	equ	3
    37  0004                     fsr	equ	4
    38  0004                     fsr0	equ	4
    39  0001                     c	equ	1
    40  0000                     z	equ	0
    41  000A                     pclath	equ	10
    42                           	FNROOT	_main
    43                           	FNCALL	_myisr,_pbisr
    44                           	FNCALL	intlevel1,_myisr
    45                           	global	intlevel1
    46                           	FNROOT	intlevel1
    47                           	global	_x
    48                           	global	_y
    49                           	global	_INTCON
    50  000B                     _INTCON	set	0xB
    51                           	global	_RB4
    52  0034                     _RB4	set	0x34
    53                           	global	_PCON
    54  008E                     _PCON	set	0x8E
    55                           	global	_TRISB
    56  0086                     _TRISB	set	0x86
    57                           psect	text36,local,class=CODE,delta=2,merge=1
    58                           global __ptext36
    59  0000                     __ptext36:
    60                           	file	"TxrPB.as"
    61                           	line	#
    62                           psect cinit,class=CODE,delta=2
    63                           global start_initialization
    64  008B                     start_initialization:
    65                           
    66                           psect	bssCOMMON,class=COMMON,space=1
    67                           global __pbssCOMMON
    68  0075                     __pbssCOMMON:
    69  0075                     _x:
    70  0075                            ds      2
    71                           
    72  0077                     _y:
    73  0077                            ds      1
    74                           
    75                           ; Clear objects allocated to COMMON
    76                           psect cinit,class=CODE,delta=2,merge=1
    77  008B  01F5               	clrf	((__pbssCOMMON)+0)&07Fh
    78  008C  01F6               	clrf	((__pbssCOMMON)+1)&07Fh
    79  008D  01F7               	clrf	((__pbssCOMMON)+2)&07Fh
    80                           psect cinit,class=CODE,delta=2,merge=1
    81                           global end_of_initialization
    82                           
    83                           ;End of C runtime variable initialization code
    84                           
    85  008E                     end_of_initialization:
    86  008E  0183               clrf status
    87  008F  286F               ljmp _main	;jump to C main() function
    88                           psect	cstackCOMMON,class=COMMON,space=1
    89                           global __pcstackCOMMON
    90  0070                     __pcstackCOMMON:
    91                           	global	?_pbisr
    92  0070                     ?_pbisr:	; 0 bytes @ 0x0
    93                           	global	??_pbisr
    94  0070                     ??_pbisr:	; 0 bytes @ 0x0
    95                           	global	?_main
    96  0070                     ?_main:	; 0 bytes @ 0x0
    97                           	global	?_myisr
    98  0070                     ?_myisr:	; 0 bytes @ 0x0
    99  0070                     	ds	1
   100                           	global	??_myisr
   101  0071                     ??_myisr:	; 0 bytes @ 0x1
   102  0071                     	ds	4
   103                           	global	??_main
   104  0075                     ??_main:	; 0 bytes @ 0x5
   105                           ;!
   106                           ;!Data Sizes:
   107                           ;!    Strings     0
   108                           ;!    Constant    0
   109                           ;!    Data        0
   110                           ;!    BSS         3
   111                           ;!    Persistent  0
   112                           ;!    Stack       0
   113                           ;!
   114                           ;!Auto Spaces:
   115                           ;!    Space          Size  Autos    Used
   116                           ;!    COMMON           14      5       8
   117                           ;!    BANK0            80      0       0
   118                           ;!    BANK1            80      0       0
   119                           ;!    BANK2            48      0       0
   120                           
   121                           ;!
   122                           ;!Pointer List with Targets:
   123                           ;!
   124                           ;!    None.
   125                           
   126                           
   127                           ;!
   128                           ;!Critical Paths under _main in COMMON
   129                           ;!
   130                           ;!    None.
   131                           ;!
   132                           ;!Critical Paths under _myisr in COMMON
   133                           ;!
   134                           ;!    _myisr->_pbisr
   135                           ;!
   136                           ;!Critical Paths under _main in BANK0
   137                           ;!
   138                           ;!    None.
   139                           ;!
   140                           ;!Critical Paths under _myisr in BANK0
   141                           ;!
   142                           ;!    None.
   143                           ;!
   144                           ;!Critical Paths under _main in BANK1
   145                           ;!
   146                           ;!    None.
   147                           ;!
   148                           ;!Critical Paths under _myisr in BANK1
   149                           ;!
   150                           ;!    None.
   151                           ;!
   152                           ;!Critical Paths under _main in BANK2
   153                           ;!
   154                           ;!    None.
   155                           ;!
   156                           ;!Critical Paths under _myisr in BANK2
   157                           ;!
   158                           ;!    None.
   159                           
   160 ;;
   161 ;;Main: autosize = 0, tempsize = 0, incstack = 0, save=0
   162 ;;
   163                           
   164                           ;!
   165                           ;!Call Graph Tables:
   166                           ;!
   167                           ;! ---------------------------------------------------------------------------------
   168                           ;! (Depth) Function   	        Calls       Base Space   Used Autos Params    Refs
   169                           ;! ---------------------------------------------------------------------------------
   170                           ;! (0) _main                                                 0     0      0       0
   171                           ;! ---------------------------------------------------------------------------------
   172                           ;! Estimated maximum stack depth 0
   173                           ;! ---------------------------------------------------------------------------------
   174                           ;! (Depth) Function   	        Calls       Base Space   Used Autos Params    Refs
   175                           ;! ---------------------------------------------------------------------------------
   176                           ;! (1) _myisr                                                4     4      0       0
   177                           ;!                                              1 COMMON     4     4      0
   178                           ;!                              _pbisr
   179                           ;! ---------------------------------------------------------------------------------
   180                           ;! (2) _pbisr                                                1     1      0       0
   181                           ;!                                              0 COMMON     1     1      0
   182                           ;! ---------------------------------------------------------------------------------
   183                           ;! Estimated maximum stack depth 2
   184                           ;! ---------------------------------------------------------------------------------
   185                           ;!
   186                           ;! Call Graph Graphs:
   187                           ;!
   188                           ;! _main (ROOT)
   189                           ;!
   190                           ;! _myisr (ROOT)
   191                           ;!   _pbisr
   192                           ;!
   193                           
   194                           ;! Address spaces:
   195                           
   196                           ;!Name               Size   Autos  Total    Cost      Usage
   197                           ;!BITCOMMON            E      0       0       0        0.0%
   198                           ;!EEDATA              80      0       0       0        0.0%
   199                           ;!NULL                 0      0       0       0        0.0%
   200                           ;!CODE                 0      0       0       0        0.0%
   201                           ;!COMMON               E      5       8       1       57.1%
   202                           ;!BITSFR0              0      0       0       1        0.0%
   203                           ;!SFR0                 0      0       0       1        0.0%
   204                           ;!BITSFR1              0      0       0       2        0.0%
   205                           ;!SFR1                 0      0       0       2        0.0%
   206                           ;!STACK                0      0       4       2        0.0%
   207                           ;!BANK0               50      0       0       3        0.0%
   208                           ;!BITSFR3              0      0       0       4        0.0%
   209                           ;!SFR3                 0      0       0       4        0.0%
   210                           ;!ABS                  0      0       8       4        0.0%
   211                           ;!BITBANK0            50      0       0       5        0.0%
   212                           ;!BITSFR2              0      0       0       5        0.0%
   213                           ;!SFR2                 0      0       0       5        0.0%
   214                           ;!BITBANK1            50      0       0       6        0.0%
   215                           ;!BANK1               50      0       0       7        0.0%
   216                           ;!BITBANK2            30      0       0       8        0.0%
   217                           ;!BANK2               30      0       0       9        0.0%
   218                           ;!DATA                 0      0       C      10        0.0%
   219                           
   220                           	global	_main
   221                           
   222 ;; *************** function _main *****************
   223 ;; Defined at:
   224 ;;		line 9 in file "C:\XC8 PROJECTS\TxrPB\TxrPB.c"
   225 ;; Parameters:    Size  Location     Type
   226 ;;		None
   227 ;; Auto vars:     Size  Location     Type
   228 ;;		None
   229 ;; Return value:  Size  Location     Type
   230 ;;		None               void
   231 ;; Registers used:
   232 ;;		wreg, status,2
   233 ;; Tracked objects:
   234 ;;		On entry : 17F/0
   235 ;;		On exit  : 0/0
   236 ;;		Unchanged: 0/0
   237 ;; Data sizes:     COMMON   BANK0   BANK1   BANK2
   238 ;;      Params:         0       0       0       0
   239 ;;      Locals:         0       0       0       0
   240 ;;      Temps:          0       0       0       0
   241 ;;      Totals:         0       0       0       0
   242 ;;Total ram usage:        0 bytes
   243 ;; Hardware stack levels required when called:    2
   244 ;; This function calls:
   245 ;;		Nothing
   246 ;; This function is called by:
   247 ;;		Startup code after reset
   248 ;; This function uses a non-reentrant model
   249 ;;
   250                           psect	maintext,global,class=CODE,delta=2,split=1
   251                           global __pmaintext
   252  006F                     __pmaintext:
   253                           psect	maintext
   254                           	file	"C:\XC8 PROJECTS\TxrPB\TxrPB.c"
   255                           	line	9
   256                           	global	__size_of_main
   257  000E                     	__size_of_main	equ	__end_of_main-_main
   258                           	
   259  006F                     _main:	
   260                           	opt	stack 6
   261                           ; Regs used in _main: [wreg+status,2]
   262                           	line	10
   263                           	
   264  006F                     l495:	
   265                           ;TxrPB.c: 10: PCON = 0x00;
   266  006F  1683               	bsf	status, 5	;RP0=1, select bank1
   267  0070  1303               	bcf	status, 6	;RP1=0, select bank1
   268  0071  018E               	clrf	(142)^080h	;volatile
   269                           	line	11
   270                           	
   271  0072                     l497:	
   272                           ;TxrPB.c: 11: TRISB = 0x6F;
   273  0072  306F               	movlw	(06Fh)
   274  0073  0086               	movwf	(134)^080h	;volatile
   275                           	line	12
   276                           	
   277  0074                     l499:	
   278                           ;TxrPB.c: 12: RB4 = 1;
   279  0074  1283               	bcf	status, 5	;RP0=0, select bank0
   280  0075  1303               	bcf	status, 6	;RP1=0, select bank0
   281  0076  1606               	bsf	(52/8),(52)&7	;volatile
   282                           	line	13
   283                           	
   284  0077                     l501:	
   285                           ;TxrPB.c: 13: INTCON = 0x88;
   286  0077  3088               	movlw	(088h)
   287  0078  008B               	movwf	(11)	;volatile
   288                           	line	15
   289                           ;TxrPB.c: 15: while(1)
   290                           	
   291  0079                     l17:	
   292                           	line	18
   293                           # 18 "C:\XC8 PROJECTS\TxrPB\TxrPB.c"
   294  0079  0063               sleep ;GO TO SLEEP MODE ;# 
   295                           psect	maintext
   296  007A  2879               	goto	l17
   297                           	line	20
   298                           	
   299  007B                     l18:	
   300                           	line	15
   301  007B  2879               	goto	l17
   302                           	
   303  007C                     l19:	
   304                           	line	21
   305                           	
   306  007C                     l20:	
   307                           	global	start
   308  007C  2810               	ljmp	start
   309                           	opt stack 0
   310                           GLOBAL	__end_of_main
   311  007D                     	__end_of_main:
   312                           	signat	_main,88
   313                           	global	_myisr
   314                           
   315 ;; *************** function _myisr *****************
   316 ;; Defined at:
   317 ;;		line 25 in file "C:\XC8 PROJECTS\TxrPB\TxrPB.c"
   318 ;; Parameters:    Size  Location     Type
   319 ;;		None
   320 ;; Auto vars:     Size  Location     Type
   321 ;;		None
   322 ;; Return value:  Size  Location     Type
   323 ;;		None               void
   324 ;; Registers used:
   325 ;;		wreg, status,2, status,0, pclath, cstack
   326 ;; Tracked objects:
   327 ;;		On entry : 0/0
   328 ;;		On exit  : 0/0
   329 ;;		Unchanged: 0/0
   330 ;; Data sizes:     COMMON   BANK0   BANK1   BANK2
   331 ;;      Params:         0       0       0       0
   332 ;;      Locals:         0       0       0       0
   333 ;;      Temps:          4       0       0       0
   334 ;;      Totals:         4       0       0       0
   335 ;;Total ram usage:        4 bytes
   336 ;; Hardware stack levels used:    1
   337 ;; Hardware stack levels required when called:    1
   338 ;; This function calls:
   339 ;;		_pbisr
   340 ;; This function is called by:
   341 ;;		Interrupt level 1
   342 ;; This function uses a non-reentrant model
   343 ;;
   344                           psect	text37,local,class=CODE,delta=2,merge=1
   345                           global __ptext37
   346  007D                     __ptext37:
   347                           psect	text37
   348                           	file	"C:\XC8 PROJECTS\TxrPB\TxrPB.c"
   349                           	line	25
   350                           	global	__size_of_myisr
   351  000E                     	__size_of_myisr	equ	__end_of_myisr-_myisr
   352                           	
   353  007D                     _myisr:	
   354                           	opt	stack 6
   355                           ; Regs used in _myisr: [wreg+status,2+status,0+pclath+cstack]
   356                           psect	intentry,class=CODE,delta=2
   357                           global __pintentry
   358  0004                     __pintentry:
   359                           global interrupt_function
   360  0004                     interrupt_function:
   361                           	global saved_w
   362  007E                     	saved_w	set	btemp+0
   363  0004  00FE               	movwf	saved_w
   364  0005  0E03               	swapf	status,w
   365  0006  00F1               	movwf	(??_myisr+0)
   366  0007  0804               	movf	fsr0,w
   367  0008  00F2               	movwf	(??_myisr+1)
   368  0009  080A               	movf	pclath,w
   369  000A  00F3               	movwf	(??_myisr+2)
   370  000B  1283               	bcf	status, 5	;RP0=0, select bank0
   371  000C  1303               	bcf	status, 6	;RP1=0, select bank0
   372  000D  087F               	movf	btemp+1,w
   373  000E  00F4               	movwf	(??_myisr+3)
   374  000F  287D               	ljmp	_myisr
   375                           psect	text37
   376                           	line	26
   377                           	
   378  007D                     i1l545:	
   379                           ;TxrPB.c: 26: pbisr();
   380  007D  2011               	fcall	_pbisr
   381                           	line	27
   382                           	
   383  007E                     i1l23:	
   384  007E  0874               	movf	(??_myisr+3),w
   385  007F  1283               	bcf	status, 5	;RP0=0, select bank0
   386  0080  1303               	bcf	status, 6	;RP1=0, select bank0
   387  0081  00FF               	movwf	btemp+1
   388  0082  0873               	movf	(??_myisr+2),w
   389  0083  008A               	movwf	pclath
   390  0084  0872               	movf	(??_myisr+1),w
   391  0085  0084               	movwf	fsr0
   392  0086  0E71               	swapf	(??_myisr+0)^0FFFFFF80h,w
   393  0087  0083               	movwf	status
   394  0088  0EFE               	swapf	saved_w,f
   395  0089  0E7E               	swapf	saved_w,w
   396  008A  0009               	retfie
   397                           	opt stack 0
   398                           GLOBAL	__end_of_myisr
   399  008B                     	__end_of_myisr:
   400                           	signat	_myisr,88
   401                           	global	_pbisr
   402                           
   403 ;; *************** function _pbisr *****************
   404 ;; Defined at:
   405 ;;		line 30 in file "C:\XC8 PROJECTS\TxrPB\TxrPB.c"
   406 ;; Parameters:    Size  Location     Type
   407 ;;		None
   408 ;; Auto vars:     Size  Location     Type
   409 ;;		None
   410 ;; Return value:  Size  Location     Type
   411 ;;		None               void
   412 ;; Registers used:
   413 ;;		wreg, status,2, status,0
   414 ;; Tracked objects:
   415 ;;		On entry : 0/0
   416 ;;		On exit  : 0/0
   417 ;;		Unchanged: 0/0
   418 ;; Data sizes:     COMMON   BANK0   BANK1   BANK2
   419 ;;      Params:         0       0       0       0
   420 ;;      Locals:         0       0       0       0
   421 ;;      Temps:          1       0       0       0
   422 ;;      Totals:         1       0       0       0
   423 ;;Total ram usage:        1 bytes
   424 ;; Hardware stack levels used:    1
   425 ;; This function calls:
   426 ;;		Nothing
   427 ;; This function is called by:
   428 ;;		_myisr
   429 ;; This function uses a non-reentrant model
   430 ;;
   431                           psect	text38,local,class=CODE,delta=2,merge=1
   432                           global __ptext38
   433  0011                     __ptext38:
   434                           psect	text38
   435                           	file	"C:\XC8 PROJECTS\TxrPB\TxrPB.c"
   436                           	line	30
   437                           	global	__size_of_pbisr
   438  005E                     	__size_of_pbisr	equ	__end_of_pbisr-_pbisr
   439                           	
   440  0011                     _pbisr:	
   441                           	opt	stack 6
   442                           ; Regs used in _pbisr: [wreg+status,2+status,0]
   443                           	line	31
   444                           	
   445  0011                     i1l503:	
   446                           ;TxrPB.c: 31: RB4 = 0;
   447  0011  1283               	bcf	status, 5	;RP0=0, select bank0
   448  0012  1303               	bcf	status, 6	;RP1=0, select bank0
   449  0013  1206               	bcf	(52/8),(52)&7	;volatile
   450                           	line	32
   451                           	
   452  0014                     i1l505:	
   453                           ;TxrPB.c: 32: x = 0;
   454  0014  01F5               	clrf	(_x)
   455  0015  01F6               	clrf	(_x+1)
   456                           	line	33
   457                           	
   458  0016                     i1l507:	
   459                           ;TxrPB.c: 33: y = 0;
   460  0016  01F7               	clrf	(_y)
   461                           	line	34
   462                           ;TxrPB.c: 34: while ( y < 1 )
   463  0017  282A               	goto	i1l515
   464                           	
   465  0018                     i1l27:	
   466                           	line	36
   467                           	
   468  0018                     i1l509:	
   469                           ;TxrPB.c: 35: {
   470                           ;TxrPB.c: 36: x++;
   471  0018  3001               	movlw	low(01h)
   472  0019  07F5               	addwf	(_x),f
   473  001A  1803               	skipnc
   474  001B  0AF6               	incf	(_x+1),f
   475  001C  3000               	movlw	high(01h)
   476  001D  07F6               	addwf	(_x+1),f
   477                           	line	37
   478                           	
   479  001E                     i1l511:	
   480                           ;TxrPB.c: 37: if ( x == 0 )
   481  001E  0876               	movf	((_x+1)),w
   482  001F  0475               	iorwf	((_x)),w
   483  0020  1D03               	skipz
   484  0021  2823               	goto	u1_21
   485  0022  2824               	goto	u1_20
   486  0023                     u1_21:
   487  0023  282A               	goto	i1l515
   488  0024                     u1_20:
   489                           	line	39
   490                           	
   491  0024                     i1l513:	
   492                           ;TxrPB.c: 38: {
   493                           ;TxrPB.c: 39: y++;
   494  0024  3001               	movlw	(01h)
   495  0025  00F0               	movwf	(??_pbisr+0)+0
   496  0026  0870               	movf	(??_pbisr+0)+0,w
   497  0027  07F7               	addwf	(_y),f
   498  0028  282A               	goto	i1l515
   499                           	line	40
   500                           	
   501  0029                     i1l28:	
   502  0029  282A               	goto	i1l515
   503                           	line	41
   504                           	
   505  002A                     i1l26:	
   506                           	line	34
   507                           	
   508  002A                     i1l515:	
   509  002A  0877               	movf	(_y),w
   510  002B  1D03               	skipz
   511  002C  282E               	goto	u2_20
   512  002D  2818               	goto	i1l509
   513  002E                     u2_20:
   514                           	
   515  002E                     i1l29:	
   516                           	line	42
   517                           ;TxrPB.c: 40: }
   518                           ;TxrPB.c: 41: }
   519                           ;TxrPB.c: 42: RB4 = 1;
   520  002E  1283               	bcf	status, 5	;RP0=0, select bank0
   521  002F  1303               	bcf	status, 6	;RP1=0, select bank0
   522  0030  1606               	bsf	(52/8),(52)&7	;volatile
   523                           	line	44
   524                           	
   525  0031                     i1l517:	
   526                           ;TxrPB.c: 44: x = 0;
   527  0031  01F5               	clrf	(_x)
   528  0032  01F6               	clrf	(_x+1)
   529                           	line	45
   530                           	
   531  0033                     i1l519:	
   532                           ;TxrPB.c: 45: y = 0;
   533  0033  01F7               	clrf	(_y)
   534                           	line	46
   535                           ;TxrPB.c: 46: while ( y < 1 )
   536  0034  2847               	goto	i1l527
   537                           	
   538  0035                     i1l31:	
   539                           	line	48
   540                           	
   541  0035                     i1l521:	
   542                           ;TxrPB.c: 47: {
   543                           ;TxrPB.c: 48: x++;
   544  0035  3001               	movlw	low(01h)
   545  0036  07F5               	addwf	(_x),f
   546  0037  1803               	skipnc
   547  0038  0AF6               	incf	(_x+1),f
   548  0039  3000               	movlw	high(01h)
   549  003A  07F6               	addwf	(_x+1),f
   550                           	line	49
   551                           	
   552  003B                     i1l523:	
   553                           ;TxrPB.c: 49: if ( x == 0 )
   554  003B  0876               	movf	((_x+1)),w
   555  003C  0475               	iorwf	((_x)),w
   556  003D  1D03               	skipz
   557  003E  2840               	goto	u3_21
   558  003F  2841               	goto	u3_20
   559  0040                     u3_21:
   560  0040  2847               	goto	i1l527
   561  0041                     u3_20:
   562                           	line	51
   563                           	
   564  0041                     i1l525:	
   565                           ;TxrPB.c: 50: {
   566                           ;TxrPB.c: 51: y++;
   567  0041  3001               	movlw	(01h)
   568  0042  00F0               	movwf	(??_pbisr+0)+0
   569  0043  0870               	movf	(??_pbisr+0)+0,w
   570  0044  07F7               	addwf	(_y),f
   571  0045  2847               	goto	i1l527
   572                           	line	52
   573                           	
   574  0046                     i1l32:	
   575  0046  2847               	goto	i1l527
   576                           	line	53
   577                           	
   578  0047                     i1l30:	
   579                           	line	46
   580                           	
   581  0047                     i1l527:	
   582  0047  0877               	movf	(_y),w
   583  0048  1D03               	skipz
   584  0049  284B               	goto	u4_20
   585  004A  2835               	goto	i1l521
   586  004B                     u4_20:
   587                           	
   588  004B                     i1l33:	
   589                           	line	55
   590                           ;TxrPB.c: 52: }
   591                           ;TxrPB.c: 53: }
   592                           ;TxrPB.c: 55: RB4 = 0;
   593  004B  1283               	bcf	status, 5	;RP0=0, select bank0
   594  004C  1303               	bcf	status, 6	;RP1=0, select bank0
   595  004D  1206               	bcf	(52/8),(52)&7	;volatile
   596                           	line	56
   597                           	
   598  004E                     i1l529:	
   599                           ;TxrPB.c: 56: x = 0;
   600  004E  01F5               	clrf	(_x)
   601  004F  01F6               	clrf	(_x+1)
   602                           	line	57
   603                           	
   604  0050                     i1l531:	
   605                           ;TxrPB.c: 57: y = 0;
   606  0050  01F7               	clrf	(_y)
   607                           	line	58
   608                           ;TxrPB.c: 58: while ( y < 1 )
   609  0051  2864               	goto	i1l539
   610                           	
   611  0052                     i1l35:	
   612                           	line	60
   613                           	
   614  0052                     i1l533:	
   615                           ;TxrPB.c: 59: {
   616                           ;TxrPB.c: 60: x++;
   617  0052  3001               	movlw	low(01h)
   618  0053  07F5               	addwf	(_x),f
   619  0054  1803               	skipnc
   620  0055  0AF6               	incf	(_x+1),f
   621  0056  3000               	movlw	high(01h)
   622  0057  07F6               	addwf	(_x+1),f
   623                           	line	61
   624                           	
   625  0058                     i1l535:	
   626                           ;TxrPB.c: 61: if ( x == 0 )
   627  0058  0876               	movf	((_x+1)),w
   628  0059  0475               	iorwf	((_x)),w
   629  005A  1D03               	skipz
   630  005B  285D               	goto	u5_21
   631  005C  285E               	goto	u5_20
   632  005D                     u5_21:
   633  005D  2864               	goto	i1l539
   634  005E                     u5_20:
   635                           	line	63
   636                           	
   637  005E                     i1l537:	
   638                           ;TxrPB.c: 62: {
   639                           ;TxrPB.c: 63: y++;
   640  005E  3001               	movlw	(01h)
   641  005F  00F0               	movwf	(??_pbisr+0)+0
   642  0060  0870               	movf	(??_pbisr+0)+0,w
   643  0061  07F7               	addwf	(_y),f
   644  0062  2864               	goto	i1l539
   645                           	line	64
   646                           	
   647  0063                     i1l36:	
   648  0063  2864               	goto	i1l539
   649                           	line	65
   650                           	
   651  0064                     i1l34:	
   652                           	line	58
   653                           	
   654  0064                     i1l539:	
   655  0064  0877               	movf	(_y),w
   656  0065  1D03               	skipz
   657  0066  2868               	goto	u6_20
   658  0067  2852               	goto	i1l533
   659  0068                     u6_20:
   660                           	
   661  0068                     i1l37:	
   662                           	line	66
   663                           ;TxrPB.c: 64: }
   664                           ;TxrPB.c: 65: }
   665                           ;TxrPB.c: 66: RB4 = 1;
   666  0068  1283               	bcf	status, 5	;RP0=0, select bank0
   667  0069  1303               	bcf	status, 6	;RP1=0, select bank0
   668  006A  1606               	bsf	(52/8),(52)&7	;volatile
   669                           	line	68
   670                           	
   671  006B                     i1l541:	
   672                           ;TxrPB.c: 68: INTCON = 0x88;
   673  006B  3088               	movlw	(088h)
   674  006C  008B               	movwf	(11)	;volatile
   675  006D  286E               	goto	i1l38
   676                           	line	70
   677                           	
   678  006E                     i1l543:	
   679                           	line	71
   680                           ;TxrPB.c: 70: return;
   681                           	
   682  006E                     i1l38:	
   683  006E  0008               	return
   684                           	opt stack 0
   685                           GLOBAL	__end_of_pbisr
   686  006F                     	__end_of_pbisr:
   687                           	signat	_pbisr,88
   688                           psect	text39,local,class=CODE,delta=2,merge=1
   689                           global __ptext39
   690  0000                     __ptext39:
   691                           	global	btemp
   692  007E                     	btemp set 07Eh
   693                           
   694                           	DABS	1,126,2	;btemp
   695                           	global	wtemp0
   696  007E                     	wtemp0 set btemp


Data Sizes:
    Strings     0
    Constant    0
    Data        0
    BSS         3
    Persistent  0
    Stack       0

Auto Spaces:
    Space          Size  Autos    Used
    COMMON           14      5       8
    BANK0            80      0       0
    BANK1            80      0       0
    BANK2            48      0       0

Pointer List with Targets:

    None.

Critical Paths under _main in COMMON

    None.

Critical Paths under _myisr in COMMON

    _myisr->_pbisr

Critical Paths under _main in BANK0

    None.

Critical Paths under _myisr in BANK0

    None.

Critical Paths under _main in BANK1

    None.

Critical Paths under _myisr in BANK1

    None.

Critical Paths under _main in BANK2

    None.

Critical Paths under _myisr in BANK2

    None.

Call Graph Tables:

 ---------------------------------------------------------------------------------
 (Depth) Function   	        Calls       Base Space   Used Autos Params    Refs
 ---------------------------------------------------------------------------------
 (0) _main                                                 0     0      0       0
 ---------------------------------------------------------------------------------
 Estimated maximum stack depth 0
 ---------------------------------------------------------------------------------
 (Depth) Function   	        Calls       Base Space   Used Autos Params    Refs
 ---------------------------------------------------------------------------------
 (1) _myisr                                                4     4      0       0
                                              1 COMMON     4     4      0
                              _pbisr
 ---------------------------------------------------------------------------------
 (2) _pbisr                                                1     1      0       0
                                              0 COMMON     1     1      0
 ---------------------------------------------------------------------------------
 Estimated maximum stack depth 2
 ---------------------------------------------------------------------------------

 Call Graph Graphs:

 _main (ROOT)

 _myisr (ROOT)
   _pbisr

 Address spaces:
Name               Size   Autos  Total    Cost      Usage
BITCOMMON            E      0       0       0        0.0%
EEDATA              80      0       0       0        0.0%
NULL                 0      0       0       0        0.0%
CODE                 0      0       0       0        0.0%
COMMON               E      5       8       1       57.1%
BITSFR0              0      0       0       1        0.0%
SFR0                 0      0       0       1        0.0%
BITSFR1              0      0       0       2        0.0%
SFR1                 0      0       0       2        0.0%
STACK                0      0       4       2        0.0%
BANK0               50      0       0       3        0.0%
BITSFR3              0      0       0       4        0.0%
SFR3                 0      0       0       4        0.0%
ABS                  0      0       8       4        0.0%
BITBANK0            50      0       0       5        0.0%
BITSFR2              0      0       0       5        0.0%
SFR2                 0      0       0       5        0.0%
BITBANK1            50      0       0       6        0.0%
BANK1               50      0       0       7        0.0%
BITBANK2            30      0       0       8        0.0%
BANK2               30      0       0       9        0.0%
DATA                 0      0       C      10        0.0%


HI-TECH Software PICC Macro Assembler V1.00 build 12136 
Symbol Table                                                                                   Thu Dec 13 18:48:21 2012

                   _x 0075                     _y 0077                    l20 007C                    l17 0079  
                  l18 007B                    l19 007C                   l501 0077                   l495 006F  
                 l497 0072                   l499 0074                   _RB4 0034                   fsr0 0004  
                i1l30 0047                  i1l31 0035                  i1l23 007E                  i1l32 0046  
                i1l33 004B                  i1l34 0064                  i1l26 002A                  i1l35 0052  
                i1l27 0018                  i1l36 0063                  i1l28 0029                  i1l37 0068  
                i1l29 002E                  i1l38 006E                  _PCON 008E                  u1_20 0024  
                u1_21 0023                  u2_20 002E                  u3_20 0041                  u3_21 0040  
                u4_20 004B                  u5_20 005E                  u5_21 005D                  u6_20 0068  
                _main 006F                  btemp 007E                  start 0010                 ?_main 0070  
               i1l511 001E                 i1l503 0011                 i1l521 0035                 i1l513 0024  
               i1l505 0014                 i1l531 0050                 i1l523 003B                 i1l515 002A  
               i1l507 0016                 i1l541 006B                 i1l533 0052                 i1l525 0041  
               i1l517 0031                 i1l509 0018                 i1l543 006E                 i1l535 0058  
               i1l527 0047                 i1l519 0033                 i1l537 005E                 i1l529 004E  
               i1l545 007D                 i1l539 0064                 _TRISB 0086                 _pbisr 0011  
               _myisr 007D                 pclath 000A                 status 0003                 wtemp0 007E  
        __end_of_main 007D                ??_main 0075                ?_pbisr 0070                ?_myisr 0070  
              _INTCON 000B                saved_w 007E        __pcstackCOMMON 0070         __end_of_pbisr 006F  
       __end_of_myisr 008B               ??_pbisr 0070               ??_myisr 0071            __pmaintext 006F  
          __pintentry 0004  end_of_initialization 008E   start_initialization 008B           __pbssCOMMON 0075  
      __size_of_pbisr 005E        __size_of_myisr 000E     interrupt_function 0004              __ptext36 0000  
            __ptext37 007D              __ptext38 0011              __ptext39 0000         __size_of_main 000E  
            intlevel1 0000  
