

Microchip Technology PIC LITE Macro Assembler V1.33 build 59893 
                                                                                               Tue Jul 21 19:38:50 2015

Microchip Technology Omniscient Code Generator (Lite mode) build 59893
     1                           	processor	16F870
     2                           	opt	pw 120
     3                           	opt	lm
     4                           	psect	idataBANK0,global,class=CODE,delta=2
     5                           	psect	cinit,global,class=CODE,merge=1,delta=2
     6                           	psect	bssCOMMON,global,class=COMMON,space=1,delta=1
     7                           	psect	bssBANK0,global,class=BANK0,space=1,delta=1
     8                           	psect	dataBANK0,global,class=BANK0,space=1,delta=1
     9                           	psect	cstackCOMMON,global,class=COMMON,space=1,delta=1
    10                           	psect	cstackBANK0,global,class=BANK0,space=1,delta=1
    11                           	psect	maintext,global,class=CODE,split=1,delta=2
    12                           	psect	text1,local,class=CODE,merge=1,delta=2
    13                           	psect	text2,local,class=CODE,merge=1,delta=2
    14                           	psect	text3,local,class=CODE,merge=1,delta=2
    15                           	psect	intentry,global,class=CODE,delta=2
    16                           	dabs	1,0x7E,2
    17  0000                     	;# 
    18  0001                     	;# 
    19  0002                     	;# 
    20  0003                     	;# 
    21  0004                     	;# 
    22  0005                     	;# 
    23  0006                     	;# 
    24  0007                     	;# 
    25  000A                     	;# 
    26  000B                     	;# 
    27  000C                     	;# 
    28  000D                     	;# 
    29  000E                     	;# 
    30  000E                     	;# 
    31  000F                     	;# 
    32  0010                     	;# 
    33  0011                     	;# 
    34  0012                     	;# 
    35  0015                     	;# 
    36  0015                     	;# 
    37  0016                     	;# 
    38  0017                     	;# 
    39  0018                     	;# 
    40  0019                     	;# 
    41  001A                     	;# 
    42  001E                     	;# 
    43  001F                     	;# 
    44  0081                     	;# 
    45  0085                     	;# 
    46  0086                     	;# 
    47  0087                     	;# 
    48  008C                     	;# 
    49  008D                     	;# 
    50  008E                     	;# 
    51  0092                     	;# 
    52  0098                     	;# 
    53  0099                     	;# 
    54  009E                     	;# 
    55  009F                     	;# 
    56  010C                     	;# 
    57  010D                     	;# 
    58  010E                     	;# 
    59  010F                     	;# 
    60  018C                     	;# 
    61  018D                     	;# 
    62                           
    63                           	psect	idataBANK0
    64  0200                     __pidataBANK0:	
    65                           
    66                           ;initializer for _DRY_RUN_NEEDED
    67  0200  3401               	retlw	1
    68  000B                     _INTCON	set	11
    69  0005                     _PORTA	set	5
    70  0006                     _PORTB	set	6
    71  0007                     _PORTC	set	7
    72  0059                     _INTF	set	89
    73  0029                     _RA1	set	41
    74  002A                     _RA2	set	42
    75  002B                     _RA3	set	43
    76  002D                     _RA5	set	45
    77  0031                     _RB1	set	49
    78  0032                     _RB2	set	50
    79  0033                     _RB3	set	51
    80  0034                     _RB4	set	52
    81  0036                     _RB6	set	54
    82  0037                     _RB7	set	55
    83  0038                     _RC0	set	56
    84  0039                     _RC1	set	57
    85  003A                     _RC2	set	58
    86  003B                     _RC3	set	59
    87  003C                     _RC4	set	60
    88  003D                     _RC5	set	61
    89  009F                     _ADCON1	set	159
    90  0081                     _OPTION_REG	set	129
    91  0085                     _TRISA	set	133
    92  0086                     _TRISB	set	134
    93  0087                     _TRISC	set	135
    94                           
    95                           	psect	cinit
    96  0011                     start_initialization:	
    97                           ; #config settings
    98                           
    99  0011                     __initialization:	
   100                           
   101                           ; Clear objects allocated to COMMON
   102  0011  01F0               	clrf	__pbssCOMMON& (0+127)
   103  0012  01F1               	clrf	(__pbssCOMMON+1)& (0+127)
   104  0013  01F2               	clrf	(__pbssCOMMON+2)& (0+127)
   105  0014  01F3               	clrf	(__pbssCOMMON+3)& (0+127)
   106  0015  01F4               	clrf	(__pbssCOMMON+4)& (0+127)
   107                           
   108                           ; Clear objects allocated to BANK0
   109  0016  01A7               	clrf	__pbssBANK0& (0+127)
   110  0017  01A8               	clrf	(__pbssBANK0+1)& (0+127)
   111  0018  01A9               	clrf	(__pbssBANK0+2)& (0+127)
   112  0019  01AA               	clrf	(__pbssBANK0+3)& (0+127)
   113  001A  01AB               	clrf	(__pbssBANK0+4)& (0+127)
   114  001B  01AC               	clrf	(__pbssBANK0+5)& (0+127)
   115                           
   116                           ; Initialize objects allocated to BANK0
   117  001C  2200               	fcall	__pidataBANK0	;fetch initializer
   118  001D  00AD               	movwf	__pdataBANK0& (0+127)
   119  001E                     end_of_initialization:	
   120                           ;End of C runtime variable initialization code
   121                           
   122  001E                     __end_of__initialization:	
   123  001E  0183               	clrf	3
   124  001F  2820               	ljmp	_main	;jump to C main() function
   125                           
   126                           	psect	bssCOMMON
   127  0070                     __pbssCOMMON:	
   128  0070                     _count:	
   129  0070                     	ds	1
   130  0071                     _ll:	
   131  0071                     	ds	1
   132  0072                     _lp_flag:	
   133  0072                     	ds	1
   134  0073                     _motor_flag:	
   135  0073                     	ds	1
   136  0074                     _uu:	
   137  0074                     	ds	1
   138                           
   139                           	psect	bssBANK0
   140  0027                     __pbssBANK0:	
   141  0027                     _Dry_Run_Timer:	
   142  0027                     	ds	1
   143  0028                     _level_check:	
   144  0028                     	ds	1
   145  0029                     _lu:	
   146  0029                     	ds	1
   147  002A                     _power_check:	
   148  002A                     	ds	1
   149  002B                     _txr_not_received:	
   150  002B                     	ds	1
   151  002C                     _ul:	
   152  002C                     	ds	1
   153                           
   154                           	psect	dataBANK0
   155  002D                     __pdataBANK0:	
   156  002D                     _DRY_RUN_NEEDED:	
   157  002D                     	ds	1
   158                           
   159                           	psect	cstackCOMMON
   160  0075                     __pcstackCOMMON:	
   161  0075                     ?_motor_start:	
   162  0075                     ?_motor_stop:	
   163                           ; 0 bytes @ 0x0
   164                           
   165  0075                     ?_main:	
   166                           ; 0 bytes @ 0x0
   167                           
   168  0075                     ?_Tx_Received:	
   169                           ; 0 bytes @ 0x0
   170                           
   171  0075                     ??_Tx_Received:	
   172                           ; 0 bytes @ 0x0
   173                           
   174                           
   175                           ; 0 bytes @ 0x0
   176  0075                     	ds	5
   177                           
   178                           	psect	cstackBANK0
   179  0020                     __pcstackBANK0:	
   180  0020                     ??_motor_start:	
   181  0020                     ??_motor_stop:	
   182                           ; 0 bytes @ 0x0
   183                           
   184                           
   185                           ; 0 bytes @ 0x0
   186  0020                     	ds	3
   187  0023                     motor_start@i:	
   188  0023                     motor_stop@i:	
   189                           ; 1 bytes @ 0x3
   190                           
   191                           
   192                           ; 1 bytes @ 0x3
   193  0023                     	ds	1
   194  0024                     ??_main:	
   195                           
   196                           ; 0 bytes @ 0x4
   197  0024                     	ds	3
   198                           
   199                           	psect	maintext
   200  0020                     __pmaintext:	
   201 ;;
   202 ;;Main: autosize = 0, tempsize = 3, incstack = 0, save=0
   203 ;;
   204 ;; *************** function _main *****************
   205 ;; Defined at:
   206 ;;		line 38 in file "E:\Study Material\XC8 PROJECTS\WLC 3PH TRIP\WLC3PH_NEW.C"
   207 ;; Parameters:    Size  Location     Type
   208 ;;		None
   209 ;; Auto vars:     Size  Location     Type
   210 ;;		None
   211 ;; Return value:  Size  Location     Type
   212 ;;		None               void
   213 ;; Registers used:
   214 ;;		wreg, status,2, status,0, pclath, cstack
   215 ;; Tracked objects:
   216 ;;		On entry : 17F/0
   217 ;;		On exit  : 0/0
   218 ;;		Unchanged: 0/0
   219 ;; Data sizes:     COMMON   BANK0   BANK1
   220 ;;      Params:         0       0       0
   221 ;;      Locals:         0       0       0
   222 ;;      Temps:          0       3       0
   223 ;;      Totals:         0       3       0
   224 ;;Total ram usage:        3 bytes
   225 ;; Hardware stack levels required when called:    2
   226 ;; This function calls:
   227 ;;		_motor_start
   228 ;;		_motor_stop
   229 ;; This function is called by:
   230 ;;		Startup code after reset
   231 ;; This function uses a non-reentrant model
   232 ;;
   233                           
   234                           
   235                           ;psect for function _main
   236  0020                     _main:	
   237                           
   238                           ;WLC3PH_NEW.C: 40: ADCON1 = 0x06;
   239                           
   240                           ;incstack = 0
   241                           ; Regs used in _main: [wreg+status,2+status,0+pclath+cstack]
   242  0020  3006               	movlw	6
   243  0021  1683               	bsf	3,5	;RP0=1, select bank1
   244  0022  1303               	bcf	3,6	;RP1=0, select bank1
   245  0023  009F               	movwf	31	;volatile
   246                           
   247                           ;WLC3PH_NEW.C: 41: TRISA = 0x00;
   248  0024  0185               	clrf	5	;volatile
   249                           
   250                           ;WLC3PH_NEW.C: 42: TRISB = 0x81;
   251  0025  3081               	movlw	129
   252  0026  0086               	movwf	6	;volatile
   253                           
   254                           ;WLC3PH_NEW.C: 43: TRISC = 0x07;
   255  0027  3007               	movlw	7
   256  0028  0087               	movwf	7	;volatile
   257                           
   258                           ;WLC3PH_NEW.C: 45: OPTION_REG = 0xC0;
   259  0029  30C0               	movlw	192
   260  002A  0081               	movwf	1	;volatile
   261                           
   262                           ;WLC3PH_NEW.C: 46: INTCON = 0x90;
   263  002B  3090               	movlw	144
   264  002C  008B               	movwf	11	;volatile
   265                           
   266                           ;WLC3PH_NEW.C: 48: PORTB = 0x00;
   267  002D  1283               	bcf	3,5	;RP0=0, select bank0
   268  002E  1303               	bcf	3,6	;RP1=0, select bank0
   269  002F  0186               	clrf	6	;volatile
   270                           
   271                           ;WLC3PH_NEW.C: 49: PORTA = 0x00;
   272  0030  0185               	clrf	5	;volatile
   273                           
   274                           ;WLC3PH_NEW.C: 50: PORTC = 0x00;
   275  0031  0187               	clrf	7	;volatile
   276                           
   277                           ;WLC3PH_NEW.C: 52: for(count = 0; count <= 4; count++)
   278  0032  01F0               	clrf	_count
   279  0033  3005               	movlw	5
   280  0034  0270               	subwf	_count,w
   281  0035  1803               	btfsc	3,0
   282  0036  2860               	goto	l1126
   283  0037                     l1116:	
   284                           
   285                           ;WLC3PH_NEW.C: 53: {
   286                           ;WLC3PH_NEW.C: 54: PORTB = 0xFF;
   287  0037  30FF               	movlw	255
   288  0038  0086               	movwf	6	;volatile
   289                           
   290                           ;WLC3PH_NEW.C: 55: _delay(1000000);
   291  0039  3006               	movlw	6
   292  003A  00A6               	movwf	??_main+2
   293  003B  3013               	movlw	19
   294  003C  00A5               	movwf	??_main+1
   295  003D  30B1               	movlw	177
   296  003E  00A4               	movwf	??_main
   297  003F                     u1067:	
   298  003F  0BA4               	decfsz	??_main,f
   299  0040  283F               	goto	u1067
   300  0041  0BA5               	decfsz	??_main+1,f
   301  0042  283F               	goto	u1067
   302  0043  0BA6               	decfsz	??_main+2,f
   303  0044  283F               	goto	u1067
   304  0045  2846               	nop2
   305                           
   306                           ;WLC3PH_NEW.C: 56: PORTB = 0x00;
   307  0046  1283               	bcf	3,5	;RP0=0, select bank0
   308  0047  1303               	bcf	3,6	;RP1=0, select bank0
   309  0048  0186               	clrf	6	;volatile
   310                           
   311                           ;WLC3PH_NEW.C: 57: _delay(1000000);
   312  0049  3006               	movlw	6
   313  004A  00A6               	movwf	??_main+2
   314  004B  3013               	movlw	19
   315  004C  00A5               	movwf	??_main+1
   316  004D  30B1               	movlw	177
   317  004E  00A4               	movwf	??_main
   318  004F                     u1077:	
   319  004F  0BA4               	decfsz	??_main,f
   320  0050  284F               	goto	u1077
   321  0051  0BA5               	decfsz	??_main+1,f
   322  0052  284F               	goto	u1077
   323  0053  0BA6               	decfsz	??_main+2,f
   324  0054  284F               	goto	u1077
   325  0055  2856               	nop2
   326  0056  3001               	movlw	1
   327  0057  1283               	bcf	3,5	;RP0=0, select bank0
   328  0058  1303               	bcf	3,6	;RP1=0, select bank0
   329  0059  00A4               	movwf	??_main
   330  005A  0824               	movf	??_main,w
   331  005B  07F0               	addwf	_count,f
   332  005C  3005               	movlw	5
   333  005D  0270               	subwf	_count,w
   334  005E  1C03               	skipc
   335  005F  2837               	goto	l1116
   336  0060                     l1126:	
   337                           
   338                           ;WLC3PH_NEW.C: 58: }
   339                           ;WLC3PH_NEW.C: 59: count = 0;
   340  0060  01F0               	clrf	_count
   341  0061                     l1128:	
   342                           ;WLC3PH_NEW.C: 61: while(1)
   343                           
   344                           
   345                           ;WLC3PH_NEW.C: 62: {
   346                           ;WLC3PH_NEW.C: 64: if( motor_flag == 1 )
   347  0061  0873               	movf	_motor_flag,w
   348  0062  3A01               	xorlw	1
   349  0063  1D03               	skipz
   350  0064  2873               	goto	l1140
   351                           
   352                           ;WLC3PH_NEW.C: 65: {
   353                           ;WLC3PH_NEW.C: 66: txr_not_received ++;
   354  0065  3001               	movlw	1
   355  0066  1283               	bcf	3,5	;RP0=0, select bank0
   356  0067  1303               	bcf	3,6	;RP1=0, select bank0
   357  0068  00A4               	movwf	??_main
   358  0069  0824               	movf	??_main,w
   359  006A  07AB               	addwf	_txr_not_received,f
   360                           
   361                           ;WLC3PH_NEW.C: 68: if( uu == 0 && ll == 1 )
   362  006B  08F4               	movf	_uu,f
   363  006C  1D03               	skipz
   364  006D  2888               	goto	L1
   365  006E  0871               	movf	_ll,w
   366  006F  3A01               	xorlw	1
   367  0070  1D03               	skipz
   368  0071  2888               	goto	L1
   369  0072  2883               	goto	l1148
   370  0073                     l1140:	
   371                           ;WLC3PH_NEW.C: 75: }
   372                           ;WLC3PH_NEW.C: 76: }
   373                           
   374                           ;WLC3PH_NEW.C: 72: else
   375                           ;WLC3PH_NEW.C: 73: {
   376                           ;WLC3PH_NEW.C: 74: level_check = 0;
   377                           
   378                           ;WLC3PH_NEW.C: 71: }
   379                           
   380                           ;WLC3PH_NEW.C: 69: {
   381                           ;WLC3PH_NEW.C: 70: level_check = 1;
   382                           
   383                           
   384                           ;WLC3PH_NEW.C: 78: else
   385                           ;WLC3PH_NEW.C: 79: {
   386                           ;WLC3PH_NEW.C: 80: if( (uu == 0 && ul == 0) && (lu == 1 && ll == 1) )
   387  0073  08F4               	movf	_uu,f
   388  0074  1D03               	skipz
   389  0075  2886               	goto	l1150
   390  0076  1283               	bcf	3,5	;RP0=0, select bank0
   391  0077  1303               	bcf	3,6	;RP1=0, select bank0
   392  0078  08AC               	movf	_ul,f
   393  0079  1D03               	skipz
   394  007A  2886               	goto	l1150
   395  007B  0829               	movf	_lu,w
   396  007C  3A01               	xorlw	1
   397  007D  1D03               	skipz
   398  007E  2886               	goto	l1150
   399  007F  0871               	movf	_ll,w
   400  0080  3A01               	xorlw	1
   401  0081  1D03               	skipz
   402  0082  2886               	goto	l1150
   403  0083                     l1148:	
   404                           
   405                           ;WLC3PH_NEW.C: 81: {
   406                           ;WLC3PH_NEW.C: 82: level_check = 1;
   407  0083  01A8               	clrf	_level_check
   408  0084  0AA8               	incf	_level_check,f
   409                           
   410                           ;WLC3PH_NEW.C: 83: }
   411  0085  2889               	goto	l1152
   412  0086                     l1150:	
   413                           
   414                           ;WLC3PH_NEW.C: 84: else
   415                           ;WLC3PH_NEW.C: 85: {
   416                           ;WLC3PH_NEW.C: 86: level_check = 0;
   417  0086  1283               	bcf	3,5	;RP0=0, select bank0
   418  0087  1303               	bcf	3,6	;RP1=0, select bank0
   419  0088                     L1:	
   420  0088  01A8               	clrf	_level_check
   421  0089                     l1152:	
   422                           
   423                           ;WLC3PH_NEW.C: 87: }
   424                           ;WLC3PH_NEW.C: 88: }
   425                           ;WLC3PH_NEW.C: 91: if( RC0 == 1 && RC1 == 1 && RC2 == 1 )
   426  0089  1807               	btfsc	7,0	;volatile
   427  008A  1C87               	btfss	7,1	;volatile
   428  008B  2891               	goto	l1160
   429  008C  1D07               	btfss	7,2	;volatile
   430  008D  2891               	goto	l1160
   431                           
   432                           ;WLC3PH_NEW.C: 92: {
   433                           ;WLC3PH_NEW.C: 94: power_check = 1;
   434  008E  01AA               	clrf	_power_check
   435  008F  0AAA               	incf	_power_check,f
   436                           
   437                           ;WLC3PH_NEW.C: 95: }
   438  0090  2892               	goto	l1162
   439  0091                     l1160:	
   440                           
   441                           ;WLC3PH_NEW.C: 96: else
   442                           ;WLC3PH_NEW.C: 97: {
   443                           ;WLC3PH_NEW.C: 99: power_check = 0;
   444  0091  01AA               	clrf	_power_check
   445  0092                     l1162:	
   446                           
   447                           ;WLC3PH_NEW.C: 100: }
   448                           ;WLC3PH_NEW.C: 102: if( level_check == 1 && power_check == 1 && txr_not_received <= 20 )
   449  0092  0828               	movf	_level_check,w
   450  0093  3A01               	xorlw	1
   451  0094  1D03               	skipz
   452  0095  28A7               	goto	l1176
   453  0096  082A               	movf	_power_check,w
   454  0097  3A01               	xorlw	1
   455  0098  1D03               	skipz
   456  0099  28A7               	goto	l1176
   457  009A  3015               	movlw	21
   458  009B  022B               	subwf	_txr_not_received,w
   459  009C  1803               	skipnc
   460  009D  28A7               	goto	l1176
   461                           
   462                           ;WLC3PH_NEW.C: 103: {
   463                           ;WLC3PH_NEW.C: 105: if( lp_flag == 0 )
   464  009E  08F2               	movf	_lp_flag,f
   465  009F  1D03               	skipz
   466  00A0  28AE               	goto	l1184
   467                           
   468                           ;WLC3PH_NEW.C: 106: {
   469                           ;WLC3PH_NEW.C: 107: motor_start();
   470  00A1  21DE               	fcall	_motor_start
   471                           
   472                           ;WLC3PH_NEW.C: 108: lp_flag = 1;
   473  00A2  01F2               	clrf	_lp_flag
   474  00A3  0AF2               	incf	_lp_flag,f
   475                           
   476                           ;WLC3PH_NEW.C: 109: motor_flag = 1;
   477  00A4  01F3               	clrf	_motor_flag
   478  00A5  0AF3               	incf	_motor_flag,f
   479                           
   480                           ;WLC3PH_NEW.C: 110: }
   481                           ;WLC3PH_NEW.C: 111: }
   482  00A6  28AE               	goto	l1184
   483  00A7                     l1176:	
   484                           
   485                           ;WLC3PH_NEW.C: 113: else
   486                           ;WLC3PH_NEW.C: 114: {
   487                           ;WLC3PH_NEW.C: 116: if( lp_flag == 1 )
   488  00A7  0872               	movf	_lp_flag,w
   489  00A8  3A01               	xorlw	1
   490  00A9  1D03               	skipz
   491  00AA  28AE               	goto	l1184
   492                           
   493                           ;WLC3PH_NEW.C: 117: {
   494                           ;WLC3PH_NEW.C: 118: motor_stop();
   495  00AB  21BC               	fcall	_motor_stop
   496                           
   497                           ;WLC3PH_NEW.C: 119: lp_flag = 0;
   498  00AC  01F2               	clrf	_lp_flag
   499                           
   500                           ;WLC3PH_NEW.C: 120: motor_flag = 0;
   501  00AD  01F3               	clrf	_motor_flag
   502  00AE                     l1184:	
   503                           
   504                           ;WLC3PH_NEW.C: 121: }
   505                           ;WLC3PH_NEW.C: 122: }
   506                           ;WLC3PH_NEW.C: 125: if(DRY_RUN_NEEDED == 1 && RB7 == 0 && motor_flag == 1)
   507  00AE  1283               	bcf	3,5	;RP0=0, select bank0
   508  00AF  1303               	bcf	3,6	;RP1=0, select bank0
   509  00B0  082D               	movf	_DRY_RUN_NEEDED,w
   510  00B1  3A01               	xorlw	1
   511  00B2  1903               	btfsc	3,2
   512  00B3  1B86               	btfsc	6,7	;volatile
   513  00B4  28E5               	goto	l1208
   514  00B5  0873               	movf	_motor_flag,w
   515  00B6  3A01               	xorlw	1
   516  00B7  1D03               	skipz
   517  00B8  28E5               	goto	l1208
   518                           
   519                           ;WLC3PH_NEW.C: 126: {
   520                           ;WLC3PH_NEW.C: 127: Dry_Run_Timer++;
   521  00B9  3001               	movlw	1
   522  00BA  00A4               	movwf	??_main
   523  00BB  0824               	movf	??_main,w
   524  00BC  07A7               	addwf	_Dry_Run_Timer,f
   525                           
   526                           ;WLC3PH_NEW.C: 128: if(Dry_Run_Timer > 6)
   527  00BD  3007               	movlw	7
   528  00BE  0227               	subwf	_Dry_Run_Timer,w
   529  00BF  1C03               	skipc
   530  00C0  28E8               	goto	l105
   531                           
   532                           ;WLC3PH_NEW.C: 129: {
   533                           ;WLC3PH_NEW.C: 131: motor_stop();
   534  00C1  21BC               	fcall	_motor_stop
   535                           
   536                           ;WLC3PH_NEW.C: 132: lp_flag = 0;
   537  00C2  01F2               	clrf	_lp_flag
   538                           
   539                           ;WLC3PH_NEW.C: 133: motor_flag = 0;
   540  00C3  01F3               	clrf	_motor_flag
   541  00C4                     l1200:	
   542                           ;WLC3PH_NEW.C: 134: while(1)
   543                           
   544                           
   545                           ;WLC3PH_NEW.C: 135: {
   546                           ;WLC3PH_NEW.C: 137: RB6 = 1;
   547  00C4  1283               	bcf	3,5	;RP0=0, select bank0
   548  00C5  1303               	bcf	3,6	;RP1=0, select bank0
   549  00C6  1706               	bsf	6,6	;volatile
   550                           
   551                           ;WLC3PH_NEW.C: 138: _delay(1000000);
   552  00C7  3006               	movlw	6
   553  00C8  00A6               	movwf	??_main+2
   554  00C9  3013               	movlw	19
   555  00CA  00A5               	movwf	??_main+1
   556  00CB  30B1               	movlw	177
   557  00CC  00A4               	movwf	??_main
   558  00CD                     u1087:	
   559  00CD  0BA4               	decfsz	??_main,f
   560  00CE  28CD               	goto	u1087
   561  00CF  0BA5               	decfsz	??_main+1,f
   562  00D0  28CD               	goto	u1087
   563  00D1  0BA6               	decfsz	??_main+2,f
   564  00D2  28CD               	goto	u1087
   565  00D3  28D4               	nop2
   566                           
   567                           ;WLC3PH_NEW.C: 139: RB6 = 0;
   568  00D4  1283               	bcf	3,5	;RP0=0, select bank0
   569  00D5  1303               	bcf	3,6	;RP1=0, select bank0
   570  00D6  1306               	bcf	6,6	;volatile
   571                           
   572                           ;WLC3PH_NEW.C: 140: _delay(1000000);
   573  00D7  3006               	movlw	6
   574  00D8  00A6               	movwf	??_main+2
   575  00D9  3013               	movlw	19
   576  00DA  00A5               	movwf	??_main+1
   577  00DB  30B1               	movlw	177
   578  00DC  00A4               	movwf	??_main
   579  00DD                     u1097:	
   580  00DD  0BA4               	decfsz	??_main,f
   581  00DE  28DD               	goto	u1097
   582  00DF  0BA5               	decfsz	??_main+1,f
   583  00E0  28DD               	goto	u1097
   584  00E1  0BA6               	decfsz	??_main+2,f
   585  00E2  28DD               	goto	u1097
   586  00E3  28E4               	nop2
   587  00E4  28C4               	goto	l1200
   588  00E5                     l1208:	
   589                           ;WLC3PH_NEW.C: 141: }
   590                           ;WLC3PH_NEW.C: 142: }
   591                           ;WLC3PH_NEW.C: 143: }
   592                           
   593                           
   594                           ;WLC3PH_NEW.C: 144: else
   595                           ;WLC3PH_NEW.C: 145: {
   596                           ;WLC3PH_NEW.C: 146: Dry_Run_Timer = 0;
   597  00E5  1283               	bcf	3,5	;RP0=0, select bank0
   598  00E6  1303               	bcf	3,6	;RP1=0, select bank0
   599  00E7  01A7               	clrf	_Dry_Run_Timer
   600  00E8                     l105:	
   601                           
   602                           ;WLC3PH_NEW.C: 147: }
   603                           ;WLC3PH_NEW.C: 150: for( count = 0; count < 15; count++ )
   604  00E8  01F0               	clrf	_count
   605  00E9                     L2:	
   606  00E9  300F               	movlw	15
   607  00EA  0270               	subwf	_count,w
   608  00EB  1803               	btfsc	3,0
   609  00EC  2861               	goto	l1128
   610                           
   611                           ;WLC3PH_NEW.C: 151: {
   612                           ;WLC3PH_NEW.C: 152: _delay(1000000);
   613  00ED  3006               	movlw	6
   614  00EE  1283               	bcf	3,5	;RP0=0, select bank0
   615  00EF  1303               	bcf	3,6	;RP1=0, select bank0
   616  00F0  00A6               	movwf	??_main+2
   617  00F1  3013               	movlw	19
   618  00F2  00A5               	movwf	??_main+1
   619  00F3  30B1               	movlw	177
   620  00F4  00A4               	movwf	??_main
   621  00F5                     u1107:	
   622  00F5  0BA4               	decfsz	??_main,f
   623  00F6  28F5               	goto	u1107
   624  00F7  0BA5               	decfsz	??_main+1,f
   625  00F8  28F5               	goto	u1107
   626  00F9  0BA6               	decfsz	??_main+2,f
   627  00FA  28F5               	goto	u1107
   628  00FB  28FC               	nop2
   629  00FC  3001               	movlw	1
   630  00FD  1283               	bcf	3,5	;RP0=0, select bank0
   631  00FE  1303               	bcf	3,6	;RP1=0, select bank0
   632  00FF  00A4               	movwf	??_main
   633  0100  0824               	movf	??_main,w
   634  0101  07F0               	addwf	_count,f
   635  0102  28E9               	goto	L2
   636  0103                     __end_of_main:	
   637                           
   638                           	psect	text1
   639  01BC                     __ptext1:	
   640 ;; *************** function _motor_stop *****************
   641 ;; Defined at:
   642 ;;		line 305 in file "E:\Study Material\XC8 PROJECTS\WLC 3PH TRIP\WLC3PH_NEW.C"
   643 ;; Parameters:    Size  Location     Type
   644 ;;		None
   645 ;; Auto vars:     Size  Location     Type
   646 ;;  i               1    3[BANK0 ] unsigned char 
   647 ;; Return value:  Size  Location     Type
   648 ;;		None               void
   649 ;; Registers used:
   650 ;;		wreg, status,2, status,0
   651 ;; Tracked objects:
   652 ;;		On entry : 0/0
   653 ;;		On exit  : 0/0
   654 ;;		Unchanged: 0/0
   655 ;; Data sizes:     COMMON   BANK0   BANK1
   656 ;;      Params:         0       0       0
   657 ;;      Locals:         0       1       0
   658 ;;      Temps:          0       3       0
   659 ;;      Totals:         0       4       0
   660 ;;Total ram usage:        4 bytes
   661 ;; Hardware stack levels used:    1
   662 ;; Hardware stack levels required when called:    1
   663 ;; This function calls:
   664 ;;		Nothing
   665 ;; This function is called by:
   666 ;;		_main
   667 ;; This function uses a non-reentrant model
   668 ;;
   669                           
   670                           
   671                           ;psect for function _motor_stop
   672  01BC                     _motor_stop:	
   673                           
   674                           ;WLC3PH_NEW.C: 307: char i;
   675                           ;WLC3PH_NEW.C: 308: RC4 = 1;
   676                           
   677                           ;incstack = 0
   678                           ; Regs used in _motor_stop: [wreg+status,2+status,0]
   679  01BC  1283               	bcf	3,5	;RP0=0, select bank0
   680  01BD  1303               	bcf	3,6	;RP1=0, select bank0
   681  01BE  1607               	bsf	7,4	;volatile
   682                           
   683                           ;WLC3PH_NEW.C: 310: for( i = 0; i <= 7; i++ )
   684  01BF  01A3               	clrf	motor_stop@i
   685  01C0  3008               	movlw	8
   686  01C1  0223               	subwf	motor_stop@i,w
   687  01C2  1803               	btfsc	3,0
   688  01C3  29DB               	goto	l142
   689  01C4                     l1086:	
   690                           
   691                           ;WLC3PH_NEW.C: 311: {
   692                           ;WLC3PH_NEW.C: 312: _delay(1000000);
   693  01C4  3006               	movlw	6
   694  01C5  00A2               	movwf	??_motor_stop+2
   695  01C6  3013               	movlw	19
   696  01C7  00A1               	movwf	??_motor_stop+1
   697  01C8  30B1               	movlw	177
   698  01C9  00A0               	movwf	??_motor_stop
   699  01CA                     u1117:	
   700  01CA  0BA0               	decfsz	??_motor_stop,f
   701  01CB  29CA               	goto	u1117
   702  01CC  0BA1               	decfsz	??_motor_stop+1,f
   703  01CD  29CA               	goto	u1117
   704  01CE  0BA2               	decfsz	??_motor_stop+2,f
   705  01CF  29CA               	goto	u1117
   706  01D0  29D1               	nop2
   707  01D1  3001               	movlw	1
   708  01D2  1283               	bcf	3,5	;RP0=0, select bank0
   709  01D3  1303               	bcf	3,6	;RP1=0, select bank0
   710  01D4  00A0               	movwf	??_motor_stop
   711  01D5  0820               	movf	??_motor_stop,w
   712  01D6  07A3               	addwf	motor_stop@i,f
   713  01D7  3008               	movlw	8
   714  01D8  0223               	subwf	motor_stop@i,w
   715  01D9  1C03               	skipc
   716  01DA  29C4               	goto	l1086
   717  01DB                     l142:	
   718                           
   719                           ;WLC3PH_NEW.C: 313: }
   720                           ;WLC3PH_NEW.C: 314: RC4 = 0;
   721  01DB  1207               	bcf	7,4	;volatile
   722                           
   723                           ;WLC3PH_NEW.C: 316: RC5 = 0;
   724  01DC  1287               	bcf	7,5	;volatile
   725  01DD  0008               	return
   726  01DE                     __end_of_motor_stop:	
   727                           
   728                           	psect	text2
   729  01DE                     __ptext2:	
   730 ;; *************** function _motor_start *****************
   731 ;; Defined at:
   732 ;;		line 291 in file "E:\Study Material\XC8 PROJECTS\WLC 3PH TRIP\WLC3PH_NEW.C"
   733 ;; Parameters:    Size  Location     Type
   734 ;;		None
   735 ;; Auto vars:     Size  Location     Type
   736 ;;  i               1    3[BANK0 ] unsigned char 
   737 ;; Return value:  Size  Location     Type
   738 ;;		None               void
   739 ;; Registers used:
   740 ;;		wreg, status,2, status,0
   741 ;; Tracked objects:
   742 ;;		On entry : 0/0
   743 ;;		On exit  : 0/0
   744 ;;		Unchanged: 0/0
   745 ;; Data sizes:     COMMON   BANK0   BANK1
   746 ;;      Params:         0       0       0
   747 ;;      Locals:         0       1       0
   748 ;;      Temps:          0       3       0
   749 ;;      Totals:         0       4       0
   750 ;;Total ram usage:        4 bytes
   751 ;; Hardware stack levels used:    1
   752 ;; Hardware stack levels required when called:    1
   753 ;; This function calls:
   754 ;;		Nothing
   755 ;; This function is called by:
   756 ;;		_main
   757 ;; This function uses a non-reentrant model
   758 ;;
   759                           
   760                           
   761                           ;psect for function _motor_start
   762  01DE                     _motor_start:	
   763                           
   764                           ;WLC3PH_NEW.C: 293: char i;
   765                           ;WLC3PH_NEW.C: 294: RC3 = 1;
   766                           
   767                           ;incstack = 0
   768                           ; Regs used in _motor_start: [wreg+status,2+status,0]
   769  01DE  1283               	bcf	3,5	;RP0=0, select bank0
   770  01DF  1303               	bcf	3,6	;RP1=0, select bank0
   771  01E0  1587               	bsf	7,3	;volatile
   772                           
   773                           ;WLC3PH_NEW.C: 296: for( i = 0; i <= 7; i++ )
   774  01E1  01A3               	clrf	motor_start@i
   775  01E2  3008               	movlw	8
   776  01E3  0223               	subwf	motor_start@i,w
   777  01E4  1803               	btfsc	3,0
   778  01E5  29FD               	goto	l137
   779  01E6                     l1072:	
   780                           
   781                           ;WLC3PH_NEW.C: 297: {
   782                           ;WLC3PH_NEW.C: 298: _delay(1000000);
   783  01E6  3006               	movlw	6
   784  01E7  00A2               	movwf	??_motor_start+2
   785  01E8  3013               	movlw	19
   786  01E9  00A1               	movwf	??_motor_start+1
   787  01EA  30B1               	movlw	177
   788  01EB  00A0               	movwf	??_motor_start
   789  01EC                     u1127:	
   790  01EC  0BA0               	decfsz	??_motor_start,f
   791  01ED  29EC               	goto	u1127
   792  01EE  0BA1               	decfsz	??_motor_start+1,f
   793  01EF  29EC               	goto	u1127
   794  01F0  0BA2               	decfsz	??_motor_start+2,f
   795  01F1  29EC               	goto	u1127
   796  01F2  29F3               	nop2
   797  01F3  3001               	movlw	1
   798  01F4  1283               	bcf	3,5	;RP0=0, select bank0
   799  01F5  1303               	bcf	3,6	;RP1=0, select bank0
   800  01F6  00A0               	movwf	??_motor_start
   801  01F7  0820               	movf	??_motor_start,w
   802  01F8  07A3               	addwf	motor_start@i,f
   803  01F9  3008               	movlw	8
   804  01FA  0223               	subwf	motor_start@i,w
   805  01FB  1C03               	skipc
   806  01FC  29E6               	goto	l1072
   807  01FD                     l137:	
   808                           
   809                           ;WLC3PH_NEW.C: 299: }
   810                           ;WLC3PH_NEW.C: 300: RC3 = 0;
   811  01FD  1187               	bcf	7,3	;volatile
   812                           
   813                           ;WLC3PH_NEW.C: 302: RC5 = 1;
   814  01FE  1687               	bsf	7,5	;volatile
   815  01FF  0008               	return
   816  0200                     __end_of_motor_start:	
   817                           
   818                           	psect	text3
   819  0103                     __ptext3:	
   820 ;; *************** function _Tx_Received *****************
   821 ;; Defined at:
   822 ;;		line 158 in file "E:\Study Material\XC8 PROJECTS\WLC 3PH TRIP\WLC3PH_NEW.C"
   823 ;; Parameters:    Size  Location     Type
   824 ;;		None
   825 ;; Auto vars:     Size  Location     Type
   826 ;;		None
   827 ;; Return value:  Size  Location     Type
   828 ;;		None               void
   829 ;; Registers used:
   830 ;;		wreg, status,2
   831 ;; Tracked objects:
   832 ;;		On entry : 0/0
   833 ;;		On exit  : 0/0
   834 ;;		Unchanged: 0/0
   835 ;; Data sizes:     COMMON   BANK0   BANK1
   836 ;;      Params:         0       0       0
   837 ;;      Locals:         0       0       0
   838 ;;      Temps:          5       0       0
   839 ;;      Totals:         5       0       0
   840 ;;Total ram usage:        5 bytes
   841 ;; Hardware stack levels used:    1
   842 ;; This function calls:
   843 ;;		Nothing
   844 ;; This function is called by:
   845 ;;		Interrupt level 1
   846 ;; This function uses a non-reentrant model
   847 ;;
   848                           
   849                           
   850                           ;psect for function _Tx_Received
   851  0103                     _Tx_Received:	
   852                           
   853                           ;WLC3PH_NEW.C: 160: txr_not_received = 0;
   854  0103  01AB               	clrf	_txr_not_received
   855                           
   856                           ;WLC3PH_NEW.C: 163: TRISA = 0x00;
   857  0104  1683               	bsf	3,5	;RP0=1, select bank1
   858  0105  1303               	bcf	3,6	;RP1=0, select bank1
   859  0106  0185               	clrf	5	;volatile
   860                           
   861                           ;WLC3PH_NEW.C: 164: PORTA = 0x00;
   862  0107  1283               	bcf	3,5	;RP0=0, select bank0
   863  0108  1303               	bcf	3,6	;RP1=0, select bank0
   864  0109  0185               	clrf	5	;volatile
   865                           
   866                           ;WLC3PH_NEW.C: 166: TRISA = 0x04;
   867  010A  3004               	movlw	4
   868  010B  1683               	bsf	3,5	;RP0=1, select bank1
   869  010C  1303               	bcf	3,6	;RP1=0, select bank1
   870  010D  0085               	movwf	5	;volatile
   871                           
   872                           ;WLC3PH_NEW.C: 169: if( RA2 == 1 )
   873  010E  1283               	bcf	3,5	;RP0=0, select bank0
   874  010F  1303               	bcf	3,6	;RP1=0, select bank0
   875  0110  1D05               	btfss	5,2	;volatile
   876  0111  2920               	goto	i1l1000
   877                           
   878                           ;WLC3PH_NEW.C: 170: {
   879                           ;WLC3PH_NEW.C: 171: _delay(1000);
   880  0112  30F9               	movlw	249
   881  0113  00F5               	movwf	??_Tx_Received
   882  0114                     u113_27:	
   883  0114  0000               	nop
   884  0115  0BF5               	decfsz	??_Tx_Received,f
   885  0116  2914               	goto	u113_27
   886  0117  2918               	nop2	;nop
   887  0118  0000               	nop
   888                           
   889                           ;WLC3PH_NEW.C: 172: if( RA2 == 1 )
   890  0119  1283               	bcf	3,5	;RP0=0, select bank0
   891  011A  1303               	bcf	3,6	;RP1=0, select bank0
   892  011B  1D05               	btfss	5,2	;volatile
   893  011C  2921               	goto	i1l115
   894                           
   895                           ;WLC3PH_NEW.C: 173: {
   896                           ;WLC3PH_NEW.C: 174: ul = 1;
   897  011D  01AC               	clrf	_ul
   898  011E  0AAC               	incf	_ul,f
   899                           
   900                           ;WLC3PH_NEW.C: 175: }
   901                           ;WLC3PH_NEW.C: 176: }
   902  011F  2921               	goto	i1l115
   903  0120                     i1l1000:	
   904                           
   905                           ;WLC3PH_NEW.C: 177: else
   906                           ;WLC3PH_NEW.C: 178: {
   907                           ;WLC3PH_NEW.C: 179: ul = 0;
   908  0120  01AC               	clrf	_ul
   909  0121                     i1l115:	
   910                           
   911                           ;WLC3PH_NEW.C: 180: }
   912                           ;WLC3PH_NEW.C: 183: TRISA = 0x00;
   913  0121  1683               	bsf	3,5	;RP0=1, select bank1
   914  0122  1303               	bcf	3,6	;RP1=0, select bank1
   915  0123  0185               	clrf	5	;volatile
   916                           
   917                           ;WLC3PH_NEW.C: 184: PORTA = 0x00;
   918  0124  1283               	bcf	3,5	;RP0=0, select bank0
   919  0125  1303               	bcf	3,6	;RP1=0, select bank0
   920  0126  0185               	clrf	5	;volatile
   921                           
   922                           ;WLC3PH_NEW.C: 186: TRISA = 0x02;
   923  0127  3002               	movlw	2
   924  0128  1683               	bsf	3,5	;RP0=1, select bank1
   925  0129  1303               	bcf	3,6	;RP1=0, select bank1
   926  012A  0085               	movwf	5	;volatile
   927                           
   928                           ;WLC3PH_NEW.C: 189: if( RA1 == 1 )
   929  012B  1283               	bcf	3,5	;RP0=0, select bank0
   930  012C  1303               	bcf	3,6	;RP1=0, select bank0
   931  012D  1C85               	btfss	5,1	;volatile
   932  012E  293F               	goto	i1l1012
   933                           
   934                           ;WLC3PH_NEW.C: 190: {
   935                           ;WLC3PH_NEW.C: 191: _delay(1000);
   936  012F  30F9               	movlw	249
   937  0130  00F5               	movwf	??_Tx_Received
   938  0131                     u114_27:	
   939  0131  0000               	nop
   940  0132  0BF5               	decfsz	??_Tx_Received,f
   941  0133  2931               	goto	u114_27
   942  0134  2935               	nop2	;nop
   943  0135  0000               	nop
   944                           
   945                           ;WLC3PH_NEW.C: 192: if( RA1 == 1 )
   946  0136  1283               	bcf	3,5	;RP0=0, select bank0
   947  0137  1303               	bcf	3,6	;RP1=0, select bank0
   948  0138  1C85               	btfss	5,1	;volatile
   949  0139  2940               	goto	i1l1014
   950                           
   951                           ;WLC3PH_NEW.C: 193: {
   952                           ;WLC3PH_NEW.C: 194: uu = 1;
   953  013A  01F4               	clrf	_uu
   954  013B  0AF4               	incf	_uu,f
   955                           
   956                           ;WLC3PH_NEW.C: 195: ul = 1;
   957  013C  01AC               	clrf	_ul
   958  013D  0AAC               	incf	_ul,f
   959                           
   960                           ;WLC3PH_NEW.C: 196: }
   961                           ;WLC3PH_NEW.C: 197: }
   962  013E  2940               	goto	i1l1014
   963  013F                     i1l1012:	
   964                           
   965                           ;WLC3PH_NEW.C: 199: else
   966                           ;WLC3PH_NEW.C: 200: {
   967                           ;WLC3PH_NEW.C: 201: uu = 0;
   968  013F  01F4               	clrf	_uu
   969  0140                     i1l1014:	
   970                           
   971                           ;WLC3PH_NEW.C: 202: }
   972                           ;WLC3PH_NEW.C: 205: if(uu == 1)
   973  0140  0874               	movf	_uu,w
   974  0141  3A01               	xorlw	1
   975  0142  1D03               	skipz
   976  0143  2946               	goto	i1l119
   977                           
   978                           ;WLC3PH_NEW.C: 206: {
   979                           ;WLC3PH_NEW.C: 207: RB1 = 1;
   980  0144  1486               	bsf	6,1	;volatile
   981                           
   982                           ;WLC3PH_NEW.C: 208: }
   983  0145  2947               	goto	i1l1018
   984  0146                     i1l119:	
   985                           
   986                           ;WLC3PH_NEW.C: 209: else
   987                           ;WLC3PH_NEW.C: 210: {
   988                           ;WLC3PH_NEW.C: 211: RB1 = 0;
   989  0146  1086               	bcf	6,1	;volatile
   990  0147                     i1l1018:	
   991                           
   992                           ;WLC3PH_NEW.C: 212: }
   993                           ;WLC3PH_NEW.C: 214: if(ul == 1)
   994  0147  082C               	movf	_ul,w
   995  0148  3A01               	xorlw	1
   996  0149  1D03               	skipz
   997  014A  294D               	goto	i1l121
   998                           
   999                           ;WLC3PH_NEW.C: 215: {
  1000                           ;WLC3PH_NEW.C: 216: RB2 = 1;
  1001  014B  1506               	bsf	6,2	;volatile
  1002                           
  1003                           ;WLC3PH_NEW.C: 217: }
  1004  014C  294E               	goto	i1l1022
  1005  014D                     i1l121:	
  1006                           
  1007                           ;WLC3PH_NEW.C: 218: else
  1008                           ;WLC3PH_NEW.C: 219: {
  1009                           ;WLC3PH_NEW.C: 220: RB2 = 0;
  1010  014D  1106               	bcf	6,2	;volatile
  1011  014E                     i1l1022:	
  1012                           
  1013                           ;WLC3PH_NEW.C: 221: }
  1014                           ;WLC3PH_NEW.C: 224: TRISA = 0x00;
  1015  014E  1683               	bsf	3,5	;RP0=1, select bank1
  1016  014F  1303               	bcf	3,6	;RP1=0, select bank1
  1017  0150  0185               	clrf	5	;volatile
  1018                           
  1019                           ;WLC3PH_NEW.C: 225: PORTA = 0x00;
  1020  0151  1283               	bcf	3,5	;RP0=0, select bank0
  1021  0152  1303               	bcf	3,6	;RP1=0, select bank0
  1022  0153  0185               	clrf	5	;volatile
  1023                           
  1024                           ;WLC3PH_NEW.C: 227: TRISA = 0x20;
  1025  0154  3020               	movlw	32
  1026  0155  1683               	bsf	3,5	;RP0=1, select bank1
  1027  0156  1303               	bcf	3,6	;RP1=0, select bank1
  1028  0157  0085               	movwf	5	;volatile
  1029                           
  1030                           ;WLC3PH_NEW.C: 228: RA3 = 1;
  1031  0158  1283               	bcf	3,5	;RP0=0, select bank0
  1032  0159  1303               	bcf	3,6	;RP1=0, select bank0
  1033  015A  1585               	bsf	5,3	;volatile
  1034                           
  1035                           ;WLC3PH_NEW.C: 229: _delay(1000);
  1036  015B  30F9               	movlw	249
  1037  015C  00F5               	movwf	??_Tx_Received
  1038  015D                     u115_27:	
  1039  015D  0000               	nop
  1040  015E  0BF5               	decfsz	??_Tx_Received,f
  1041  015F  295D               	goto	u115_27
  1042  0160  2961               	nop2	;nop
  1043  0161  0000               	nop
  1044                           
  1045                           ;WLC3PH_NEW.C: 231: if( RA5 == 1 )
  1046  0162  1283               	bcf	3,5	;RP0=0, select bank0
  1047  0163  1303               	bcf	3,6	;RP1=0, select bank0
  1048  0164  1E85               	btfss	5,5	;volatile
  1049  0165  2974               	goto	i1l1038
  1050                           
  1051                           ;WLC3PH_NEW.C: 232: {
  1052                           ;WLC3PH_NEW.C: 233: _delay(1000);
  1053  0166  30F9               	movlw	249
  1054  0167  00F5               	movwf	??_Tx_Received
  1055  0168                     u116_27:	
  1056  0168  0000               	nop
  1057  0169  0BF5               	decfsz	??_Tx_Received,f
  1058  016A  2968               	goto	u116_27
  1059  016B  296C               	nop2	;nop
  1060  016C  0000               	nop
  1061                           
  1062                           ;WLC3PH_NEW.C: 234: if( RA5 == 1 )
  1063  016D  1283               	bcf	3,5	;RP0=0, select bank0
  1064  016E  1303               	bcf	3,6	;RP1=0, select bank0
  1065  016F  1E85               	btfss	5,5	;volatile
  1066  0170  2975               	goto	i1l125
  1067                           
  1068                           ;WLC3PH_NEW.C: 235: {
  1069                           ;WLC3PH_NEW.C: 236: ll = 1;
  1070  0171  01F1               	clrf	_ll
  1071  0172  0AF1               	incf	_ll,f
  1072                           
  1073                           ;WLC3PH_NEW.C: 237: }
  1074                           ;WLC3PH_NEW.C: 238: }
  1075  0173  2975               	goto	i1l125
  1076  0174                     i1l1038:	
  1077                           
  1078                           ;WLC3PH_NEW.C: 239: else
  1079                           ;WLC3PH_NEW.C: 240: {
  1080                           ;WLC3PH_NEW.C: 241: ll = 0;
  1081  0174  01F1               	clrf	_ll
  1082  0175                     i1l125:	
  1083                           
  1084                           ;WLC3PH_NEW.C: 242: }
  1085                           ;WLC3PH_NEW.C: 245: TRISA = 0x00;
  1086  0175  1683               	bsf	3,5	;RP0=1, select bank1
  1087  0176  1303               	bcf	3,6	;RP1=0, select bank1
  1088  0177  0185               	clrf	5	;volatile
  1089                           
  1090                           ;WLC3PH_NEW.C: 246: PORTA = 0x00;
  1091  0178  1283               	bcf	3,5	;RP0=0, select bank0
  1092  0179  1303               	bcf	3,6	;RP1=0, select bank0
  1093  017A  0185               	clrf	5	;volatile
  1094                           
  1095                           ;WLC3PH_NEW.C: 248: TRISA = 0x08;
  1096  017B  3008               	movlw	8
  1097  017C  1683               	bsf	3,5	;RP0=1, select bank1
  1098  017D  1303               	bcf	3,6	;RP1=0, select bank1
  1099  017E  0085               	movwf	5	;volatile
  1100                           
  1101                           ;WLC3PH_NEW.C: 249: RA5 = 1;
  1102  017F  1283               	bcf	3,5	;RP0=0, select bank0
  1103  0180  1303               	bcf	3,6	;RP1=0, select bank0
  1104  0181  1685               	bsf	5,5	;volatile
  1105                           
  1106                           ;WLC3PH_NEW.C: 250: _delay(1000);
  1107  0182  30F9               	movlw	249
  1108  0183  00F5               	movwf	??_Tx_Received
  1109  0184                     u117_27:	
  1110  0184  0000               	nop
  1111  0185  0BF5               	decfsz	??_Tx_Received,f
  1112  0186  2984               	goto	u117_27
  1113  0187  2988               	nop2	;nop
  1114  0188  0000               	nop
  1115                           
  1116                           ;WLC3PH_NEW.C: 252: if( RA3 == 1 )
  1117  0189  1283               	bcf	3,5	;RP0=0, select bank0
  1118  018A  1303               	bcf	3,6	;RP1=0, select bank0
  1119  018B  1D85               	btfss	5,3	;volatile
  1120  018C  299B               	goto	i1l1054
  1121                           
  1122                           ;WLC3PH_NEW.C: 253: {
  1123                           ;WLC3PH_NEW.C: 254: _delay(1000);
  1124  018D  30F9               	movlw	249
  1125  018E  00F5               	movwf	??_Tx_Received
  1126  018F                     u118_27:	
  1127  018F  0000               	nop
  1128  0190  0BF5               	decfsz	??_Tx_Received,f
  1129  0191  298F               	goto	u118_27
  1130  0192  2993               	nop2	;nop
  1131  0193  0000               	nop
  1132                           
  1133                           ;WLC3PH_NEW.C: 255: if( RA3 == 1 )
  1134  0194  1283               	bcf	3,5	;RP0=0, select bank0
  1135  0195  1303               	bcf	3,6	;RP1=0, select bank0
  1136  0196  1D85               	btfss	5,3	;volatile
  1137  0197  299C               	goto	i1l128
  1138                           
  1139                           ;WLC3PH_NEW.C: 256: {
  1140                           ;WLC3PH_NEW.C: 257: lu = 1;
  1141  0198  01A9               	clrf	_lu
  1142  0199  0AA9               	incf	_lu,f
  1143                           
  1144                           ;WLC3PH_NEW.C: 258: }
  1145                           ;WLC3PH_NEW.C: 259: }
  1146  019A  299C               	goto	i1l128
  1147  019B                     i1l1054:	
  1148                           
  1149                           ;WLC3PH_NEW.C: 260: else
  1150                           ;WLC3PH_NEW.C: 261: {
  1151                           ;WLC3PH_NEW.C: 262: lu = 0;
  1152  019B  01A9               	clrf	_lu
  1153  019C                     i1l128:	
  1154                           
  1155                           ;WLC3PH_NEW.C: 263: }
  1156                           ;WLC3PH_NEW.C: 266: TRISA = 0x00;
  1157  019C  1683               	bsf	3,5	;RP0=1, select bank1
  1158  019D  1303               	bcf	3,6	;RP1=0, select bank1
  1159  019E  0185               	clrf	5	;volatile
  1160                           
  1161                           ;WLC3PH_NEW.C: 267: PORTA = 0x00;
  1162  019F  1283               	bcf	3,5	;RP0=0, select bank0
  1163  01A0  1303               	bcf	3,6	;RP1=0, select bank0
  1164  01A1  0185               	clrf	5	;volatile
  1165                           
  1166                           ;WLC3PH_NEW.C: 270: if(lu == 1)
  1167  01A2  0829               	movf	_lu,w
  1168  01A3  3A01               	xorlw	1
  1169  01A4  1D03               	skipz
  1170  01A5  29A8               	goto	i1l129
  1171                           
  1172                           ;WLC3PH_NEW.C: 271: {
  1173                           ;WLC3PH_NEW.C: 272: RB3 = 1;
  1174  01A6  1586               	bsf	6,3	;volatile
  1175                           
  1176                           ;WLC3PH_NEW.C: 273: }
  1177  01A7  29A9               	goto	i1l1060
  1178  01A8                     i1l129:	
  1179                           
  1180                           ;WLC3PH_NEW.C: 274: else
  1181                           ;WLC3PH_NEW.C: 275: {
  1182                           ;WLC3PH_NEW.C: 276: RB3 = 0;
  1183  01A8  1186               	bcf	6,3	;volatile
  1184  01A9                     i1l1060:	
  1185                           
  1186                           ;WLC3PH_NEW.C: 277: }
  1187                           ;WLC3PH_NEW.C: 279: if(ll == 1)
  1188  01A9  0871               	movf	_ll,w
  1189  01AA  3A01               	xorlw	1
  1190  01AB  1D03               	skipz
  1191  01AC  29AF               	goto	i1l131
  1192                           
  1193                           ;WLC3PH_NEW.C: 280: {
  1194                           ;WLC3PH_NEW.C: 281: RB4 = 1;
  1195  01AD  1606               	bsf	6,4	;volatile
  1196                           
  1197                           ;WLC3PH_NEW.C: 282: }
  1198  01AE  29B0               	goto	i1l132
  1199  01AF                     i1l131:	
  1200                           
  1201                           ;WLC3PH_NEW.C: 283: else
  1202                           ;WLC3PH_NEW.C: 284: {
  1203                           ;WLC3PH_NEW.C: 285: RB4 = 0;
  1204  01AF  1206               	bcf	6,4	;volatile
  1205  01B0                     i1l132:	
  1206                           
  1207                           ;WLC3PH_NEW.C: 286: }
  1208                           ;WLC3PH_NEW.C: 288: INTF = 0;
  1209  01B0  108B               	bcf	11,1	;volatile
  1210  01B1  0879               	movf	??_Tx_Received+4,w
  1211  01B2  00FF               	movwf	127
  1212  01B3  0878               	movf	??_Tx_Received+3,w
  1213  01B4  008A               	movwf	10
  1214  01B5  0877               	movf	??_Tx_Received+2,w
  1215  01B6  0084               	movwf	4
  1216  01B7  0E76               	swapf	(??_Tx_Received+1)^(0+-128),w
  1217  01B8  0083               	movwf	3
  1218  01B9  0EFE               	swapf	126,f
  1219  01BA  0E7E               	swapf	126,w
  1220  01BB  0009               	retfie
  1221  01BC                     __end_of_Tx_Received:	
  1222  007E                     btemp	set	126	;btemp
  1223  007E                     wtemp	set	126
  1224  007E                     wtemp0	set	126
  1225  0080                     wtemp1	set	128
  1226  0082                     wtemp2	set	130
  1227  0084                     wtemp3	set	132
  1228  0086                     wtemp4	set	134
  1229  0088                     wtemp5	set	136
  1230  007F                     wtemp6	set	127
  1231  007E                     ttemp	set	126
  1232  007E                     ttemp0	set	126
  1233  0081                     ttemp1	set	129
  1234  0084                     ttemp2	set	132
  1235  0087                     ttemp3	set	135
  1236  007F                     ttemp4	set	127
  1237  007E                     ltemp	set	126
  1238  007E                     ltemp0	set	126
  1239  0082                     ltemp1	set	130
  1240  0086                     ltemp2	set	134
  1241  0080                     ltemp3	set	128
  1242                           
  1243                           	psect	intentry
  1244  0004                     __pintentry:	
  1245                           ;incstack = 0
  1246                           ; Regs used in _Tx_Received: [wreg+status,2]
  1247                           
  1248  0004                     interrupt_function:	
  1249  007E                     saved_w	set	btemp
  1250  0004  00FE               	movwf	btemp
  1251  0005  0E03               	swapf	3,w
  1252  0006  00F6               	movwf	??_Tx_Received+1
  1253  0007  0804               	movf	4,w
  1254  0008  00F7               	movwf	??_Tx_Received+2
  1255  0009  080A               	movf	10,w
  1256  000A  00F8               	movwf	??_Tx_Received+3
  1257  000B  1283               	bcf	3,5	;RP0=0, select bank0
  1258  000C  1303               	bcf	3,6	;RP1=0, select bank0
  1259  000D  087F               	movf	btemp+1,w
  1260  000E  00F9               	movwf	??_Tx_Received+4
  1261  000F  2903               	ljmp	_Tx_Received


Data Sizes:
    Strings     0
    Constant    0
    Data        1
    BSS         11
    Persistent  0
    Stack       0

Auto Spaces:
    Space          Size  Autos    Used
    COMMON           14      5      10
    BANK0            80      7      14
    BANK1            32      0       0

Pointer List with Targets:

    None.

Critical Paths under _main in COMMON

    None.

Critical Paths under _Tx_Received in COMMON

    None.

Critical Paths under _main in BANK0

    _main->_motor_start
    _main->_motor_stop

Critical Paths under _Tx_Received in BANK0

    None.

Critical Paths under _main in BANK1

    None.

Critical Paths under _Tx_Received in BANK1

    None.

Call Graph Tables:

 ---------------------------------------------------------------------------------
 (Depth) Function   	        Calls       Base Space   Used Autos Params    Refs
 ---------------------------------------------------------------------------------
 (0) _main                                                 3     3      0     136
                                              4 BANK0      3     3      0
                        _motor_start
                         _motor_stop
 ---------------------------------------------------------------------------------
 (1) _motor_stop                                           4     4      0      68
                                              0 BANK0      4     4      0
 ---------------------------------------------------------------------------------
 (1) _motor_start                                          4     4      0      68
                                              0 BANK0      4     4      0
 ---------------------------------------------------------------------------------
 Estimated maximum stack depth 1
 ---------------------------------------------------------------------------------
 (Depth) Function   	        Calls       Base Space   Used Autos Params    Refs
 ---------------------------------------------------------------------------------
 (2) _Tx_Received                                          5     5      0       0
                                              0 COMMON     5     5      0
 ---------------------------------------------------------------------------------
 Estimated maximum stack depth 2
 ---------------------------------------------------------------------------------

 Call Graph Graphs:

 _main (ROOT)
   _motor_start
   _motor_stop

 _Tx_Received (ROOT)

 Address spaces:
Name               Size   Autos  Total    Cost      Usage
SFR3                 0      0       0       4        0.0%
BITSFR3              0      0       0       4        0.0%
SFR2                 0      0       0       5        0.0%
BITSFR2              0      0       0       5        0.0%
BANK1               20      0       0       7        0.0%
BITBANK1            20      0       0       6        0.0%
SFR1                 0      0       0       2        0.0%
BITSFR1              0      0       0       2        0.0%
BANK0               50      7       E       5       17.5%
BITBANK0            50      0       0       4        0.0%
SFR0                 0      0       0       1        0.0%
BITSFR0              0      0       0       1        0.0%
COMMON               E      5       A       1       71.4%
BITCOMMON            E      0       0       0        0.0%
CODE                 0      0       0       0        0.0%
DATA                 0      0      18       8        0.0%
ABS                  0      0      18       3        0.0%
NULL                 0      0       0       0        0.0%
STACK                0      0       0       2        0.0%
EEDATA              40      0       0       0        0.0%


Microchip Technology PIC Macro Assembler V1.33 build 59893 
Symbol Table                                                                                   Tue Jul 21 19:38:50 2015

                     _ll 0071                       _lu 0029                       _ul 002C  
                     _uu 0074                      l105 00E8                      l142 01DB  
                    l137 01FD                      _RA1 0029                      _RA2 002A  
                    _RB1 0031                      _RA3 002B                      _RC0 0038  
                    _RB2 0032                      _RC1 0039                      _RB3 0033  
                    _RA5 002D                      _RC2 003A                      _RB4 0034  
                    _RC3 003B                      _RC4 003C                      _RB6 0036  
                    _RC5 003D                      _RB7 0037                      fsr0 0004  
                   l1200 00C4                     l1140 0073                     l1116 0037  
                   l1150 0086                     l1126 0060                     l1072 01E6  
                   l1208 00E5                     l1160 0091                     l1152 0089  
                   l1128 0061                     l1162 0092                     l1148 0083  
                   l1086 01C4                     l1184 00AE                     l1176 00A7  
                   u1107 00F5                     u1117 01CA                     u1127 01EC  
                   u1067 003F                     u1077 004F                     u1087 00CD  
                   u1097 00DD                     _INTF 0059                     _main 0020  
                   btemp 007E                     ltemp 007E                     start 0010  
                   ttemp 007E                     wtemp 007E                    ?_main 0075  
                  i1l121 014D                    i1l131 01AF                    i1l115 0121  
                  i1l132 01B0                    i1l125 0175                    i1l119 0146  
                  i1l128 019C                    i1l129 01A8                    _PORTA 0005  
                  _PORTB 0006                    _PORTC 0007                    _TRISA 0085  
                  _TRISB 0086                    _TRISC 0087                    _count 0070  
                  pclath 000A                    ltemp0 007E                    ltemp1 0082  
                  ltemp2 0086                    ltemp3 0080                    ttemp0 007E  
                  ttemp1 0081                    ttemp2 0084                    ttemp3 0087  
                  ttemp4 007F                    status 0003                    wtemp0 007E  
                  wtemp1 0080                    wtemp2 0082                    wtemp3 0084  
                  wtemp4 0086                    wtemp5 0088                    wtemp6 007F  
        __initialization 0011             __end_of_main 0103                   ??_main 0024  
                 _ADCON1 009F                   i1l1000 0120                   i1l1012 013F  
                 i1l1022 014E                   i1l1014 0140                   i1l1018 0147  
                 i1l1060 01A9                   i1l1054 019B                   i1l1038 0174  
                 u113_27 0114                   u114_27 0131                   u115_27 015D  
                 u116_27 0168                   u117_27 0184                   u118_27 018F  
                 _INTCON 000B             ?_motor_start 0075                   saved_w 007E  
          ??_Tx_Received 0075  __end_of__initialization 001E           __pcstackCOMMON 0075  
           __pidataBANK0 0200               __pbssBANK0 0027      __end_of_Tx_Received 01BC  
             __pmaintext 0020               __pintentry 0004                  __ptext1 01BC  
                __ptext2 01DE                  __ptext3 0103                  _lp_flag 0072  
   __size_of_motor_start 0022     end_of_initialization 001E              _Tx_Received 0103  
             _motor_flag 0073               _motor_stop 01BC              motor_stop@i 0023  
         _DRY_RUN_NEEDED 002D      start_initialization 0011         _txr_not_received 002B  
            __pdataBANK0 002D              ?_motor_stop 0075              __pbssCOMMON 0070  
              ___latbits 0000            __pcstackBANK0 0020             ?_Tx_Received 0075  
    __size_of_motor_stop 0022        interrupt_function 0004            ??_motor_start 0020  
            _level_check 0028      __end_of_motor_start 0200            __size_of_main 00E3  
           ??_motor_stop 0020                 intlevel1 0000     __size_of_Tx_Received 00B9  
     __end_of_motor_stop 01DE               _OPTION_REG 0081              _motor_start 01DE  
           motor_start@i 0023            _Dry_Run_Timer 0027              _power_check 002A  
