

Microchip Technology PIC LITE Macro Assembler V1.32 build 58300 
                                                                                               Fri May 22 17:37:33 2015

Microchip Technology Omniscient Code Generator (Lite mode) build 58300
     1                           	processor	16F870
     2                           	opt	pw 120
     3                           	opt	lm
     4                           	psect	text0,local,class=CODE,merge=1,delta=2
     5                           	psect	cinit,global,class=CODE,merge=1,delta=2
     6                           	psect	cstackCOMMON,global,class=COMMON,space=1,delta=1
     7                           	psect	maintext,global,class=CODE,split=1,delta=2
     8                           	psect	text1,local,class=CODE,merge=1,delta=2
     9                           	dabs	1,0x7E,2
    10  0000                     	;# 
    11  0001                     	;# 
    12  0002                     	;# 
    13  0003                     	;# 
    14  0004                     	;# 
    15  0005                     	;# 
    16  0006                     	;# 
    17  0007                     	;# 
    18  000A                     	;# 
    19  000B                     	;# 
    20  000C                     	;# 
    21  000D                     	;# 
    22  000E                     	;# 
    23  000E                     	;# 
    24  000F                     	;# 
    25  0010                     	;# 
    26  0011                     	;# 
    27  0012                     	;# 
    28  0015                     	;# 
    29  0015                     	;# 
    30  0016                     	;# 
    31  0017                     	;# 
    32  0018                     	;# 
    33  0019                     	;# 
    34  001A                     	;# 
    35  001E                     	;# 
    36  001F                     	;# 
    37  0081                     	;# 
    38  0085                     	;# 
    39  0086                     	;# 
    40  0087                     	;# 
    41  008C                     	;# 
    42  008D                     	;# 
    43  008E                     	;# 
    44  0092                     	;# 
    45  0098                     	;# 
    46  0099                     	;# 
    47  009E                     	;# 
    48  009F                     	;# 
    49  010C                     	;# 
    50  010D                     	;# 
    51  010E                     	;# 
    52  010F                     	;# 
    53  018C                     	;# 
    54  018D                     	;# 
    55  0006                     _PORTB	set	6
    56  009F                     _ADCON1	set	159
    57  0086                     _TRISB	set	134
    58                           
    59                           	psect	text0
    60  0000                     __ptext0:	
    61                           ; #config settings
    62                           
    63                           
    64                           	psect	cinit
    65  07FE                     start_initialization:	
    66                           ;psect for function _Wait
    67                           
    68  07FE                     __initialization:	
    69  07FE                     end_of_initialization:	
    70                           ;End of C runtime variable initialization code
    71                           
    72  07FE                     __end_of__initialization:	
    73  07FE  0183               	clrf	3
    74  07FF  2FF0               	ljmp	_main	;jump to C main() function
    75                           
    76                           	psect	cstackCOMMON
    77  0070                     __pcstackCOMMON:	
    78  0070                     ?_Wait:	
    79  0070                     ??_Wait:	
    80                           ; 0 bytes @ 0x0
    81                           
    82  0070                     ?_main:	
    83                           ; 0 bytes @ 0x0
    84                           
    85                           
    86                           ; 0 bytes @ 0x0
    87  0070                     	ds	1
    88  0071                     Wait@i:	
    89                           
    90                           ; 1 bytes @ 0x1
    91  0071                     	ds	1
    92  0072                     ??_main:	
    93                           
    94                           	psect	maintext
    95  07F0                     __pmaintext:	
    96                           ; 0 bytes @ 0x2
    97 ;;
    98 ;;Main: autosize = 0, tempsize = 0, incstack = 0, save=0
    99 ;;
   100 ;; *************** function _main *****************
   101 ;; Defined at:
   102 ;;		line 10 in file "E:\Study Material\XC8 PROJECTS\18F\test.c"
   103 ;; Parameters:    Size  Location     Type
   104 ;;		None
   105 ;; Auto vars:     Size  Location     Type
   106 ;;		None
   107 ;; Return value:  Size  Location     Type
   108 ;;		None               void
   109 ;; Registers used:
   110 ;;		wreg, status,2, status,0, pclath, cstack
   111 ;; Tracked objects:
   112 ;;		On entry : 17F/0
   113 ;;		On exit  : 0/0
   114 ;;		Unchanged: 0/0
   115 ;; Data sizes:     COMMON   BANK0   BANK1
   116 ;;      Params:         0       0       0
   117 ;;      Locals:         0       0       0
   118 ;;      Temps:          0       0       0
   119 ;;      Totals:         0       0       0
   120 ;;Total ram usage:        0 bytes
   121 ;; Hardware stack levels required when called:    1
   122 ;; This function calls:
   123 ;;		_Wait
   124 ;; This function is called by:
   125 ;;		Startup code after reset
   126 ;; This function uses a non-reentrant model
   127 ;;
   128                           
   129                           
   130                           ;psect for function _main
   131  07F0                     _main:	
   132                           
   133                           ;test.c: 16: TRISB = 0x00;
   134                           
   135                           ;incstack = 0
   136                           ; Regs used in _main: [wreg+status,2+status,0+pclath+cstack]
   137  07F0  1683               	bsf	3,5	;RP0=1, select bank1
   138  07F1  1303               	bcf	3,6	;RP1=0, select bank1
   139  07F2  0186               	clrf	6	;volatile
   140                           
   141                           ;test.c: 17: ADCON1 = 0x06;
   142  07F3  3006               	movlw	6
   143  07F4  009F               	movwf	31	;volatile
   144  07F5                     l484:	
   145                           ;test.c: 19: while(1)
   146                           
   147                           
   148                           ;test.c: 20: {
   149                           ;test.c: 22: PORTB = 0x00;
   150  07F5  1283               	bcf	3,5	;RP0=0, select bank0
   151  07F6  1303               	bcf	3,6	;RP1=0, select bank0
   152  07F7  0186               	clrf	6	;volatile
   153                           
   154                           ;test.c: 23: PORTB = 0xFF;
   155  07F8  30FF               	movlw	255
   156  07F9  0086               	movwf	6	;volatile
   157  07FA  0063               	sleep	;# 
   158                           
   159                           ;test.c: 28: Wait();
   160  07FB  27E3               	fcall	_Wait
   161                           
   162                           ;test.c: 32: Wait();
   163  07FC  27E3               	fcall	_Wait
   164  07FD  2FF5               	goto	l484
   165  07FE                     __end_of_main:	
   166                           
   167                           	psect	text1
   168  07E3                     __ptext1:	
   169 ;; *************** function _Wait *****************
   170 ;; Defined at:
   171 ;;		line 3 in file "E:\Study Material\XC8 PROJECTS\18F\test.c"
   172 ;; Parameters:    Size  Location     Type
   173 ;;		None
   174 ;; Auto vars:     Size  Location     Type
   175 ;;  i               1    1[COMMON] unsigned char 
   176 ;; Return value:  Size  Location     Type
   177 ;;		None               void
   178 ;; Registers used:
   179 ;;		wreg, status,2, status,0
   180 ;; Tracked objects:
   181 ;;		On entry : 0/0
   182 ;;		On exit  : 0/0
   183 ;;		Unchanged: 0/0
   184 ;; Data sizes:     COMMON   BANK0   BANK1
   185 ;;      Params:         0       0       0
   186 ;;      Locals:         1       0       0
   187 ;;      Temps:          1       0       0
   188 ;;      Totals:         2       0       0
   189 ;;Total ram usage:        2 bytes
   190 ;; Hardware stack levels used:    1
   191 ;; This function calls:
   192 ;;		Nothing
   193 ;; This function is called by:
   194 ;;		_main
   195 ;; This function uses a non-reentrant model
   196 ;;
   197                           
   198                           
   199                           ;psect for function _Wait
   200  07E3                     _Wait:	
   201                           
   202                           ;test.c: 5: unsigned char i;
   203                           ;test.c: 6: for(i=0;i<100;i++)
   204                           
   205                           ;incstack = 0
   206                           ; Regs used in _Wait: [wreg+status,2+status,0]
   207  07E3  01F1               	clrf	Wait@i
   208  07E4                     L1:	
   209  07E4  3064               	movlw	100
   210  07E5  0271               	subwf	Wait@i,w
   211  07E6  1803               	btfsc	3,0
   212  07E7  0008               	return
   213                           
   214                           ;test.c: 7: _delay(6);
   215  07E8  2FE9               	nop2	;2 cycle nop
   216  07E9  2FEA               	nop2	;2 cycle nop
   217  07EA  2FEB               	nop2	;2 cycle nop
   218  07EB  3001               	movlw	1
   219  07EC  00F0               	movwf	??_Wait
   220  07ED  0870               	movf	??_Wait,w
   221  07EE  07F1               	addwf	Wait@i,f
   222  07EF  2FE4               	goto	L1
   223  07F0                     __end_of_Wait:	
   224  007E                     btemp	set	126	;btemp
   225  007E                     wtemp	set	126
   226  007E                     wtemp0	set	126
   227  0080                     wtemp1	set	128
   228  0082                     wtemp2	set	130
   229  0084                     wtemp3	set	132
   230  0086                     wtemp4	set	134
   231  0088                     wtemp5	set	136
   232  007F                     wtemp6	set	127
   233  007E                     ttemp	set	126
   234  007E                     ttemp0	set	126
   235  0081                     ttemp1	set	129
   236  0084                     ttemp2	set	132
   237  0087                     ttemp3	set	135
   238  007F                     ttemp4	set	127
   239  007E                     ltemp	set	126
   240  007E                     ltemp0	set	126
   241  0082                     ltemp1	set	130
   242  0086                     ltemp2	set	134
   243  0080                     ltemp3	set	128


Data Sizes:
    Strings     0
    Constant    0
    Data        0
    BSS         0
    Persistent  0
    Stack       0

Auto Spaces:
    Space          Size  Autos    Used
    COMMON           14      2       2
    BANK0            80      0       0
    BANK1            32      0       0

Pointer List with Targets:

    None.

Critical Paths under _main in COMMON

    _main->_Wait

Critical Paths under _main in BANK0

    None.

Critical Paths under _main in BANK1

    None.

Call Graph Tables:

 ---------------------------------------------------------------------------------
 (Depth) Function   	        Calls       Base Space   Used Autos Params    Refs
 ---------------------------------------------------------------------------------
 (0) _main                                                 0     0      0      30
                               _Wait
 ---------------------------------------------------------------------------------
 (1) _Wait                                                 2     2      0      30
                                              0 COMMON     2     2      0
 ---------------------------------------------------------------------------------
 Estimated maximum stack depth 1
 ---------------------------------------------------------------------------------

 Call Graph Graphs:

 _main (ROOT)
   _Wait

 Address spaces:
Name               Size   Autos  Total    Cost      Usage
BITCOMMON            E      0       0       0        0.0%
EEDATA              40      0       0       0        0.0%
NULL                 0      0       0       0        0.0%
CODE                 0      0       0       0        0.0%
COMMON               E      2       2       1       14.3%
BITSFR0              0      0       0       1        0.0%
SFR0                 0      0       0       1        0.0%
BITSFR1              0      0       0       2        0.0%
SFR1                 0      0       0       2        0.0%
STACK                0      0       0       2        0.0%
ABS                  0      0       0       3        0.0%
BITBANK0            50      0       0       4        0.0%
BITSFR3              0      0       0       4        0.0%
SFR3                 0      0       0       4        0.0%
BANK0               50      0       0       5        0.0%
BITSFR2              0      0       0       5        0.0%
SFR2                 0      0       0       5        0.0%
BITBANK1            20      0       0       6        0.0%
BANK1               20      0       0       7        0.0%
DATA                 0      0       0       8        0.0%


Microchip Technology PIC Macro Assembler V1.32 build 58300 
Symbol Table                                                                                   Fri May 22 17:37:33 2015

                    l484 07F5                     _Wait 07E3                     _main 07F0  
                   btemp 007E                     ltemp 007E                     start 0000  
                   ttemp 007E                     wtemp 007E                    ?_Wait 0070  
                  ?_main 0070                    _PORTB 0006                    _TRISB 0086  
                  Wait@i 0071                    ltemp0 007E                    ltemp1 0082  
                  ltemp2 0086                    ltemp3 0080                    ttemp0 007E  
                  ttemp1 0081                    ttemp2 0084                    ttemp3 0087  
                  ttemp4 007F                    status 0003                    wtemp0 007E  
                  wtemp1 0080                    wtemp2 0082                    wtemp3 0084  
                  wtemp4 0086                    wtemp5 0088                    wtemp6 007F  
        __initialization 07FE             __end_of_Wait 07F0             __end_of_main 07FE  
                 ??_Wait 0070                   ??_main 0072                   _ADCON1 009F  
__end_of__initialization 07FE           __pcstackCOMMON 0070               __pmaintext 07F0  
                __ptext0 0000                  __ptext1 07E3     end_of_initialization 07FE  
    start_initialization 07FE                ___latbits 0000            __size_of_Wait 000D  
          __size_of_main 000E  
